{"meta": {"format": 2, "version": "7.4.4", "timestamp": "2025-10-30T10:08:36.920776", "branch_coverage": true, "show_contexts": false}, "files": {"config/__init__.py": {"executed_lines": [], "summary": {"covered_lines": 0, "num_statements": 0, "percent_covered": 100.0, "percent_covered_display": "100.00", "missing_lines": 0, "excluded_lines": 0, "num_branches": 0, "num_partial_branches": 0, "covered_branches": 0, "missing_branches": 0}, "missing_lines": [], "excluded_lines": [], "executed_branches": [], "missing_branches": []}, "config/credentials_template.py": {"executed_lines": [], "summary": {"covered_lines": 0, "num_statements": 7, "percent_covered": 0.0, "percent_covered_display": "0.00", "missing_lines": 7, "excluded_lines": 0, "num_branches": 0, "num_partial_branches": 0, "covered_branches": 0, "missing_branches": 0}, "missing_lines": [10, 14, 17, 23, 24, 25, 26], "excluded_lines": [], "executed_branches": [], "missing_branches": []}, "config/environment.py": {"executed_lines": [2, 8, 9, 10, 11, 12, 14, 16, 19, 20, 21, 22, 23, 24, 26, 27, 39, 40, 48, 49, 51, 57, 58, 60, 62, 69, 72, 75, 78, 81, 83, 85, 92, 95, 96, 104, 105, 110, 116, 118, 124, 130, 131, 132, 138, 147, 149, 150, 151, 152, 155, 156, 157, 158, 160, 164, 176, 205, 206, 207, 208, 210, 211, 213, 214, 215, 216, 220, 230, 232, 234, 237, 239, 245, 251, 253, 254, 255, 256, 257, 279, 288, 299, 301, 304, 312, 320, 328, 349, 378], "summary": {"covered_lines": 88, "num_statements": 148, "percent_covered": 52.38095238095238, "percent_covered_display": "52.38", "missing_lines": 60, "excluded_lines": 0, "num_branches": 62, "num_partial_branches": 12, "covered_branches": 22, "missing_branches": 40}, "missing_lines": [41, 42, 97, 98, 99, 100, 101, 102, 106, 107, 108, 133, 134, 136, 162, 217, 218, 231, 233, 235, 247, 248, 249, 259, 261, 262, 263, 265, 267, 268, 269, 270, 271, 274, 275, 276, 277, 290, 291, 293, 294, 296, 297, 302, 310, 318, 326, 334, 361, 363, 364, 365, 367, 368, 372, 373, 374, 375, 384, 385], "excluded_lines": [], "executed_branches": [[27, -19], [27, 26], [95, 96], [130, 131], [150, 151], [156, 157], [156, 160], [157, 156], [157, 158], [205, -164], [205, 206], [207, 205], [207, 208], [211, 213], [230, 232], [232, 234], [234, 237], [245, 251], [251, 253], [288, 299], [299, 301], [301, -279]], "missing_branches": [[42, -42], [42, -26], [95, 97], [97, 98], [97, 99], [99, 100], [99, 101], [101, 102], [101, 104], [130, 136], [150, 162], [211, 205], [230, 231], [232, 233], [234, 235], [245, 247], [251, 259], [259, 261], [259, 265], [265, -239], [265, 267], [274, 275], [274, 276], [276, -239], [276, 277], [288, 290], [290, 291], [290, 293], [293, 294], [293, 296], [296, -279], [296, 297], [299, -279], [301, 302], [364, 365], [364, 367], [372, 373], [372, 374], [374, -349], [374, 375]]}, "config/environments/env_testing.py": {"executed_lines": [2, 10, 11, 14, 15, 16, 19, 20, 21, 24, 25, 28, 29, 32, 33, 34, 37, 38, 39, 42, 43, 46, 49, 50], "summary": {"covered_lines": 24, "num_statements": 24, "percent_covered": 100.0, "percent_covered_display": "100.00", "missing_lines": 0, "excluded_lines": 0, "num_branches": 0, "num_partial_branches": 0, "covered_branches": 0, "missing_branches": 0}, "missing_lines": [], "excluded_lines": [], "executed_branches": [], "missing_branches": []}, "config/event_config.py": {"executed_lines": [2, 9, 10, 13, 21, 31, 46, 60, 71, 79, 88, 99, 118, 126, 140], "summary": {"covered_lines": 15, "num_statements": 24, "percent_covered": 53.57142857142857, "percent_covered_display": "53.57", "missing_lines": 9, "excluded_lines": 0, "num_branches": 4, "num_partial_branches": 0, "covered_branches": 0, "missing_branches": 4}, "missing_lines": [106, 120, 121, 122, 142, 145, 146, 147, 149], "excluded_lines": [], "executed_branches": [], "missing_branches": [[145, 146], [145, 149], [146, 145], [146, 147]]}, "config/hardware_config.py": {"executed_lines": [1, 8, 9, 10, 11, 13, 16, 17, 18, 20, 21, 22, 23, 24, 25, 26, 29, 30, 32, 33, 47, 62, 63, 64, 66, 67, 68, 73, 74, 77, 78, 80, 81, 97, 110, 111, 112, 114, 116, 123, 130, 137, 145, 148, 149, 151, 152, 185, 198, 211, 212, 213, 215, 216, 217, 218, 220, 221, 230, 240, 241, 242, 245, 246, 247, 250, 251, 252, 253, 255, 256, 276, 277, 312, 324, 347, 348, 381, 384], "summary": {"covered_lines": 73, "num_statements": 99, "percent_covered": 78.10218978102189, "percent_covered_display": "78.10", "missing_lines": 26, "excluded_lines": 0, "num_branches": 38, "num_partial_branches": 0, "covered_branches": 34, "missing_branches": 4}, "missing_lines": [35, 49, 83, 99, 154, 187, 200, 223, 232, 266, 287, 295, 305, 314, 334, 336, 338, 339, 340, 342, 343, 345, 355, 357, 365, 371], "excluded_lines": [], "executed_branches": [[16, 17], [16, 18], [33, 32], [33, 47], [62, 63], [62, 64], [68, -68], [68, 68], [68, 73], [81, 80], [81, 97], [110, 111], [110, 112], [116, -116], [116, 116], [116, 123], [123, -123], [123, 123], [123, 130], [130, -130], [130, 130], [130, 137], [137, -137], [137, 137], [137, 145], [152, 151], [152, 185], [211, 212], [211, 213], [221, 220], [221, 230], [240, 241], [240, 242], [256, 255], [256, 276], [277, 276], [277, 312], [348, -240], [348, 347]], "missing_branches": [[336, 338], [336, 340], [340, 342], [340, 345]]}, "config/hot_reload.py": {"executed_lines": [2, 8, 9, 10, 11, 12, 13, 15, 16, 19, 20, 21, 22, 24, 25, 27, 30, 31, 33, 38, 53, 65, 66, 68, 81, 82, 83, 86, 87, 90, 91, 92, 95, 96, 99, 100, 101, 104, 106, 108, 109, 110, 111, 112, 117, 158, 172, 181, 182, 183, 186, 189, 192, 193, 194, 195, 196, 199, 200, 201, 204, 211, 217, 219, 221, 222, 223, 224, 227, 230, 231, 233, 238, 252, 263, 264, 266, 276, 284, 290, 304, 310, 311, 312, 313, 317, 323, 325, 327, 334, 335, 339, 355, 365, 368, 369, 371, 373, 374, 376, 378, 380, 394, 402, 403, 405, 411, 414, 415, 418, 420, 425, 430], "summary": {"covered_lines": 111, "num_statements": 198, "percent_covered": 53.61216730038023, "percent_covered_display": "53.61", "missing_lines": 87, "excluded_lines": 0, "num_branches": 65, "num_partial_branches": 8, "covered_branches": 30, "missing_branches": 35}, "missing_lines": [17, 18, 34, 35, 36, 40, 41, 44, 45, 50, 51, 55, 56, 58, 62, 113, 114, 115, 123, 124, 125, 127, 128, 129, 131, 132, 133, 136, 137, 138, 139, 140, 141, 146, 147, 149, 150, 151, 152, 154, 155, 156, 160, 161, 163, 164, 165, 166, 167, 168, 169, 170, 205, 206, 207, 208, 240, 242, 243, 244, 245, 247, 248, 249, 250, 272, 273, 274, 282, 314, 315, 336, 337, 353, 366, 370, 375, 404, 406, 416, 422, 423, 427, 443, 444, 446, 448], "excluded_lines": [], "executed_branches": [[181, -172], [181, 182], [193, 194], [193, 199], [199, 200], [200, 201], [200, 204], [204, 211], [230, 231], [230, 233], [310, -304], [310, 311], [365, 368], [368, 369], [368, 373], [369, 371], [371, -371], [371, -355], [371, 371], [373, 374], [373, 378], [374, 376], [376, -376], [376, -355], [376, 376], [402, 403], [402, 414], [403, 405], [405, 411], [414, 415], [414, 418], [415, 414]], "missing_branches": [[40, 41], [40, 44], [45, -45], [45, -38], [45, 50], [55, 56], [55, 58], [123, 124], [123, 127], [127, 128], [127, 131], [137, 138], [137, 149], [138, 137], [138, 139], [140, 137], [140, 141], [160, 161], [160, 163], [164, 165], [164, 167], [199, 204], [204, 205], [206, 207], [206, 211], [272, -266], [272, 273], [365, 366], [369, 370], [374, 375], [403, 404], [405, 406], [415, 416], [443, 444], [443, 446]]}, "config/logging_config.py": {"executed_lines": [], "summary": {"covered_lines": 0, "num_statements": 25, "percent_covered": 0.0, "percent_covered_display": "0.00", "missing_lines": 25, "excluded_lines": 0, "num_branches": 8, "num_partial_branches": 0, "covered_branches": 0, "missing_branches": 8}, "missing_lines": [1, 2, 3, 5, 12, 13, 16, 17, 20, 21, 22, 25, 27, 28, 29, 30, 33, 34, 35, 36, 37, 40, 41, 42, 43], "excluded_lines": [], "executed_branches": [], "missing_branches": [[16, 17], [16, 20], [25, 27], [25, 33], [33, 34], [33, 40], [40, -5], [40, 41]]}, "config/migration/__init__.py": {"executed_lines": [], "summary": {"covered_lines": 0, "num_statements": 4, "percent_covered": 0.0, "percent_covered_display": "0.00", "missing_lines": 4, "excluded_lines": 0, "num_branches": 0, "num_partial_branches": 0, "covered_branches": 0, "missing_branches": 0}, "missing_lines": [2, 6, 7, 9], "excluded_lines": [], "executed_branches": [], "missing_branches": []}, "config/migration/legacy_mapping.py": {"executed_lines": [], "summary": {"covered_lines": 0, "num_statements": 25, "percent_covered": 0.0, "percent_covered_display": "0.00", "missing_lines": 25, "excluded_lines": 0, "num_branches": 16, "num_partial_branches": 0, "covered_branches": 0, "missing_branches": 16}, "missing_lines": [2, 8, 11, 15, 25, 49, 50, 60, 63, 64, 66, 67, 70, 71, 72, 73, 76, 78, 80, 81, 91, 93, 94, 95, 97], "excluded_lines": [], "executed_branches": [], "missing_branches": [[50, 49], [50, 80], [63, 64], [63, 78], [64, 63], [64, 66], [70, 71], [70, 76], [71, 72], [71, 73], [81, -11], [81, 80], [93, 94], [93, 97], [94, 93], [94, 95]]}, "config/migration/migration_config.py": {"executed_lines": [], "summary": {"covered_lines": 0, "num_statements": 19, "percent_covered": 0.0, "percent_covered_display": "0.00", "missing_lines": 19, "excluded_lines": 0, "num_branches": 4, "num_partial_branches": 0, "covered_branches": 0, "missing_branches": 4}, "missing_lines": [2, 8, 9, 12, 13, 17, 18, 19, 22, 23, 26, 27, 30, 31, 33, 35, 47, 48, 50], "excluded_lines": [], "executed_branches": [], "missing_branches": [[12, 13], [12, 14], [48, -12], [48, 47]]}, "config/motion_config.py": {"executed_lines": [2, 9, 10, 11, 12, 13, 16, 17, 19, 22, 23, 24, 27, 30, 31, 32, 35, 36, 37, 38, 41, 42, 43, 44, 47, 48, 51, 52, 55, 56, 57, 59, 60, 91, 120, 144, 147, 164, 170, 178, 186, 195, 202, 203, 204, 207, 236], "summary": {"covered_lines": 46, "num_statements": 106, "percent_covered": 34.64052287581699, "percent_covered_display": "34.64", "missing_lines": 60, "excluded_lines": 0, "num_branches": 47, "num_partial_branches": 3, "covered_branches": 7, "missing_branches": 40}, "missing_lines": [71, 74, 75, 77, 78, 79, 80, 81, 82, 84, 87, 89, 94, 95, 98, 99, 102, 103, 106, 107, 110, 111, 114, 115, 116, 117, 118, 122, 149, 152, 155, 158, 161, 166, 167, 172, 173, 176, 180, 181, 182, 183, 184, 188, 189, 190, 191, 192, 214, 217, 218, 220, 221, 223, 224, 226, 227, 229, 230, 232], "excluded_lines": [], "executed_branches": [[22, 23], [22, 24], [60, 59], [60, 91], [147, 164], [164, 170], [170, -144]], "missing_branches": [[74, 75], [74, 87], [75, 74], [75, 77], [77, 78], [77, 79], [79, 80], [79, 81], [81, 82], [81, 84], [94, 95], [94, 98], [98, 99], [98, 102], [102, 103], [102, 106], [106, 107], [106, 110], [110, 111], [110, 114], [114, -91], [114, 115], [115, 116], [115, 117], [117, -117], [117, -91], [117, 118], [147, 149], [164, 166], [170, 172], [217, 218], [217, 220], [220, 221], [220, 223], [223, 224], [223, 226], [226, 227], [226, 229], [229, 230], [229, 232]]}, "config/orchestrator_config.py": {"executed_lines": [], "summary": {"covered_lines": 0, "num_statements": 56, "percent_covered": 0.0, "percent_covered_display": "0.00", "missing_lines": 56, "excluded_lines": 0, "num_branches": 20, "num_partial_branches": 0, "covered_branches": 0, "missing_branches": 20}, "missing_lines": [2, 9, 10, 11, 12, 14, 17, 18, 22, 23, 26, 27, 28, 31, 32, 33, 36, 37, 38, 39, 42, 44, 47, 48, 49, 50, 51, 52, 53, 54, 55, 56, 57, 58, 61, 62, 64, 65, 66, 69, 70, 73, 76, 78, 81, 82, 85, 86, 88, 89, 92, 93, 95, 96, 98, 100], "excluded_lines": [], "executed_branches": [], "missing_branches": [[17, 18], [17, 19], [62, 64], [62, 73], [64, 65], [64, 69], [65, 64], [65, 66], [69, 70], [69, 73], [81, 82], [81, 85], [85, 86], [85, 88], [88, 89], [88, 92], [92, 93], [92, 95], [95, -78], [95, 96]]}, "config/pipeline_config.py": {"executed_lines": [2, 9, 10, 11, 12, 13, 16, 17, 19, 22, 23, 24, 25, 26, 27, 28, 29, 30, 31, 32, 33, 36, 37, 38, 41, 42, 45, 46, 47, 48, 49, 50, 51, 52, 53, 56, 57, 58, 61, 62, 63, 64, 65, 66, 67, 68, 69, 70, 71, 72, 73, 74, 75, 76, 77, 78, 81, 82, 83, 84, 85, 86, 87, 88, 91, 92, 93, 94, 95, 96, 99, 100, 101, 102, 105, 106, 109, 110, 113, 114, 115, 116, 117, 118, 119, 122, 123, 124, 125, 126, 127, 128, 131, 132, 133, 134, 135, 136, 139, 146, 147, 150, 151, 152, 153, 156, 157, 160, 161, 162, 163, 164, 165, 166, 167, 170, 171, 172, 175, 176, 179, 180, 183, 184, 185, 186, 187, 188, 191, 192, 193, 196, 197, 198, 199, 202, 203, 204, 206, 207, 208, 209, 212, 213, 216, 217, 218, 221, 222, 225, 226, 229, 236, 244, 250, 257, 258, 259, 261, 262, 263, 266, 267, 268, 271, 272, 275, 276, 277, 278, 279, 280, 283, 284, 285, 288, 289, 290, 291, 294, 295, 297, 300, 303, 306, 307, 310, 313, 315, 317, 318, 319, 320, 321, 322, 323, 324, 325, 327, 330, 347, 360, 368, 370, 371, 372, 373, 374, 375, 377, 380, 384, 388, 395, 401, 405, 408, 410, 414, 416, 420, 421, 422, 423, 425, 427, 439, 453, 480, 501, 514], "summary": {"covered_lines": 221, "num_statements": 302, "percent_covered": 69.3298969072165, "percent_covered_display": "69.33", "missing_lines": 81, "excluded_lines": 0, "num_branches": 86, "num_partial_branches": 14, "covered_branches": 48, "missing_branches": 38}, "missing_lines": [332, 333, 336, 337, 340, 341, 344, 349, 350, 353, 354, 357, 362, 363, 364, 365, 366, 381, 385, 389, 390, 391, 392, 396, 397, 398, 402, 403, 409, 411, 415, 417, 441, 444, 445, 446, 447, 448, 449, 451, 456, 457, 458, 459, 460, 461, 463, 464, 467, 468, 469, 470, 471, 472, 476, 477, 482, 483, 485, 486, 487, 489, 490, 491, 492, 493, 494, 496, 498, 503, 506, 507, 508, 509, 511, 516, 519, 520, 521, 522, 524], "excluded_lines": [], "executed_branches": [[22, 23], [22, 24], [45, 46], [45, 47], [81, 82], [81, 83], [113, 114], [113, 115], [139, -139], [139, 139], [139, 146], [160, 161], [160, 162], [183, 184], [183, 185], [202, 203], [202, 204], [229, -229], [229, 229], [229, 236], [236, -236], [236, 236], [236, 244], [244, -244], [244, 244], [244, 250], [250, -250], [250, -202], [250, 250], [257, 258], [257, 259], [275, 276], [275, 277], [306, 307], [306, 310], [330, 347], [347, 360], [360, -327], [370, -368], [370, 371], [371, 372], [373, 370], [373, 374], [374, 375], [380, 384], [384, 388], [388, 395], [395, 401], [401, -377], [408, 410], [410, 414], [414, 416], [416, 420]], "missing_branches": [[330, 332], [347, 349], [360, 362], [371, 370], [374, 373], [380, 381], [384, 385], [388, 389], [395, 396], [401, 402], [408, 409], [410, 411], [414, 415], [416, 417], [444, 445], [444, 446], [446, 447], [446, 448], [448, 449], [448, 451], [456, 457], [456, 459], [459, 460], [459, 463], [467, 468], [467, 470], [470, 471], [470, 476], [476, -453], [476, 477], [486, 487], [486, 489], [489, 490], [489, 498], [490, 491], [490, 492], [492, 493], [492, 496]]}, "config/production/__init__.py": {"executed_lines": [], "summary": {"covered_lines": 0, "num_statements": 3, "percent_covered": 0.0, "percent_covered_display": "0.00", "missing_lines": 3, "excluded_lines": 0, "num_branches": 0, "num_partial_branches": 0, "covered_branches": 0, "missing_branches": 0}, "missing_lines": [7, 8, 10], "excluded_lines": [], "executed_branches": [], "missing_branches": []}, "config/production/monitoring_config.py": {"executed_lines": [], "summary": {"covered_lines": 0, "num_statements": 30, "percent_covered": 0.0, "percent_covered_display": "0.00", "missing_lines": 30, "excluded_lines": 0, "num_branches": 8, "num_partial_branches": 0, "covered_branches": 0, "missing_branches": 8}, "missing_lines": [2, 8, 9, 12, 15, 18, 19, 20, 23, 31, 39, 46, 59, 66, 68, 69, 70, 72, 73, 74, 75, 76, 78, 80, 82, 95, 98, 106, 107, 108], "excluded_lines": [], "executed_branches": [], "missing_branches": [[69, 70], [69, 72], [73, 74], [73, 78], [74, 73], [74, 75], [106, 107], [106, 108]]}, "config/production/production_settings.py": {"executed_lines": [], "summary": {"covered_lines": 0, "num_statements": 53, "percent_covered": 0.0, "percent_covered_display": "0.00", "missing_lines": 53, "excluded_lines": 0, "num_branches": 8, "num_partial_branches": 0, "covered_branches": 0, "missing_branches": 8}, "missing_lines": [2, 8, 9, 10, 13, 16, 19, 20, 23, 24, 27, 28, 29, 30, 33, 34, 37, 38, 39, 42, 43, 44, 47, 48, 49, 52, 53, 54, 55, 58, 59, 60, 63, 64, 65, 66, 67, 70, 71, 72, 74, 76, 82, 90, 91, 93, 94, 96, 100, 103, 111, 112, 113], "excluded_lines": [], "executed_branches": [], "missing_branches": [[33, 34], [33, 37], [90, 91], [90, 93], [93, 94], [93, 96], [111, 112], [111, 113]]}, "config/settings.py": {"executed_lines": [1, 5, 6, 9, 10, 12], "summary": {"covered_lines": 4, "num_statements": 37, "percent_covered": 10.256410256410257, "percent_covered_display": "10.26", "missing_lines": 33, "excluded_lines": 0, "num_branches": 2, "num_partial_branches": 0, "covered_branches": 0, "missing_branches": 2}, "missing_lines": [14, 15, 16, 17, 18, 19, 20, 23, 25, 28, 29, 32, 33, 38, 41, 42, 43, 44, 45, 48, 49, 50, 51, 54, 55, 58, 59, 60, 63, 64, 67, 68, 69], "excluded_lines": [], "executed_branches": [], "missing_branches": [[23, 25], [23, 28]]}, "config/storage_config.py": {"executed_lines": [], "summary": {"covered_lines": 0, "num_statements": 21, "percent_covered": 0.0, "percent_covered_display": "0.00", "missing_lines": 21, "excluded_lines": 0, "num_branches": 4, "num_partial_branches": 0, "covered_branches": 0, "missing_branches": 4}, "missing_lines": [2, 9, 10, 11, 14, 15, 18, 19, 23, 121, 122, 141, 142, 160, 167, 170, 180, 181, 184, 191, 195], "excluded_lines": [], "executed_branches": [], "missing_branches": [[121, 122], [121, 141], [141, 142], [141, 160]]}, "config/validation.py": {"executed_lines": [2, 8, 9, 10, 11, 12, 14, 15, 16, 21, 24, 25, 26, 27, 28, 29, 30, 32, 34, 35, 36, 37, 40, 41, 42, 43, 44, 45, 47, 48, 50, 52, 53, 55, 57, 59, 60, 61, 63, 65, 66, 67, 68, 70, 71, 72, 73, 75, 78, 79, 81, 87, 88, 91, 92, 95, 97, 106, 107, 110, 111, 112, 115, 116, 117, 120, 121, 122, 125, 126, 129, 130, 132, 138, 140, 141, 143, 147, 148, 149, 150, 151, 152, 158, 164, 189, 198, 200, 203, 205, 208, 209, 210, 211, 212, 221, 223, 232, 233, 234, 235, 236, 237, 239, 241, 250, 251, 252, 253, 254, 255, 257, 258, 261, 273, 274, 277, 278, 279, 280, 282, 283, 290, 299, 301, 313, 314, 317, 318, 320, 321, 329, 330, 331, 338, 340, 352, 355, 356, 358, 359, 367, 368, 369, 370, 371, 379, 380, 382, 383, 390, 392, 404, 407, 408, 410, 415, 416, 424, 425, 427, 428, 435, 437, 451, 452, 455, 456, 463, 470, 479], "summary": {"covered_lines": 168, "num_statements": 184, "percent_covered": 90.22556390977444, "percent_covered_display": "90.23", "missing_lines": 16, "excluded_lines": 0, "num_branches": 82, "num_partial_branches": 10, "covered_branches": 72, "missing_branches": 10}, "missing_lines": [17, 18, 19, 144, 145, 153, 154, 155, 156, 201, 218, 219, 256, 259, 296, 297], "excluded_lines": [], "executed_branches": [[24, 25], [24, 26], [35, 36], [35, 37], [40, 41], [40, 42], [48, 47], [48, 52], [53, 52], [53, 57], [60, 61], [60, 63], [65, 66], [65, 70], [67, 68], [67, 70], [70, 71], [70, 75], [72, 73], [72, 75], [91, 92], [91, 95], [110, 111], [143, 147], [147, -138], [147, 148], [149, 150], [149, 152], [164, -164], [164, -158], [164, 164], [200, 203], [209, 210], [211, 212], [212, -212], [212, 212], [212, 221], [232, 233], [232, 234], [234, 235], [234, 236], [236, 237], [236, 239], [250, 251], [251, 252], [251, 253], [253, 254], [253, 255], [255, 257], [257, 258], [277, 278], [277, 299], [279, 277], [279, 280], [280, 282], [282, 283], [282, 290], [320, 321], [320, 329], [330, 331], [330, 338], [358, 359], [358, 367], [368, 369], [368, 379], [370, 371], [382, 383], [382, 390], [415, 416], [415, 424], [427, 428], [427, 435], [455, 456], [455, 463]], "missing_branches": [[110, 115], [143, 144], [200, 201], [209, 221], [211, 218], [250, 259], [255, 256], [257, 259], [280, 277], [370, 379]]}, "src/__init__.py": {"executed_lines": [], "summary": {"covered_lines": 0, "num_statements": 0, "percent_covered": 100.0, "percent_covered_display": "100.00", "missing_lines": 0, "excluded_lines": 0, "num_branches": 0, "num_partial_branches": 0, "covered_branches": 0, "missing_branches": 0}, "missing_lines": [], "excluded_lines": [], "executed_branches": [], "missing_branches": []}, "src/camera_handler.py": {"executed_lines": [1, 8, 9, 10, 11, 12, 13, 14, 17, 18, 19, 20, 25, 26, 28, 29, 31, 32, 33, 37, 40, 41, 48, 71, 165, 176, 207, 255, 285, 303, 319, 340, 377, 405, 414, 415, 417, 421, 457, 475, 476, 478, 482, 492, 503], "summary": {"covered_lines": 41, "num_statements": 313, "percent_covered": 10.594315245478036, "percent_covered_display": "10.59", "missing_lines": 272, "excluded_lines": 0, "num_branches": 74, "num_partial_branches": 0, "covered_branches": 0, "missing_branches": 74}, "missing_lines": [21, 22, 23, 27, 34, 35, 49, 50, 52, 53, 54, 57, 58, 59, 61, 62, 63, 64, 65, 66, 67, 69, 73, 74, 77, 78, 79, 80, 81, 82, 83, 84, 85, 86, 88, 89, 90, 93, 94, 95, 96, 98, 100, 101, 102, 103, 105, 107, 108, 109, 110, 112, 114, 115, 116, 118, 120, 121, 122, 123, 124, 125, 126, 128, 129, 131, 132, 133, 134, 135, 136, 140, 141, 142, 143, 145, 148, 149, 150, 152, 153, 154, 155, 157, 158, 160, 161, 162, 167, 168, 170, 171, 172, 173, 174, 178, 179, 182, 185, 188, 189, 190, 191, 192, 194, 195, 198, 199, 201, 203, 204, 205, 209, 211, 212, 213, 214, 216, 217, 218, 219, 220, 222, 223, 226, 227, 230, 231, 232, 233, 236, 237, 238, 239, 240, 241, 243, 244, 246, 247, 248, 250, 251, 252, 253, 257, 258, 259, 262, 263, 264, 265, 266, 267, 270, 271, 272, 273, 274, 275, 276, 278, 279, 281, 282, 283, 287, 289, 292, 294, 297, 299, 300, 301, 305, 306, 307, 308, 309, 312, 313, 315, 316, 317, 321, 323, 324, 326, 329, 330, 333, 334, 336, 337, 338, 343, 344, 345, 346, 354, 355, 358, 365, 366, 367, 372, 373, 375, 379, 381, 382, 383, 384, 385, 386, 387, 390, 391, 392, 393, 394, 395, 397, 398, 399, 401, 402, 407, 408, 409, 410, 411, 419, 423, 424, 425, 428, 431, 432, 433, 434, 437, 440, 443, 444, 445, 448, 449, 452, 453, 455, 460, 461, 464, 466, 467, 469, 470, 472, 479, 480, 485, 488, 489, 490, 494, 495, 498, 499, 501, 505, 506], "excluded_lines": [], "executed_branches": [], "missing_branches": [[58, 59], [58, 69], [77, 78], [77, 93], [80, 81], [80, 88], [98, 100], [98, 105], [105, 107], [105, 118], [107, 108], [107, 112], [118, 120], [118, 140], [122, 123], [122, 131], [124, 125], [124, 128], [149, 150], [149, 153], [153, 154], [153, 157], [189, 190], [189, 191], [191, 192], [191, 194], [194, 195], [194, 198], [211, 212], [211, 246], [216, 217], [216, 222], [230, 231], [230, 232], [232, 233], [232, 236], [237, 238], [237, 243], [257, 258], [257, 262], [262, 263], [262, 270], [271, 272], [271, 273], [273, 274], [273, 275], [275, 276], [275, 278], [292, 294], [292, 297], [307, 308], [307, 312], [323, 324], [323, 326], [329, 330], [329, 333], [343, 344], [343, 358], [365, 366], [365, 375], [381, 382], [381, 390], [390, -377], [390, 391], [391, 392], [391, 394], [394, 395], [394, 397], [431, 432], [431, 437], [464, 466], [464, 472], [494, 495], [494, 498]]}, "src/communication/__init__.py": {"executed_lines": [2, 8, 18, 28], "summary": {"covered_lines": 4, "num_statements": 4, "percent_covered": 100.0, "percent_covered_display": "100.00", "missing_lines": 0, "excluded_lines": 0, "num_branches": 0, "num_partial_branches": 0, "covered_branches": 0, "missing_branches": 0}, "missing_lines": [], "excluded_lines": [], "executed_branches": [], "missing_branches": []}, "src/communication/error_handling.py": {"executed_lines": [2, 9, 10, 11, 12, 13, 14, 15, 16, 17, 18, 19, 21, 24, 25, 26, 27, 28, 29, 32, 33, 34, 35, 36, 37, 38, 39, 40, 41, 44, 45, 46, 47, 48, 49, 50, 51, 52, 53, 54, 55, 56, 57, 58, 60, 78, 79, 81, 98, 134, 143, 148, 154, 155, 157, 164, 165, 173, 174, 181, 220, 238, 275, 307, 325, 343, 348, 349, 351, 359, 360, 362, 363, 364, 366, 367, 369, 371, 404, 418, 430, 462, 491, 492, 494, 501, 502, 504, 505, 507, 535, 544, 549], "summary": {"covered_lines": 86, "num_statements": 284, "percent_covered": 24.184782608695652, "percent_covered_display": "24.18", "missing_lines": 198, "excluded_lines": 0, "num_branches": 84, "num_partial_branches": 1, "covered_branches": 3, "missing_branches": 81}, "missing_lines": [62, 89, 90, 92, 93, 94, 96, 113, 114, 115, 116, 117, 119, 121, 122, 124, 125, 126, 128, 130, 131, 132, 136, 137, 139, 140, 141, 145, 146, 150, 151, 192, 193, 194, 195, 196, 199, 200, 202, 204, 205, 207, 208, 210, 212, 214, 215, 216, 217, 218, 222, 223, 224, 225, 228, 229, 230, 232, 234, 235, 236, 240, 241, 242, 244, 245, 248, 249, 251, 253, 254, 257, 260, 263, 264, 265, 266, 267, 269, 271, 272, 273, 277, 278, 279, 280, 282, 283, 284, 287, 288, 290, 291, 292, 295, 296, 297, 298, 299, 301, 303, 304, 305, 309, 311, 312, 313, 314, 315, 316, 317, 319, 321, 322, 323, 327, 329, 330, 332, 334, 335, 337, 339, 340, 341, 345, 373, 374, 376, 379, 380, 383, 386, 389, 391, 392, 393, 394, 395, 396, 398, 400, 402, 406, 408, 409, 412, 413, 415, 416, 420, 421, 422, 423, 425, 427, 428, 432, 434, 435, 436, 437, 439, 441, 456, 457, 459, 460, 464, 465, 466, 469, 470, 472, 473, 475, 476, 477, 479, 481, 515, 516, 517, 525, 528, 530, 532, 533, 537, 538, 539, 540, 541, 542, 546, 547, 551, 552], "excluded_lines": [], "executed_branches": [[44, 45], [44, 46], [173, 174]], "missing_branches": [[113, -98], [113, 114], [114, 115], [114, 121], [115, 116], [115, 119], [124, 125], [124, 128], [139, -134], [139, 140], [150, -148], [150, 151], [173, -173], [194, 195], [194, 199], [207, 208], [207, 210], [224, 225], [224, 228], [229, 230], [229, 232], [244, 245], [244, 248], [251, 253], [251, 263], [264, 265], [264, 269], [279, 280], [279, 282], [283, 284], [283, 287], [287, 288], [287, 295], [290, 291], [290, 295], [295, 296], [295, 301], [296, 297], [296, 301], [312, 313], [312, 319], [314, 315], [314, 319], [332, 334], [332, 337], [334, 335], [334, 337], [373, -371], [373, 374], [391, 392], [391, 393], [393, 394], [393, 395], [395, 396], [395, 398], [408, 409], [408, 412], [412, -404], [412, 413], [435, 436], [435, 441], [436, 437], [436, 439], [456, -430], [456, 457], [464, -462], [464, 465], [465, 466], [465, 469], [475, 476], [475, 479], [479, -479], [479, 481], [515, -507], [515, 516], [539, -535], [539, 540], [546, -544], [546, 547], [551, -549], [551, 552]]}, "src/communication/events.py": {"executed_lines": [2, 9, 10, 11, 12, 13, 15, 16, 17, 23, 24, 26, 27, 30, 31, 32, 35, 36, 39, 40, 41, 44, 45, 46, 47, 50, 51, 52, 55, 56, 59, 60, 61, 62, 63, 66, 67, 70, 71, 72, 73, 76, 77, 78, 79, 80, 81, 84, 85, 86, 87, 88, 89, 90, 93, 94, 95, 96, 97, 98, 99, 100, 102, 103, 106, 107, 110, 111, 114, 115, 118, 119, 122, 123, 127, 128, 129, 130, 131, 132, 133, 134, 136, 138, 153, 159, 162, 163, 164, 165, 166, 167, 168, 169, 170, 172, 174, 184, 185, 186, 187, 188, 189, 190, 191, 192, 193, 194, 196, 209, 210, 224, 225, 226, 227, 228, 230, 231, 233, 239, 240, 241, 242, 243, 244, 245, 246, 248, 249, 256, 257, 261, 262, 272, 273, 274, 275, 276, 277, 279, 280, 287, 288, 289, 290, 291, 292, 293, 294, 295, 296, 297, 299, 313, 314, 315, 316, 317, 318, 319, 320, 322, 334, 353, 364, 365, 366, 367, 368, 369, 370, 372, 373, 374, 378, 387, 388, 389, 390, 391, 392, 393, 394, 396, 398, 399, 400, 403, 404, 405, 406, 408, 410, 420, 421, 422, 423, 424, 425, 426, 427, 428, 430, 441, 442, 443, 444, 445, 446, 447, 449, 458, 459, 461, 467, 487, 491, 497, 508, 509, 511, 519, 536, 538, 545, 547, 548, 551, 560], "summary": {"covered_lines": 211, "num_statements": 288, "percent_covered": 71.84210526315789, "percent_covered_display": "71.84", "missing_lines": 77, "excluded_lines": 1, "num_branches": 92, "num_partial_branches": 4, "covered_branches": 62, "missing_branches": 30}, "missing_lines": [18, 19, 20, 104, 108, 112, 116, 120, 124, 154, 155, 157, 198, 212, 232, 259, 264, 265, 266, 268, 269, 301, 324, 326, 327, 328, 329, 331, 332, 336, 337, 340, 341, 342, 344, 346, 347, 348, 349, 351, 355, 356, 359, 360, 361, 376, 431, 450, 462, 463, 464, 465, 477, 478, 479, 480, 481, 482, 483, 484, 485, 493, 494, 495, 499, 515, 516, 517, 522, 523, 526, 527, 530, 531, 533, 549, 564], "excluded_lines": [489], "executed_branches": [[93, 94], [93, 95], [103, 102], [103, 106], [107, 106], [107, 110], [111, 110], [111, 114], [115, 114], [115, 118], [119, 118], [119, 122], [123, -93], [123, 122], [127, 128], [127, 129], [153, 159], [162, 163], [162, 164], [184, 185], [184, 186], [188, -188], [188, 189], [210, -184], [210, 209], [224, 225], [224, 226], [231, 233], [239, 240], [239, 241], [242, -242], [242, 243], [257, 256], [257, 261], [262, -239], [262, 261], [272, 273], [272, 274], [287, 288], [287, 289], [313, 314], [313, 315], [364, 365], [364, 366], [373, 374], [387, 388], [387, 389], [398, -398], [398, 398], [398, 399], [399, -399], [399, 399], [399, 400], [400, -400], [400, 400], [400, 403], [403, 404], [403, 405], [405, 406], [405, 408], [420, 421], [420, 422], [441, 442], [441, 443], [548, 551]], "missing_branches": [[153, 154], [154, 155], [154, 157], [231, 232], [264, 265], [264, 269], [265, 266], [265, 268], [326, 327], [326, 331], [331, -322], [331, 332], [336, 337], [336, 340], [346, 347], [346, 348], [348, 349], [348, 351], [355, 356], [355, 359], [359, -353], [359, 360], [373, 376], [522, 523], [522, 526], [526, 527], [526, 530], [530, 531], [530, 533], [548, 549]]}, "src/communication/message_bus.py": {"executed_lines": [2, 9, 10, 11, 12, 13, 14, 15, 16, 17, 18, 20, 29, 32, 33, 34, 35, 36, 37, 40, 41, 42, 43, 44, 45, 46, 47, 48, 49, 51, 52, 53, 56, 57, 58, 59, 60, 61, 62, 63, 66, 67, 74, 84, 85, 88, 89, 92, 93, 96, 97, 100, 111, 114, 117, 118, 119, 120, 121, 127, 129, 131, 135, 138, 143, 145, 147, 149, 152, 153, 156, 157, 162, 163, 166, 168, 170, 185, 189, 190, 198, 199, 202, 203, 205, 206, 224, 238, 239, 246, 247, 248, 251, 253, 257, 259, 260, 262, 263, 269, 304, 306, 308, 309, 311, 312, 317, 318, 321, 324, 332, 334, 336, 338, 340, 342, 343, 348, 349, 350, 351, 353, 358, 359, 361, 368, 370, 371, 373, 374, 398, 401, 402, 404, 472, 507, 549, 575, 603, 618, 636, 655, 671, 684, 695, 744, 757, 762, 769, 780, 781, 783, 789, 832, 833, 836, 846], "summary": {"covered_lines": 152, "num_statements": 356, "percent_covered": 38.82113821138211, "percent_covered_display": "38.82", "missing_lines": 204, "excluded_lines": 0, "num_branches": 136, "num_partial_branches": 10, "covered_branches": 39, "missing_branches": 97}, "missing_lines": [123, 124, 125, 132, 133, 150, 158, 159, 186, 187, 208, 209, 210, 211, 214, 215, 217, 218, 219, 220, 221, 222, 254, 255, 265, 266, 267, 280, 281, 282, 283, 285, 286, 291, 292, 293, 294, 295, 296, 298, 300, 301, 302, 313, 314, 326, 327, 328, 329, 330, 354, 355, 363, 364, 365, 366, 376, 377, 378, 379, 382, 383, 394, 395, 396, 414, 415, 417, 419, 439, 442, 443, 446, 455, 457, 458, 459, 460, 462, 465, 466, 468, 470, 480, 481, 483, 484, 500, 502, 504, 505, 515, 516, 518, 519, 537, 540, 543, 544, 546, 547, 559, 560, 562, 563, 564, 565, 566, 567, 568, 569, 570, 571, 573, 586, 589, 590, 593, 594, 597, 598, 601, 616, 625, 627, 628, 633, 634, 646, 647, 648, 649, 650, 651, 652, 653, 667, 668, 669, 682, 693, 702, 703, 705, 706, 707, 708, 709, 711, 729, 730, 731, 733, 734, 736, 738, 739, 740, 741, 742, 746, 747, 750, 751, 755, 759, 760, 764, 765, 766, 767, 775, 784, 785, 786, 787, 791, 792, 793, 796, 797, 799, 800, 801, 804, 806, 808, 814, 816, 819, 820, 822, 826, 827, 828, 840, 841, 842, 843, 858, 859, 860, 862, 863], "excluded_lines": [], "executed_branches": [[40, 41], [40, 42], [52, 53], [56, 57], [56, 58], [118, 119], [131, 135], [149, 152], [162, 163], [185, 189], [202, 203], [202, 205], [246, 247], [246, 262], [247, 248], [247, 251], [253, 257], [259, 246], [259, 260], [308, 309], [317, 318], [317, 321], [340, 342], [340, 353], [342, 343], [342, 348], [343, -343], [343, 343], [343, 348], [348, 340], [348, 349], [349, 348], [349, 350], [350, 349], [350, 351], [353, 358], [358, 359], [358, 361], [373, -368], [373, 374]], "missing_branches": [[52, -51], [118, 123], [131, 132], [149, 150], [162, 166], [185, 186], [208, 209], [208, 218], [210, 211], [210, 214], [214, 215], [214, 217], [220, 221], [220, 222], [246, -224], [253, 254], [281, -269], [281, 282], [281, 298], [282, 283], [282, 285], [292, 281], [292, 293], [293, 294], [293, 295], [308, 332], [328, 329], [328, 330], [353, 354], [365, -334], [365, 366], [378, 379], [378, 382], [382, 383], [382, 394], [394, -368], [394, 395], [414, 415], [414, 417], [442, 443], [442, 446], [457, 458], [457, 462], [458, 459], [458, 460], [465, -404], [465, 466], [480, 481], [480, 483], [515, 516], [515, 518], [543, -507], [543, 544], [562, 563], [562, 564], [564, 565], [564, 566], [566, 567], [566, 568], [568, 569], [568, 570], [570, 571], [570, 573], [589, 590], [589, 593], [593, 594], [593, 597], [597, 598], [597, 601], [703, 705], [703, 711], [711, -711], [711, 729], [729, 730], [729, 736], [733, 734], [733, 736], [746, 747], [746, 750], [751, -751], [751, 755], [759, -757], [759, 760], [764, -762], [764, 765], [765, 766], [765, 767], [819, 820], [819, 822], [840, -836], [840, 841], [841, 842], [841, 843], [858, -846], [858, 859], [859, 860], [859, 862]]}, "src/communication/queues.py": {"executed_lines": [2, 9, 10, 11, 12, 13, 14, 15, 16, 18, 21, 22, 23, 24, 25, 26, 29, 30, 31, 32, 33, 34, 37, 38, 39, 40, 41, 42, 43, 44, 45, 48, 49, 52, 53, 56, 57, 58, 59, 60, 61, 62, 63, 64, 65, 66, 67, 68, 71, 72, 76, 77, 78, 81, 82, 85, 91, 92, 95, 96, 98, 101, 103, 104, 105, 107, 109, 110, 112, 114, 125, 126, 128, 129, 131, 132, 136, 137, 144, 145, 148, 150, 153, 154, 157, 158, 160, 163, 165, 173, 174, 175, 177, 187, 188, 190, 191, 192, 193, 196, 203, 204, 207, 208, 211, 213, 216, 224, 259, 261, 262, 263, 265, 267, 269, 271, 275, 277, 278, 280, 281, 282, 285, 287, 289, 290, 292, 293, 295, 296, 297, 300, 302, 303, 305, 306, 307, 308, 313, 314, 315, 319, 320, 331, 333, 334, 337, 341, 342, 344, 364, 366, 367, 369, 371, 372, 374, 376, 377, 379, 382, 383, 389, 390, 391, 392, 395, 396, 397, 399, 401, 403, 404, 408, 409, 410, 412, 413, 415, 420, 437, 439, 443, 444, 449, 451, 453, 455, 456, 458, 459, 462, 463, 464, 465, 467, 469, 471, 473, 474, 475, 476, 484, 486, 487, 507, 532, 540, 553], "summary": {"covered_lines": 203, "num_statements": 305, "percent_covered": 63.30935251798561, "percent_covered_display": "63.31", "missing_lines": 102, "excluded_lines": 0, "num_branches": 112, "num_partial_branches": 13, "covered_branches": 61, "missing_branches": 51}, "missing_lines": [106, 133, 134, 135, 138, 139, 140, 141, 146, 166, 168, 170, 171, 172, 194, 198, 199, 200, 218, 219, 220, 221, 222, 236, 237, 239, 240, 242, 244, 245, 247, 248, 250, 251, 252, 254, 256, 257, 273, 309, 310, 316, 317, 323, 324, 325, 326, 328, 329, 338, 346, 348, 351, 352, 354, 355, 357, 358, 360, 362, 405, 406, 417, 418, 422, 423, 424, 427, 428, 431, 432, 434, 435, 440, 441, 478, 479, 480, 482, 488, 491, 492, 493, 497, 498, 499, 500, 503, 509, 510, 516, 517, 518, 530, 534, 535, 542, 549, 550, 555, 562, 563], "excluded_lines": [], "executed_branches": [[37, 38], [37, 39], [56, 57], [56, 58], [103, 104], [103, 105], [105, 107], [107, 109], [107, 112], [129, -114], [129, 131], [129, 165], [131, 132], [131, 144], [132, 136], [136, 137], [144, 145], [144, 150], [145, 148], [165, 173], [191, -177], [191, 192], [192, 193], [193, 196], [261, -259], [261, 262], [262, 263], [262, 265], [280, 281], [280, 285], [289, 290], [289, 292], [295, -287], [295, 296], [303, 305], [306, 307], [306, 313], [313, 314], [313, 319], [333, -331], [333, 334], [337, 341], [366, -364], [366, 367], [369, 371], [369, 374], [371, 372], [371, 376], [403, -401], [403, 404], [404, 408], [439, 443], [458, 459], [458, 462], [462, 463], [462, 467], [463, 462], [463, 464], [473, 474], [486, -484], [486, 487], [487, 486]], "missing_branches": [[105, 106], [132, 133], [136, 138], [138, 139], [138, 144], [145, 146], [165, 166], [166, 168], [166, 170], [192, 198], [193, 194], [198, 199], [198, 200], [218, 219], [218, 220], [242, 244], [242, 256], [247, 248], [247, 250], [251, 252], [251, 254], [303, 323], [323, -300], [323, 324], [337, 338], [346, -344], [346, 348], [354, 355], [354, 360], [404, 405], [417, -415], [417, 418], [422, -420], [422, 423], [423, 424], [423, 427], [439, 440], [473, 482], [487, 488], [492, 493], [492, 497], [497, 498], [497, 503], [499, 500], [499, 503], [509, -507], [509, 510], [516, 517], [516, 530], [534, -532], [534, 535]]}, "src/detectors/__init__.py": {"executed_lines": [2, 8, 15, 16, 17, 18, 19, 24, 25, 26, 28], "summary": {"covered_lines": 11, "num_statements": 11, "percent_covered": 100.0, "percent_covered_display": "100.00", "missing_lines": 0, "excluded_lines": 0, "num_branches": 0, "num_partial_branches": 0, "covered_branches": 0, "missing_branches": 0}, "missing_lines": [], "excluded_lines": [], "executed_branches": [], "missing_branches": []}, "src/detectors/base_detector.py": {"executed_lines": [2, 9, 10, 11, 12, 13, 14, 16, 19, 20, 21, 22, 23, 24, 27, 28, 29, 30, 31, 32, 33, 36, 37, 38, 39, 40, 41, 42, 43, 44, 45, 48, 49, 50, 51, 52, 53, 54, 56, 57, 62, 63, 68, 69, 73, 74, 80, 81, 88, 95, 96, 97, 98, 101, 102, 103, 106, 107, 108, 111, 113, 115, 116, 117, 126, 127, 131, 132, 136, 137, 141, 203, 221, 267, 310, 316, 322, 331, 346, 403, 432, 434, 436, 438, 439, 440, 441], "summary": {"covered_lines": 74, "num_statements": 180, "percent_covered": 38.392857142857146, "percent_covered_display": "38.39", "missing_lines": 106, "excluded_lines": 16, "num_branches": 44, "num_partial_branches": 0, "covered_branches": 12, "missing_branches": 32}, "missing_lines": [59, 60, 65, 66, 71, 76, 77, 151, 153, 155, 156, 159, 160, 161, 164, 165, 166, 169, 170, 171, 174, 175, 186, 187, 188, 190, 192, 194, 195, 197, 201, 214, 216, 217, 219, 233, 234, 236, 238, 239, 242, 243, 245, 248, 249, 250, 251, 253, 255, 258, 260, 263, 265, 280, 283, 284, 285, 288, 289, 290, 291, 293, 296, 297, 299, 305, 306, 308, 312, 313, 314, 320, 324, 325, 326, 327, 328, 329, 333, 335, 357, 358, 360, 362, 363, 365, 366, 367, 368, 369, 372, 373, 374, 375, 377, 379, 399, 401, 405, 407, 410, 411, 412, 414, 424, 425], "excluded_lines": [116, 117, 118, 124, 126, 127, 128, 129, 131, 132, 133, 134, 136, 137, 138, 139], "executed_branches": [[36, 37], [36, 38], [48, 49], [48, 50], [57, 56], [57, 62], [63, 62], [63, 68], [69, 68], [69, 73], [74, -48], [74, 73]], "missing_branches": [[155, 156], [155, 159], [214, 216], [214, 219], [216, 217], [216, 219], [236, 238], [236, 263], [238, 239], [238, 242], [243, 245], [243, 248], [253, 255], [253, 258], [263, -263], [263, 265], [288, 289], [288, 290], [290, 291], [290, 293], [305, 306], [305, 308], [312, 313], [312, 314], [314, -314], [314, -310], [357, 358], [357, 360], [365, 366], [365, 372], [366, 365], [366, 367]]}, "src/detectors/benchmarking.py": {"executed_lines": [2, 9, 10, 11, 12, 13, 15, 17, 18, 20, 21, 23, 25, 28, 29, 30, 32, 33, 36, 37, 38, 39, 40, 41, 44, 45, 46, 47, 50, 51, 52, 55, 56, 59, 60, 62, 64, 95, 96, 103, 110, 111, 112, 114, 116, 135, 136, 138, 144, 150, 151, 152, 153, 156, 157, 158, 159, 160, 162, 164, 166, 169, 173, 174, 177, 178, 179, 182, 186, 187, 190, 191, 192, 193, 195, 196, 197, 200, 201, 202, 203, 204, 207, 208, 209, 210, 211, 213, 214, 215, 217, 218, 219, 221, 222, 224, 225, 226, 227, 229, 230, 231, 234, 236, 242, 244, 261, 263, 264, 265, 266, 267, 269, 271, 278, 279, 281, 296, 297, 298, 304, 305, 308, 313, 314, 320, 321, 329, 330, 335, 343, 350, 357, 358, 360], "summary": {"covered_lines": 133, "num_statements": 139, "percent_covered": 92.89617486338798, "percent_covered_display": "92.90", "missing_lines": 6, "excluded_lines": 0, "num_branches": 44, "num_partial_branches": 7, "covered_branches": 37, "missing_branches": 7}, "missing_lines": [19, 170, 171, 183, 184, 336], "excluded_lines": [], "executed_branches": [[28, 29], [28, 30], [135, 136], [135, 138], [151, 152], [151, 156], [164, 166], [164, 200], [169, 173], [182, 186], [195, 164], [195, 196], [196, -196], [196, 196], [196, 197], [200, 201], [213, 214], [217, 218], [221, 222], [221, 224], [224, 225], [225, -225], [225, 225], [225, 226], [264, 265], [264, 269], [296, 297], [296, 304], [313, 314], [313, 320], [320, 321], [320, 329], [329, 330], [329, 343], [335, 343], [357, 358], [357, 360], [360, -360], [360, -350], [360, 360]], "missing_branches": [[169, 170], [182, 183], [200, 213], [213, 217], [217, 221], [224, 229], [335, 336]]}, "src/detectors/cpu_detector.py": {"executed_lines": [2, 9, 10, 12, 14, 16, 19, 20, 27, 35, 36, 39, 41, 42, 44, 45, 46, 47, 48, 49, 51, 53, 55, 57, 58, 59, 62, 67, 68, 72, 74, 75, 76, 78, 88, 91, 98, 99, 100, 104, 106, 112, 114, 115, 117, 118, 119, 121, 131, 133, 140, 143, 144, 145, 148, 160, 162, 168, 170, 176, 178, 179], "summary": {"covered_lines": 61, "num_statements": 68, "percent_covered": 86.25, "percent_covered_display": "86.25", "missing_lines": 7, "excluded_lines": 0, "num_branches": 12, "num_partial_branches": 2, "covered_branches": 8, "missing_branches": 4}, "missing_lines": [63, 64, 69, 70, 172, 173, 174], "excluded_lines": [], "executed_branches": [[42, 41], [42, 51], [62, 67], [67, 68], [99, 100], [99, 114], [144, 145], [144, 170]], "missing_branches": [[62, 63], [67, 69], [69, 70], [69, 72]]}, "src/detectors/detection_result.py": {"executed_lines": [2, 8, 9, 10, 13, 14, 15, 16, 17, 18, 19, 20, 21, 22, 24, 37, 38, 39, 40, 41, 42, 43, 45, 46, 51, 52, 57, 58, 62, 63, 68, 87, 88, 89, 90, 91, 92, 93, 94, 95, 97], "summary": {"covered_lines": 38, "num_statements": 48, "percent_covered": 83.87096774193549, "percent_covered_display": "83.87", "missing_lines": 10, "excluded_lines": 0, "num_branches": 14, "num_partial_branches": 0, "covered_branches": 14, "missing_branches": 0}, "missing_lines": [26, 48, 49, 54, 55, 60, 65, 66, 70, 99], "excluded_lines": [], "executed_branches": [[13, 14], [13, 15], [37, 38], [37, 39], [46, 45], [46, 51], [52, 51], [52, 57], [58, 57], [58, 62], [63, 62], [63, 68], [87, 88], [87, 89]], "missing_branches": []}, "src/detectors/detector_factory.py": {"executed_lines": [2, 9, 10, 12, 13, 14, 15, 17, 20, 21, 23, 24, 25, 27, 28, 30, 31, 33, 38, 39, 47, 54, 55, 69, 72, 73, 74, 75, 78, 81, 90, 91, 92, 93, 94, 95, 96, 98, 99, 112, 113, 116, 118, 119, 133, 134, 146, 147, 160, 161, 169, 171, 172, 173, 174, 175, 176, 182, 183, 243, 244, 293, 305, 306, 308, 309, 311], "summary": {"covered_lines": 65, "num_statements": 122, "percent_covered": 55.23255813953488, "percent_covered_display": "55.23", "missing_lines": 57, "excluded_lines": 0, "num_branches": 50, "num_partial_branches": 4, "covered_branches": 30, "missing_branches": 20}, "missing_lines": [35, 82, 83, 86, 87, 114, 127, 128, 130, 131, 141, 154, 179, 180, 206, 208, 209, 211, 214, 215, 216, 217, 218, 219, 220, 221, 223, 224, 227, 228, 229, 230, 231, 234, 240, 241, 264, 265, 267, 269, 270, 272, 273, 274, 276, 277, 278, 279, 280, 282, 283, 284, 285, 286, 287, 289, 290], "excluded_lines": [], "executed_branches": [[24, 23], [24, 27], [55, 54], [55, 98], [73, 74], [73, 78], [81, 90], [99, 98], [99, 118], [113, 116], [119, 118], [119, 133], [134, 133], [134, 146], [147, 146], [147, 160], [161, 160], [161, 182], [171, 172], [172, 173], [174, 171], [174, 175], [183, 182], [183, 183], [183, 243], [244, -38], [244, 243], [244, 244], [305, 306], [305, 308], [308, 309], [308, 311]], "missing_branches": [[81, 82], [86, 87], [86, 90], [113, 114], [127, 128], [127, 130], [171, 179], [172, 171], [208, 209], [208, 211], [215, 216], [215, 223], [223, 224], [223, 227], [264, 265], [264, 267], [270, 272], [270, 289], [282, 283], [282, 287]]}, "src/detectors/edgetpu_detector.py": {"executed_lines": [2, 9, 10, 11, 12, 13, 14, 15, 16, 17, 18, 19, 20, 23, 24, 30, 31, 32, 34, 41, 44, 45, 46, 47, 48, 49, 50, 51, 52, 53, 54, 55, 56, 59, 60, 61, 62, 63, 64, 65, 67, 77, 78, 81, 129, 136, 140, 144, 209, 231, 241, 242, 244, 261, 303, 319, 352, 428, 464, 479, 480, 482, 510, 511, 513, 514, 522, 526, 572, 620, 630, 644, 671, 720, 736, 763], "summary": {"covered_lines": 71, "num_statements": 399, "percent_covered": 15.324165029469548, "percent_covered_display": "15.32", "missing_lines": 328, "excluded_lines": 0, "num_branches": 110, "num_partial_branches": 1, "covered_branches": 7, "missing_branches": 103}, "missing_lines": [25, 26, 27, 28, 29, 69, 130, 131, 132, 134, 138, 142, 146, 147, 148, 149, 151, 154, 155, 156, 157, 159, 162, 163, 164, 166, 167, 168, 171, 174, 175, 177, 178, 180, 181, 182, 183, 184, 186, 187, 188, 191, 192, 193, 194, 196, 197, 198, 200, 201, 203, 204, 205, 206, 207, 211, 212, 214, 215, 216, 218, 219, 220, 222, 223, 224, 225, 227, 228, 229, 233, 234, 235, 237, 238, 245, 246, 247, 248, 249, 252, 253, 254, 257, 259, 263, 264, 265, 266, 269, 270, 271, 272, 274, 275, 276, 279, 287, 290, 291, 293, 294, 295, 297, 299, 300, 301, 305, 308, 311, 312, 315, 317, 321, 322, 324, 326, 329, 332, 333, 334, 335, 336, 339, 340, 341, 342, 344, 346, 348, 349, 350, 355, 357, 359, 361, 362, 363, 366, 368, 369, 370, 373, 375, 376, 377, 378, 381, 387, 391, 392, 394, 395, 398, 399, 401, 402, 404, 405, 406, 407, 409, 415, 418, 419, 421, 423, 424, 426, 430, 431, 433, 435, 436, 438, 439, 440, 441, 443, 444, 447, 454, 455, 456, 458, 460, 461, 462, 466, 468, 484, 485, 486, 487, 488, 489, 492, 493, 494, 497, 498, 501, 502, 503, 506, 508, 516, 517, 518, 519, 520, 524, 528, 530, 531, 532, 533, 536, 537, 538, 539, 540, 543, 544, 545, 546, 547, 550, 551, 552, 553, 554, 557, 559, 560, 561, 562, 564, 565, 567, 568, 569, 570, 574, 575, 576, 578, 580, 581, 584, 587, 588, 589, 590, 593, 598, 599, 600, 603, 610, 612, 614, 616, 617, 618, 622, 625, 627, 628, 632, 633, 635, 646, 648, 665, 666, 667, 669, 673, 674, 676, 678, 685, 686, 687, 688, 689, 690, 692, 693, 694, 696, 698, 699, 700, 703, 704, 705, 716, 718, 722, 724, 725, 726, 727, 729, 731, 732, 738, 740, 741, 742, 744, 745, 747, 748, 753, 755, 757, 758, 760, 765, 766, 768, 769, 770, 771, 772], "excluded_lines": [], "executed_branches": [[44, 45], [44, 46], [59, 60], [59, 61], [511, 510], [511, 522], [513, 514]], "missing_branches": [[147, 148], [147, 151], [154, 155], [154, 162], [155, 156], [155, 159], [162, 163], [162, 166], [180, 181], [180, 191], [181, 180], [181, 182], [182, 181], [182, 183], [186, 181], [186, 187], [191, 192], [191, 200], [192, 193], [192, 196], [205, 206], [205, 207], [211, 212], [211, 214], [215, 216], [215, 218], [218, 219], [218, 222], [234, 235], [234, 237], [264, 265], [264, 269], [270, 271], [270, 274], [275, 276], [275, 279], [311, 312], [311, 315], [321, -319], [321, 322], [333, 334], [333, 339], [359, 361], [359, 391], [368, 369], [368, 418], [369, 370], [369, 373], [392, 394], [392, 418], [398, 399], [398, 418], [399, 398], [399, 401], [401, 398], [401, 402], [418, 419], [418, 421], [430, 431], [430, 433], [438, 439], [438, 443], [454, 455], [454, 458], [513, 516], [530, 531], [530, 536], [537, 538], [537, 543], [543, 544], [543, 550], [544, 545], [544, 550], [551, 552], [551, 557], [559, 560], [559, 564], [574, 575], [574, 578], [580, 581], [580, 584], [599, 600], [599, 612], [632, 633], [632, 635], [665, 666], [665, 669], [673, 674], [673, 676], [685, 686], [685, 703], [686, 685], [686, 687], [703, 704], [703, 716], [725, 726], [725, 729], [740, 741], [740, 744], [747, 748], [747, 755], [765, 766], [765, 768]]}, "src/detectors/ensemble_detector.py": {"executed_lines": [2, 9, 10, 11, 12, 13, 14, 15, 17, 19, 27, 30, 31, 32, 33, 34, 35, 36, 37, 38, 39, 43, 44, 45, 46, 47, 48, 49, 52, 53, 54, 55, 56, 57, 60, 61, 62, 63, 64, 65, 66, 67, 68, 69, 70, 71, 72, 75, 76, 77, 78, 79, 80, 81, 82, 83, 84, 85, 87, 100, 111, 112, 113, 115, 116, 117, 118, 120, 122, 130, 131, 133, 134, 135, 136, 137, 139, 164, 174, 203, 243, 269, 302, 348, 376, 411, 412, 414, 415, 416, 417, 424, 481, 507, 508, 515, 530, 531, 534, 535, 538, 539, 540, 541, 542, 545, 554, 555, 559, 560, 561, 562, 565, 566, 567, 570, 571, 574, 582, 583, 584, 592, 593, 594, 595, 598, 599, 600, 603, 604, 605, 608, 609, 611, 613, 614, 616, 618, 622, 626, 630, 637, 640, 641, 643, 644, 646, 660, 713, 735, 810, 846, 863, 873, 910, 935, 946, 948, 949, 950, 951, 952, 953, 958, 959, 960, 963, 964, 965, 966, 967, 968, 969, 970, 971, 972, 977, 990, 994, 995, 996, 998, 1002, 1005, 1006, 1008, 1009, 1011, 1012, 1014, 1016, 1030, 1031, 1032, 1034, 1037, 1039, 1040, 1042, 1043, 1045, 1046, 1047, 1049, 1051, 1064, 1065, 1066, 1068, 1072, 1074, 1076, 1089, 1090, 1091, 1093, 1096, 1099, 1100, 1101, 1105, 1107, 1120, 1124, 1125, 1127, 1128, 1129, 1130, 1131, 1132, 1134, 1136, 1149, 1152, 1153, 1155, 1156, 1157, 1159, 1160, 1162, 1163, 1164, 1166, 1168, 1169, 1170, 1172, 1174, 1176, 1191, 1192, 1195, 1196, 1197, 1198, 1200, 1201, 1203, 1206, 1207, 1208, 1210, 1212, 1225, 1226, 1229, 1230, 1232, 1233, 1234, 1235, 1236, 1237, 1238, 1240, 1248, 1250, 1257, 1259, 1260, 1261, 1265], "summary": {"covered_lines": 275, "num_statements": 605, "percent_covered": 40.250855188141394, "percent_covered_display": "40.25", "missing_lines": 330, "excluded_lines": 0, "num_branches": 272, "num_partial_branches": 16, "covered_branches": 78, "missing_branches": 194}, "missing_lines": [89, 103, 143, 144, 147, 148, 149, 150, 152, 153, 155, 158, 159, 160, 162, 167, 180, 183, 184, 185, 186, 189, 192, 193, 195, 196, 198, 199, 201, 209, 212, 213, 215, 217, 219, 226, 229, 230, 232, 234, 235, 237, 238, 239, 241, 246, 249, 250, 251, 252, 255, 256, 258, 260, 262, 263, 264, 265, 267, 274, 277, 278, 279, 280, 283, 284, 286, 288, 289, 290, 293, 295, 296, 297, 298, 300, 305, 308, 309, 311, 312, 319, 322, 325, 327, 329, 330, 333, 334, 335, 336, 337, 340, 341, 344, 346, 351, 352, 354, 355, 356, 359, 360, 363, 364, 365, 367, 368, 369, 370, 372, 374, 378, 379, 382, 384, 385, 386, 387, 389, 392, 393, 395, 396, 397, 400, 402, 429, 430, 431, 433, 435, 437, 440, 441, 442, 443, 446, 447, 448, 449, 450, 451, 452, 453, 456, 459, 460, 461, 462, 465, 466, 467, 468, 469, 470, 471, 472, 475, 476, 478, 479, 484, 485, 492, 493, 494, 497, 498, 499, 500, 503, 504, 557, 620, 624, 648, 649, 650, 653, 654, 656, 657, 658, 662, 663, 665, 667, 668, 671, 673, 674, 677, 678, 680, 682, 684, 685, 687, 688, 690, 691, 692, 693, 696, 699, 700, 701, 703, 704, 705, 707, 709, 710, 711, 729, 730, 733, 740, 741, 742, 744, 746, 748, 749, 753, 756, 757, 758, 760, 761, 764, 766, 768, 771, 774, 775, 776, 779, 782, 783, 786, 787, 790, 799, 800, 801, 804, 806, 807, 808, 813, 816, 818, 819, 820, 821, 828, 831, 832, 834, 835, 836, 837, 838, 841, 842, 844, 851, 853, 854, 855, 856, 858, 859, 861, 866, 867, 868, 869, 870, 871, 877, 878, 881, 882, 883, 884, 886, 887, 888, 889, 891, 892, 893, 895, 896, 897, 898, 901, 902, 903, 905, 907, 908, 913, 914, 915, 917, 920, 921, 924, 925, 926, 931, 932, 933, 974, 975, 991, 999, 1035, 1069, 1094, 1102, 1103, 1121, 1150, 1262, 1263], "excluded_lines": [], "executed_branches": [[60, 61], [60, 62], [75, 76], [75, 77], [111, 112], [111, 113], [530, 531], [530, 534], [554, 555], [582, 583], [583, 584], [583, 592], [614, 613], [614, 618], [640, 641], [948, 949], [948, 958], [958, 959], [958, 963], [963, 964], [963, 965], [965, 966], [965, 967], [967, 968], [967, 969], [969, 970], [969, 971], [971, 972], [990, 994], [995, 996], [995, 998], [998, 1002], [1008, 1009], [1008, 1014], [1009, 1011], [1031, 1032], [1031, 1034], [1034, 1037], [1040, 1042], [1040, 1049], [1042, -1042], [1042, 1042], [1042, 1043], [1045, 1046], [1065, 1066], [1065, 1068], [1068, 1072], [1090, 1091], [1090, 1093], [1093, 1096], [1100, 1101], [1100, 1105], [1101, 1100], [1120, 1124], [1127, 1128], [1127, 1134], [1128, 1129], [1129, -1129], [1129, 1129], [1129, 1130], [1130, 1131], [1149, 1152], [1155, 1156], [1155, 1174], [1156, 1157], [1156, 1159], [1162, 1163], [1162, 1172], [1163, 1164], [1163, 1166], [1168, 1162], [1168, 1169], [1200, 1201], [1200, 1203], [1225, 1226], [1225, 1229], [1232, 1233], [1232, 1240], [1259, -1257], [1259, 1260], [1259, 1265]], "missing_branches": [[152, 153], [152, 155], [183, 184], [183, 189], [184, 183], [184, 185], [195, 196], [195, 201], [196, 195], [196, 198], [212, 213], [212, 229], [215, 212], [215, 217], [232, 234], [232, 241], [234, -234], [234, 235], [235, -235], [235, 237], [237, 232], [237, 238], [249, 250], [249, 255], [250, 249], [250, 251], [258, 260], [258, 267], [262, 258], [262, 263], [277, 278], [277, 283], [278, 277], [278, 279], [286, 288], [286, 300], [295, 286], [295, 296], [308, 309], [308, 322], [311, 308], [311, 312], [322, -322], [322, 325], [327, 329], [327, 346], [334, 335], [334, 344], [336, 337], [336, 340], [354, 355], [354, 374], [355, 356], [355, 359], [363, 364], [363, 372], [364, 365], [364, 367], [368, 363], [368, 369], [378, 379], [378, 382], [382, -382], [382, 384], [384, -384], [384, 385], [385, -385], [385, 386], [386, -386], [386, 387], [387, -387], [387, 389], [395, 396], [395, 400], [435, 437], [435, 456], [440, 441], [440, 446], [442, 440], [442, 443], [446, 447], [446, 475], [447, 448], [447, 475], [448, 447], [448, 449], [450, 447], [450, 451], [452, 447], [452, 453], [459, 460], [459, 465], [461, 459], [461, 462], [466, 467], [466, 475], [467, 466], [467, 468], [469, 466], [469, 470], [475, 476], [475, 478], [484, 485], [484, 492], [498, 499], [498, 503], [554, 557], [582, 592], [640, 643], [648, 649], [648, 658], [653, 654], [653, 656], [662, 663], [662, 665], [667, 668], [667, 671], [673, 674], [673, 696], [677, 678], [677, 680], [684, 685], [684, 687], [699, 700], [699, 703], [729, 730], [729, 733], [740, 741], [740, 744], [741, 742], [741, 744], [748, 749], [748, 753], [756, 757], [756, 760], [766, 768], [766, 771], [787, -787], [787, 790], [818, 819], [818, 831], [820, 818], [820, 821], [831, 832], [831, 844], [836, 831], [836, 837], [853, 854], [853, 861], [855, 853], [855, 856], [858, 853], [858, 859], [877, 878], [877, 881], [881, 882], [881, 883], [883, 884], [883, 886], [886, 887], [886, 888], [888, 889], [888, 891], [891, 892], [891, 893], [893, 895], [893, 903], [896, 897], [896, 901], [897, 896], [897, 898], [903, 905], [903, 907], [914, 915], [914, 917], [920, 921], [920, 924], [924, -910], [924, 925], [925, 926], [925, 931], [971, 974], [990, 991], [998, 999], [1009, 1008], [1034, 1035], [1045, 1040], [1068, 1069], [1093, 1094], [1101, 1102], [1120, 1121], [1128, 1127], [1130, 1127], [1149, 1150]]}, "src/detectors/gpu_detector.py": {"executed_lines": [2, 9, 10, 11, 12, 13, 15, 17, 23, 25, 28, 29, 41, 56, 90, 91, 93, 95, 106, 107, 108, 113, 117, 174, 191, 224, 249, 282, 304, 323, 371, 390], "summary": {"covered_lines": 31, "num_statements": 176, "percent_covered": 16.666666666666668, "percent_covered_display": "16.67", "missing_lines": 145, "excluded_lines": 0, "num_branches": 28, "num_partial_branches": 1, "covered_branches": 3, "missing_branches": 25}, "missing_lines": [64, 65, 66, 67, 68, 71, 72, 73, 75, 78, 79, 80, 83, 86, 88, 96, 97, 99, 100, 101, 103, 104, 109, 110, 111, 115, 119, 120, 123, 124, 130, 131, 132, 134, 145, 146, 148, 155, 156, 159, 160, 163, 165, 167, 168, 169, 170, 171, 172, 176, 178, 179, 182, 183, 184, 186, 188, 189, 201, 203, 206, 207, 211, 212, 215, 217, 218, 220, 221, 222, 226, 227, 229, 232, 235, 238, 241, 243, 245, 246, 247, 264, 266, 267, 270, 271, 272, 273, 275, 276, 278, 279, 280, 288, 291, 295, 296, 298, 300, 301, 302, 310, 312, 317, 319, 320, 321, 330, 331, 332, 335, 336, 337, 338, 339, 342, 344, 345, 346, 347, 350, 351, 352, 353, 355, 356, 357, 359, 362, 363, 365, 367, 368, 369, 373, 375, 388, 392, 394, 395, 396, 397, 399, 401, 402], "excluded_lines": [], "executed_branches": [[91, 90], [91, 113], [106, 107]], "missing_branches": [[71, 72], [71, 75], [99, 100], [99, 103], [106, 109], [131, 132], [131, 134], [159, 160], [159, 163], [167, 168], [167, 170], [266, 267], [266, 270], [270, 271], [270, 272], [272, 273], [272, 275], [295, 296], [295, 298], [331, 332], [331, 335], [345, 346], [345, 365], [395, 396], [395, 399]]}, "src/detectors/hardware_detector.py": {"executed_lines": [2, 9, 10, 11, 12, 14, 17, 18, 19, 20, 21, 22, 23, 24, 27, 28, 29, 30, 31, 32, 35, 36, 46, 51, 60, 141, 175, 185, 195, 214, 249, 268, 288, 328, 334], "summary": {"covered_lines": 31, "num_statements": 154, "percent_covered": 18.04123711340206, "percent_covered_display": "18.04", "missing_lines": 123, "excluded_lines": 2, "num_branches": 40, "num_partial_branches": 0, "covered_branches": 4, "missing_branches": 36}, "missing_lines": [48, 49, 53, 67, 70, 71, 72, 73, 74, 75, 82, 83, 84, 85, 86, 87, 88, 91, 92, 93, 94, 96, 97, 104, 105, 106, 107, 108, 109, 110, 113, 114, 115, 116, 118, 119, 120, 121, 123, 128, 129, 131, 132, 133, 134, 135, 136, 138, 139, 148, 150, 151, 153, 154, 155, 156, 158, 162, 163, 165, 167, 168, 169, 170, 172, 173, 182, 183, 192, 193, 204, 205, 206, 207, 208, 209, 211, 212, 221, 222, 224, 256, 257, 258, 259, 260, 261, 262, 263, 264, 265, 266, 275, 276, 277, 278, 279, 280, 281, 282, 283, 284, 285, 286, 295, 297, 305, 306, 307, 308, 309, 310, 312, 315, 316, 317, 318, 320, 322, 323, 325, 330, 331], "excluded_lines": [334, 336], "executed_branches": [[17, 18], [17, 19], [27, 28], [27, 29]], "missing_branches": [[72, 73], [72, 91], [73, 74], [73, 84], [85, 86], [85, 87], [94, 96], [94, 106], [107, 108], [107, 109], [118, 119], [118, 131], [133, 134], [133, 135], [154, 155], [154, 165], [167, 168], [167, 169], [204, 205], [204, 207], [207, 208], [207, 211], [261, 262], [261, 264], [281, 282], [281, 284], [305, 306], [305, 312], [307, 308], [307, 315], [309, 307], [309, 310], [315, 316], [315, 320], [317, 318], [317, 322]]}, "src/detectors/health_monitor.py": {"executed_lines": [2, 9, 10, 11, 12, 13, 14, 16, 18, 21, 22, 23, 24, 25, 26, 27, 30, 31, 32, 34, 35, 36, 37, 38, 39, 40, 41, 43, 57, 58, 65, 110, 125, 136, 154, 174, 202, 214, 242, 272, 282, 317], "summary": {"covered_lines": 39, "num_statements": 156, "percent_covered": 21.80851063829787, "percent_covered_display": "21.81", "missing_lines": 117, "excluded_lines": 0, "num_branches": 32, "num_partial_branches": 0, "covered_branches": 2, "missing_branches": 30}, "missing_lines": [45, 77, 78, 81, 82, 83, 84, 85, 86, 87, 90, 91, 94, 95, 96, 99, 100, 101, 104, 106, 112, 113, 114, 116, 117, 121, 123, 127, 128, 130, 131, 132, 134, 143, 144, 147, 148, 149, 152, 161, 162, 163, 165, 168, 171, 172, 181, 183, 187, 192, 212, 216, 218, 220, 221, 224, 225, 226, 227, 229, 232, 233, 234, 240, 244, 245, 246, 247, 248, 250, 251, 253, 255, 257, 259, 260, 261, 262, 263, 265, 266, 268, 269, 270, 274, 276, 277, 278, 279, 280, 284, 286, 287, 289, 291, 292, 295, 296, 298, 299, 302, 305, 306, 308, 309, 310, 312, 313, 315, 319, 320, 321, 322, 323, 324, 325, 327], "excluded_lines": [], "executed_branches": [[30, 31], [30, 32]], "missing_branches": [[112, 113], [112, 116], [127, 128], [127, 130], [131, 132], [131, 134], [148, 149], [148, 152], [171, -154], [171, 172], [216, 218], [216, 220], [224, 225], [224, 226], [226, 227], [226, 229], [232, -214], [232, 233], [244, 245], [244, 250], [259, 260], [259, 265], [276, -272], [276, 277], [286, 287], [286, 315], [291, 292], [291, 295], [298, 299], [298, 305]]}, "src/detectors/model_manager.py": {"executed_lines": [2, 16, 17, 18, 19, 20, 21, 22, 23, 24, 25, 26, 27, 29, 32, 33, 34, 35, 36, 37, 38, 39, 40, 41, 42, 44, 46, 50, 51, 55, 59, 60, 73, 124, 154, 165, 203, 259, 290, 298, 354, 468, 487, 496, 508, 526, 560, 580], "summary": {"covered_lines": 46, "num_statements": 267, "percent_covered": 13.58695652173913, "percent_covered_display": "13.59", "missing_lines": 221, "excluded_lines": 0, "num_branches": 101, "num_partial_branches": 2, "covered_branches": 4, "missing_branches": 97}, "missing_lines": [47, 52, 53, 56, 135, 136, 138, 139, 142, 143, 144, 147, 148, 150, 151, 152, 156, 157, 158, 159, 160, 161, 163, 180, 186, 187, 189, 191, 192, 194, 195, 197, 199, 200, 201, 222, 223, 225, 228, 229, 232, 233, 234, 235, 236, 237, 240, 241, 243, 244, 245, 248, 249, 250, 252, 253, 255, 256, 257, 270, 271, 273, 274, 275, 277, 284, 286, 287, 288, 292, 293, 294, 295, 296, 314, 316, 318, 319, 320, 321, 323, 325, 326, 327, 328, 329, 332, 333, 334, 335, 336, 339, 340, 341, 343, 344, 345, 346, 347, 350, 351, 370, 371, 373, 374, 376, 379, 382, 384, 386, 387, 388, 389, 390, 391, 394, 397, 399, 400, 401, 402, 403, 404, 405, 408, 409, 410, 411, 413, 414, 415, 416, 418, 419, 422, 423, 424, 425, 428, 429, 431, 434, 435, 436, 437, 440, 443, 450, 452, 453, 455, 457, 458, 459, 460, 461, 463, 464, 465, 466, 478, 481, 482, 484, 485, 494, 498, 499, 500, 501, 502, 503, 504, 505, 506, 515, 516, 517, 518, 519, 520, 521, 522, 524, 533, 535, 537, 539, 550, 551, 552, 553, 554, 556, 558, 567, 569, 570, 572, 573, 574, 576, 578, 595, 596, 598, 601, 602, 603, 604, 606, 607, 609, 610, 611, 612, 613, 615, 618, 619, 621], "excluded_lines": [], "executed_branches": [[32, 33], [32, 34], [46, 50], [55, -44]], "missing_branches": [[46, 47], [55, 56], [135, 136], [135, 138], [156, 157], [156, 163], [158, -154], [158, 159], [186, 187], [186, 189], [192, 194], [192, 197], [194, -194], [194, 192], [194, 195], [222, 223], [222, 225], [228, 229], [228, 232], [234, 235], [234, 240], [243, 244], [243, 248], [248, 249], [248, 252], [249, 250], [249, 252], [270, 271], [270, 273], [274, 275], [274, 277], [293, -290], [293, 294], [316, 318], [316, 332], [319, 320], [319, 323], [332, 333], [332, 339], [340, 341], [340, 350], [343, 344], [343, 347], [345, 346], [345, 347], [370, 371], [370, 373], [397, 399], [397, 431], [400, 401], [400, 408], [402, 403], [402, 404], [404, 405], [404, 408], [408, 397], [408, 409], [415, 416], [415, 418], [422, 423], [422, 428], [428, 413], [428, 429], [435, 436], [435, 440], [455, 457], [455, 461], [457, 458], [457, 459], [463, 464], [463, 465], [481, 482], [481, 484], [516, 517], [516, 524], [517, 516], [517, 518], [535, 537], [535, 558], [550, 551], [550, 556], [553, 554], [553, 556], [569, 570], [569, 578], [572, 573], [572, 576], [595, 596], [595, 598], [601, 602], [601, 618], [603, 604], [603, 606], [607, 609], [607, 615], [618, 619], [618, 621]]}, "src/detectors/performance_profiler.py": {"executed_lines": [2, 9, 10, 11, 12, 13, 15, 17, 20, 21, 22, 23, 24, 25, 26, 29, 30, 31, 32, 33, 34, 35, 38, 39, 42, 43, 46, 47, 50, 51, 52, 55, 56, 67, 72, 197, 226, 281, 339, 377], "summary": {"covered_lines": 38, "num_statements": 137, "percent_covered": 22.3463687150838, "percent_covered_display": "22.35", "missing_lines": 99, "excluded_lines": 0, "num_branches": 42, "num_partial_branches": 0, "covered_branches": 2, "missing_branches": 40}, "missing_lines": [69, 70, 93, 94, 96, 97, 100, 103, 104, 105, 106, 107, 108, 109, 112, 113, 114, 115, 117, 118, 119, 120, 122, 123, 124, 126, 127, 130, 131, 132, 135, 136, 138, 139, 140, 141, 144, 145, 147, 148, 149, 150, 153, 154, 155, 156, 159, 160, 163, 164, 167, 191, 193, 195, 214, 216, 217, 218, 219, 220, 221, 222, 224, 233, 234, 236, 243, 244, 247, 252, 253, 262, 263, 264, 267, 268, 269, 270, 271, 273, 274, 275, 276, 277, 279, 291, 292, 294, 296, 330, 331, 332, 333, 334, 335, 337, 346, 379, 380], "excluded_lines": [], "executed_branches": [[20, 21], [20, 22]], "missing_branches": [[93, 94], [93, 96], [104, 105], [104, 112], [105, 104], [105, 106], [118, 119], [118, 144], [119, 118], [119, 120], [144, 145], [144, 147], [217, 218], [217, 224], [233, 234], [233, 236], [247, -247], [247, 252], [252, 253], [252, 262], [268, 269], [268, 273], [269, 268], [269, 270], [273, 274], [273, 279], [274, 275], [274, 279], [275, 274], [275, 276], [291, 292], [291, 294], [330, 331], [330, 337], [332, -332], [332, 333], [333, 334], [333, 337], [334, -334], [334, 335]]}, "src/doorbell_security.py": {"executed_lines": [], "summary": {"covered_lines": 0, "num_statements": 251, "percent_covered": 0.0, "percent_covered_display": "0.00", "missing_lines": 251, "excluded_lines": 2, "num_branches": 60, "num_partial_branches": 0, "covered_branches": 0, "missing_branches": 60}, "missing_lines": [2, 10, 11, 12, 13, 14, 15, 16, 19, 20, 22, 23, 24, 25, 26, 27, 28, 29, 32, 35, 36, 54, 57, 59, 62, 65, 66, 67, 68, 71, 72, 73, 76, 77, 78, 79, 80, 81, 82, 84, 86, 88, 89, 92, 93, 96, 97, 98, 99, 102, 104, 105, 108, 109, 110, 119, 120, 123, 124, 125, 126, 127, 129, 130, 131, 133, 135, 137, 138, 141, 142, 143, 144, 146, 148, 150, 153, 154, 155, 157, 160, 166, 168, 169, 170, 172, 173, 174, 177, 180, 181, 182, 183, 184, 187, 190, 191, 192, 193, 194, 197, 198, 199, 200, 201, 202, 205, 206, 207, 208, 209, 210, 211, 212, 213, 214, 215, 216, 217, 218, 219, 220, 221, 222, 223, 226, 229, 231, 232, 233, 237, 238, 240, 242, 244, 245, 246, 249, 252, 253, 254, 255, 256, 258, 259, 260, 262, 264, 265, 266, 268, 270, 272, 273, 275, 276, 277, 278, 279, 280, 281, 283, 285, 286, 287, 289, 290, 291, 292, 293, 294, 296, 298, 300, 301, 302, 303, 304, 305, 307, 309, 311, 314, 320, 323, 324, 325, 326, 328, 335, 337, 339, 342, 345, 346, 347, 349, 356, 358, 360, 361, 364, 367, 368, 369, 371, 378, 380, 382, 385, 386, 387, 389, 396, 398, 400, 402, 403, 404, 406, 413, 415, 417, 425, 426, 427, 429, 432, 433, 434, 435, 436, 437, 438, 441, 447, 449, 452, 454, 455, 456, 459, 461, 464, 465, 466, 467, 468, 469, 470, 471], "excluded_lines": [474, 475], "executed_branches": [], "missing_branches": [[35, 36], [35, 54], [77, 78], [77, 84], [108, 109], [108, 123], [124, 125], [124, 133], [141, 142], [141, 143], [143, 144], [143, 146], [153, 154], [153, 157], [168, 169], [168, 172], [181, 182], [181, 187], [191, 192], [191, 197], [199, 200], [199, 205], [206, 207], [206, 226], [209, 210], [209, 226], [244, 245], [244, 268], [252, 253], [252, 262], [254, 255], [254, 258], [285, -285], [285, 286], [286, -286], [286, 287], [287, -287], [287, 289], [289, 290], [289, 291], [291, 292], [291, 293], [293, 294], [293, 296], [300, 301], [300, 302], [302, 303], [302, 304], [304, 305], [304, 307], [314, -314], [314, 320], [367, 368], [367, 378], [426, -415], [426, 427], [454, -447], [454, 455], [467, 468], [467, 469]]}, "src/enrichment/__init__.py": {"executed_lines": [2, 8, 9, 10, 11, 12, 14], "summary": {"covered_lines": 7, "num_statements": 7, "percent_covered": 100.0, "percent_covered_display": "100.00", "missing_lines": 0, "excluded_lines": 0, "num_branches": 0, "num_partial_branches": 0, "covered_branches": 0, "missing_branches": 0}, "missing_lines": [], "excluded_lines": [], "executed_branches": [], "missing_branches": []}, "src/enrichment/alert_manager.py": {"executed_lines": [2, 9, 10, 11, 12, 13, 14, 16, 19, 20, 21, 22, 23, 26, 27, 28, 29, 30, 31, 32, 35, 36, 37, 38, 39, 40, 41, 42, 43, 44, 45, 48, 49, 50, 53, 56, 57, 59, 66, 69, 70, 71, 72, 75, 76, 77, 80, 81, 83, 85, 95, 97, 99, 101, 102, 103, 106, 107, 108, 109, 110, 113, 114, 116, 121, 123, 134, 136, 138, 139, 140, 143, 144, 158, 159, 173, 174, 188, 189, 195, 208, 214, 216, 227, 228, 231, 233, 243, 253, 254, 257, 259, 261], "summary": {"covered_lines": 89, "num_statements": 94, "percent_covered": 95.45454545454545, "percent_covered_display": "95.45", "missing_lines": 5, "excluded_lines": 0, "num_branches": 16, "num_partial_branches": 0, "covered_branches": 16, "missing_branches": 0}, "missing_lines": [118, 119, 191, 192, 193], "excluded_lines": [], "executed_branches": [[35, 36], [35, 37], [40, -40], [40, 41], [101, 102], [101, 106], [106, 107], [106, 116], [108, 106], [108, 109], [143, 144], [143, 158], [158, 159], [158, 173], [173, 174], [173, 188]], "missing_branches": []}, "src/enrichment/base_enrichment.py": {"executed_lines": [2, 9, 10, 11, 12, 13, 14, 16, 19, 20, 21, 22, 23, 24, 25, 28, 29, 30, 31, 32, 33, 34, 35, 36, 37, 38, 40, 54, 55, 57, 79, 80, 92, 93, 105, 181, 192, 206, 231, 241], "summary": {"covered_lines": 32, "num_statements": 81, "percent_covered": 38.20224719101124, "percent_covered_display": "38.20", "missing_lines": 49, "excluded_lines": 10, "num_branches": 8, "num_partial_branches": 0, "covered_branches": 2, "missing_branches": 6}, "missing_lines": [42, 64, 65, 66, 67, 68, 71, 72, 73, 74, 75, 77, 115, 117, 119, 120, 130, 131, 141, 144, 145, 146, 148, 149, 151, 152, 155, 157, 159, 161, 162, 163, 164, 165, 166, 168, 170, 190, 203, 204, 213, 215, 218, 233, 234, 235, 236, 237, 239], "excluded_lines": [79, 80, 81, 90, 92, 93, 94, 103, 241, 242], "executed_branches": [[28, 29], [28, 30]], "missing_branches": [[119, 120], [119, 130], [130, 131], [130, 141], [148, 149], [148, 151]]}, "src/enrichment/delivery_channels.py": {"executed_lines": [2, 9, 10, 11, 12, 13, 14, 15, 17, 20, 21, 23, 42, 43, 55, 59, 73, 74, 76, 84, 111, 115, 120, 121, 123, 132, 165, 166, 168, 172, 206, 207, 209, 213, 232, 236, 241, 242, 244, 259, 273, 281, 286, 290, 296, 302, 306], "summary": {"covered_lines": 39, "num_statements": 146, "percent_covered": 23.78048780487805, "percent_covered_display": "23.78", "missing_lines": 107, "excluded_lines": 4, "num_branches": 18, "num_partial_branches": 0, "covered_branches": 0, "missing_branches": 18}, "missing_lines": [31, 32, 33, 36, 37, 38, 40, 57, 61, 63, 77, 79, 80, 81, 82, 86, 88, 90, 96, 99, 100, 102, 103, 104, 106, 107, 108, 109, 113, 117, 124, 126, 127, 130, 134, 136, 138, 145, 146, 147, 150, 151, 152, 153, 155, 156, 157, 159, 160, 161, 162, 169, 170, 174, 176, 177, 178, 179, 182, 183, 188, 190, 191, 192, 194, 195, 197, 198, 200, 201, 202, 203, 210, 211, 215, 217, 218, 223, 224, 225, 227, 228, 229, 230, 234, 238, 251, 252, 255, 257, 262, 263, 266, 267, 270, 271, 275, 277, 278, 279, 283, 288, 292, 293, 299, 304, 308], "excluded_lines": [42, 43, 44, 53], "executed_branches": [], "missing_branches": [[99, 100], [99, 102], [145, 146], [145, 155], [146, 147], [146, 150], [182, 183], [182, 194], [262, 263], [262, 266], [266, 267], [266, 270], [270, -259], [270, 271], [277, -273], [277, 278], [278, 277], [278, 279]]}, "src/enrichment/enrichment_orchestrator.py": {"executed_lines": [2, 9, 10, 11, 12, 14, 20, 23, 24, 26, 60, 118, 157, 188, 220, 250, 266, 307, 332, 347, 364], "summary": {"covered_lines": 20, "num_statements": 155, "percent_covered": 8.928571428571429, "percent_covered_display": "8.93", "missing_lines": 135, "excluded_lines": 0, "num_branches": 69, "num_partial_branches": 0, "covered_branches": 0, "missing_branches": 69}, "missing_lines": [34, 35, 38, 39, 40, 41, 42, 45, 48, 49, 52, 53, 54, 55, 57, 58, 70, 71, 72, 73, 75, 77, 78, 79, 82, 83, 84, 85, 88, 89, 92, 93, 94, 96, 99, 100, 103, 104, 105, 108, 109, 111, 113, 114, 116, 129, 131, 132, 143, 144, 146, 147, 148, 165, 166, 168, 169, 170, 173, 174, 177, 178, 181, 182, 185, 186, 199, 201, 203, 204, 207, 208, 209, 212, 214, 216, 217, 218, 231, 233, 234, 237, 238, 240, 243, 244, 245, 246, 248, 257, 259, 260, 261, 263, 264, 274, 275, 276, 279, 281, 282, 283, 284, 285, 287, 289, 291, 292, 293, 294, 295, 298, 301, 302, 303, 305, 314, 317, 321, 342, 343, 344, 345, 357, 358, 359, 360, 361, 362, 374, 375, 376, 377, 378, 379], "excluded_lines": [], "executed_branches": [], "missing_branches": [[45, -45], [45, 48], [77, 78], [77, 99], [78, 79], [78, 82], [83, 84], [83, 88], [92, 93], [92, 94], [94, 77], [94, 96], [99, 100], [99, 103], [108, -108], [108, 109], [131, 132], [131, 143], [165, -157], [165, 166], [168, 169], [168, 173], [173, 174], [173, 177], [185, 165], [185, 186], [201, 203], [201, 214], [207, 208], [207, 212], [208, 209], [208, 214], [233, 234], [233, 237], [237, 238], [237, 240], [243, 244], [243, 248], [244, 243], [244, 245], [259, 260], [259, 263], [275, -275], [275, 276], [279, 281], [279, 305], [282, 283], [282, 287], [284, -284], [284, 282], [284, 285], [287, 289], [287, 298], [291, 292], [291, 295], [292, 291], [292, 293], [298, -298], [298, 301], [321, -321], [321, -307], [342, 343], [342, 345], [343, 342], [343, 344], [358, 359], [358, 362], [375, 376], [375, 379]]}, "src/enrichment/metadata_enrichment.py": {"executed_lines": [2, 9, 10, 11, 12, 13, 15, 16, 18, 21, 22, 24, 47, 52, 113, 128, 148, 164, 174, 188], "summary": {"covered_lines": 19, "num_statements": 67, "percent_covered": 22.89156626506024, "percent_covered_display": "22.89", "missing_lines": 48, "excluded_lines": 0, "num_branches": 16, "num_partial_branches": 0, "covered_branches": 0, "missing_branches": 16}, "missing_lines": [32, 33, 35, 38, 39, 40, 43, 45, 50, 62, 64, 65, 68, 69, 72, 73, 76, 77, 80, 81, 82, 85, 87, 89, 102, 103, 104, 115, 116, 118, 130, 140, 141, 143, 144, 146, 150, 153, 154, 162, 166, 172, 176, 177, 184, 185, 186, 190], "excluded_lines": [], "executed_branches": [], "missing_branches": [[32, 33], [32, 35], [68, 69], [68, 72], [72, 73], [72, 76], [76, 77], [76, 80], [81, 82], [81, 85], [140, 141], [140, 143], [143, 144], [143, 146], [153, 154], [153, 162]]}, "src/enrichment/notification_handler.py": {"executed_lines": [2, 9, 10, 11, 12, 13, 15, 16, 17, 18, 19, 20, 21, 23, 26, 27, 28, 29, 30, 31, 32, 35, 36, 38, 63, 80, 102, 129, 172, 183, 194, 206, 266, 292, 304, 326, 347, 368, 391, 413, 443], "summary": {"covered_lines": 39, "num_statements": 211, "percent_covered": 15.057915057915057, "percent_covered_display": "15.06", "missing_lines": 172, "excluded_lines": 0, "num_branches": 48, "num_partial_branches": 0, "covered_branches": 0, "missing_branches": 48}, "missing_lines": [39, 42, 43, 44, 45, 50, 51, 52, 53, 56, 57, 58, 59, 61, 66, 69, 70, 73, 76, 78, 82, 83, 84, 85, 88, 91, 94, 96, 98, 99, 100, 104, 105, 107, 109, 110, 113, 115, 116, 117, 120, 121, 123, 125, 126, 127, 131, 133, 134, 135, 138, 139, 140, 141, 144, 145, 148, 151, 154, 155, 158, 159, 160, 162, 163, 166, 168, 169, 170, 174, 176, 177, 178, 179, 181, 186, 189, 190, 192, 196, 197, 200, 201, 208, 216, 217, 227, 228, 229, 239, 240, 249, 250, 259, 268, 270, 272, 274, 275, 276, 277, 278, 279, 280, 281, 284, 286, 288, 289, 290, 294, 296, 297, 299, 302, 306, 307, 321, 323, 324, 328, 329, 331, 332, 335, 342, 344, 345, 349, 350, 352, 353, 356, 357, 363, 365, 366, 370, 371, 373, 377, 384, 386, 388, 389, 393, 394, 402, 404, 405, 406, 407, 408, 410, 411, 415, 417, 424, 425, 426, 427, 428, 429, 432, 435, 436, 438, 440, 441, 445, 447, 457], "excluded_lines": [], "executed_branches": [], "missing_branches": [[83, 84], [83, 88], [104, 105], [104, 107], [115, 116], [115, 120], [120, 121], [120, 123], [133, 134], [133, 138], [138, 139], [138, 148], [139, 140], [139, 148], [158, 159], [158, 162], [176, 177], [176, 181], [178, 179], [178, 181], [189, 190], [189, 192], [216, 217], [216, 227], [227, 228], [227, 239], [239, 240], [239, 249], [249, 250], [249, 259], [274, 275], [274, 284], [294, 296], [294, 297], [297, 299], [297, 302], [328, 329], [328, 331], [349, 350], [349, 352], [356, -347], [356, 357], [404, -391], [404, 405], [425, 426], [425, 432], [435, 436], [435, 438]]}, "src/enrichment/rate_limiter.py": {"executed_lines": [2, 9, 10, 11, 12, 13, 15, 17, 20, 21, 22, 23, 24, 25, 28, 29, 31, 62, 115, 130, 140, 162, 184, 194, 212, 272, 283], "summary": {"covered_lines": 25, "num_statements": 145, "percent_covered": 13.846153846153847, "percent_covered_display": "13.85", "missing_lines": 120, "excluded_lines": 0, "num_branches": 50, "num_partial_branches": 0, "covered_branches": 2, "missing_branches": 48}, "missing_lines": [38, 41, 42, 43, 44, 47, 48, 51, 54, 55, 56, 57, 59, 74, 75, 76, 79, 80, 81, 82, 83, 85, 86, 89, 90, 91, 92, 93, 96, 97, 98, 99, 100, 103, 104, 105, 106, 107, 110, 111, 112, 113, 122, 125, 126, 128, 133, 138, 142, 143, 145, 148, 149, 150, 153, 154, 157, 158, 160, 164, 165, 167, 170, 171, 172, 175, 176, 179, 180, 182, 186, 187, 189, 192, 197, 201, 202, 205, 209, 210, 222, 223, 225, 232, 233, 234, 237, 241, 242, 244, 245, 246, 249, 250, 251, 252, 253, 255, 256, 257, 260, 261, 262, 263, 264, 266, 267, 268, 270, 274, 275, 276, 277, 278, 279, 280, 281, 285, 286, 288], "excluded_lines": [], "executed_branches": [[20, 21], [20, 22]], "missing_branches": [[74, 75], [74, 79], [79, 80], [79, 85], [89, 90], [89, 96], [96, 97], [96, 103], [103, 104], [103, 110], [125, 126], [125, 128], [133, -133], [133, 138], [142, 143], [142, 145], [148, 149], [148, 153], [153, 154], [153, 157], [164, 165], [164, 167], [170, 171], [170, 175], [175, 176], [175, 179], [201, 202], [201, 205], [209, -194], [209, 210], [232, 233], [232, 237], [237, -237], [237, 241], [244, 245], [244, 249], [249, 250], [249, 260], [251, 252], [251, 260], [255, 256], [255, 260], [260, 261], [260, 270], [262, 263], [262, 270], [266, 267], [266, 270]]}, "src/enrichment/web_events.py": {"executed_lines": [2, 9, 10, 11, 12, 13, 14, 15, 17, 18, 20, 23, 24, 26, 54, 84, 97, 142, 182, 210, 222, 223, 225, 248, 264, 314, 348, 363, 400, 404], "summary": {"covered_lines": 28, "num_statements": 172, "percent_covered": 11.764705882352942, "percent_covered_display": "11.76", "missing_lines": 144, "excluded_lines": 0, "num_branches": 66, "num_partial_branches": 0, "covered_branches": 0, "missing_branches": 66}, "missing_lines": [33, 34, 35, 36, 37, 40, 41, 44, 45, 48, 49, 50, 52, 64, 65, 66, 67, 69, 70, 71, 74, 75, 76, 79, 81, 82, 91, 92, 93, 94, 95, 107, 108, 111, 112, 113, 114, 117, 119, 120, 122, 123, 125, 126, 127, 128, 129, 132, 133, 135, 137, 138, 140, 153, 154, 155, 156, 158, 160, 161, 163, 165, 166, 167, 168, 171, 172, 173, 174, 175, 176, 177, 178, 180, 189, 190, 192, 193, 195, 196, 197, 199, 201, 202, 203, 204, 205, 206, 208, 212, 234, 235, 237, 240, 243, 244, 246, 250, 251, 254, 255, 258, 259, 260, 262, 274, 276, 278, 281, 283, 285, 303, 304, 305, 325, 328, 338, 339, 346, 350, 351, 354, 375, 376, 378, 380, 382, 383, 384, 385, 386, 387, 388, 389, 392, 393, 394, 395, 396, 398, 402, 406, 407, 409], "excluded_lines": [], "executed_branches": [], "missing_branches": [[64, -54], [64, 65], [65, 66], [65, 69], [69, 70], [69, 74], [91, -84], [91, 92], [92, 91], [92, 93], [107, 108], [107, 111], [111, 112], [111, 117], [113, 111], [113, 114], [119, 120], [119, 135], [122, 123], [122, 132], [132, 119], [132, 133], [137, 138], [137, 140], [153, -142], [153, 154], [153, 160], [154, 155], [154, 158], [166, 167], [166, 171], [189, 190], [189, 192], [192, 193], [192, 195], [195, -182], [195, 196], [195, 201], [196, 197], [196, 199], [201, 202], [201, 208], [234, 235], [234, 237], [250, 251], [250, 254], [254, 255], [254, 258], [258, 259], [258, 262], [338, 339], [338, 346], [350, 351], [350, 354], [375, 376], [375, 378], [380, 382], [380, 398], [382, 383], [382, 384], [384, 385], [384, 386], [386, 387], [386, 388], [388, 389], [388, 392]]}, "src/face_manager.py": {"executed_lines": [], "summary": {"covered_lines": 0, "num_statements": 230, "percent_covered": 0.0, "percent_covered_display": "0.00", "missing_lines": 230, "excluded_lines": 0, "num_branches": 56, "num_partial_branches": 0, "covered_branches": 0, "missing_branches": 56}, "missing_lines": [5, 6, 7, 8, 9, 10, 11, 12, 13, 15, 18, 21, 22, 23, 26, 27, 28, 29, 32, 33, 35, 37, 39, 41, 42, 43, 46, 47, 49, 51, 52, 53, 55, 57, 59, 60, 61, 64, 65, 67, 69, 70, 73, 75, 77, 78, 80, 83, 88, 90, 91, 92, 94, 96, 98, 100, 101, 104, 105, 107, 110, 115, 117, 118, 119, 121, 123, 130, 132, 133, 138, 139, 140, 141, 147, 150, 151, 156, 157, 158, 159, 165, 168, 169, 171, 172, 173, 175, 177, 179, 180, 182, 183, 184, 187, 190, 191, 194, 196, 197, 199, 200, 201, 203, 205, 206, 207, 208, 209, 212, 214, 215, 217, 218, 220, 221, 222, 224, 226, 227, 228, 230, 231, 234, 235, 237, 238, 241, 243, 244, 245, 246, 247, 249, 250, 253, 254, 255, 258, 259, 262, 263, 266, 267, 269, 270, 272, 273, 275, 276, 277, 279, 280, 282, 283, 285, 287, 289, 290, 291, 293, 295, 296, 298, 299, 301, 302, 304, 305, 307, 308, 309, 311, 313, 314, 316, 318, 319, 321, 322, 324, 325, 327, 328, 330, 331, 332, 334, 336, 337, 339, 341, 342, 343, 345, 346, 347, 348, 350, 352, 353, 354, 356, 358, 359, 360, 362, 363, 364, 365, 367, 369, 370, 371, 373, 375, 376, 381, 382, 384, 385, 387, 389, 390, 395, 396, 398, 399, 401, 403], "excluded_lines": [], "executed_branches": [], "missing_branches": [[41, 42], [41, 46], [59, 60], [59, 64], [77, 78], [77, 80], [100, 101], [100, 104], [104, 105], [104, 107], [132, 133], [132, 150], [139, 140], [139, 150], [150, 151], [150, 168], [157, 158], [157, 168], [182, 183], [182, 187], [206, 207], [206, 217], [226, 227], [226, 230], [244, 245], [244, 279], [249, 250], [249, 253], [254, 255], [254, 258], [262, 263], [262, 266], [269, 270], [269, 272], [279, 280], [279, 285], [298, -293], [298, 299], [304, 305], [304, 311], [321, -316], [321, 322], [327, 328], [327, 334], [342, 343], [342, 345], [345, 346], 
[...]
, 303, 304, 306, 307, 310, 312, 313, 315, 318, 320, 322, 324, 335, 341, 342, 343, 345, 348, 351, 352, 353, 355, 357, 359, 360, 361, 373, 374, 376, 377, 379, 380, 381, 387, 388, 389, 390, 392, 394, 395, 396, 408, 409, 411, 412, 414, 415, 416, 428, 429, 430, 431, 438, 440, 441, 442, 446, 447, 449, 450, 453, 454, 457, 458, 461, 462, 464, 466, 476, 477, 478, 482, 483, 484, 485], "excluded_lines": [], "executed_branches": [], "missing_branches": [[60, 61], [60, 63], [144, 145], [144, 147], [181, 182], [181, 184], [184, 185], [184, 188], [197, 199], [197, 202], [207, 209], [207, 220], [276, 277], [276, 279], [279, 280], [279, 282], [302, 303], [302, 306], [312, 313], [312, 345], [320, 312], [320, 322], [348, -348], [348, 351], [373, 374], [373, 376], [376, 377], [376, 379], [388, 389], [388, 392], [408, 409], [408, 411], [411, 412], [411, 414], [429, 430], [429, 438], [446, 447], [446, 449], [482, -480], [482, 483]]}, "src/storage/metrics_database.py": {"executed_lines": [2, 9, 10, 11, 12, 13, 14, 15, 16, 18, 20, 23, 24, 25, 26, 27, 28, 29, 32, 33, 34, 35, 36, 37, 38, 39, 40, 41, 44, 45, 46, 47, 48, 49, 50, 51, 52, 55, 56, 57, 58, 59, 60, 63, 64, 65, 66, 67, 70, 71, 72, 73, 74, 75, 76, 77, 78, 81, 82, 84, 96, 115, 165, 179, 211, 252, 293, 388, 446, 511], "summary": {"covered_lines": 63, "num_statements": 195, "percent_covered": 29.218106995884774, "percent_covered_display": "29.22", "missing_lines": 132, "excluded_lines": 0, "num_branches": 48, "num_partial_branches": 0, "covered_branches": 8, "missing_branches": 40}, "missing_lines": [91, 92, 93, 94, 98, 99, 100, 103, 106, 108, 109, 111, 112, 113, 117, 119, 133, 148, 163, 167, 176, 177, 189, 190, 191, 204, 205, 207, 208, 209, 221, 222, 224, 225, 226, 227, 228, 229, 241, 242, 243, 245, 247, 248, 250, 270, 271, 272, 286, 287, 289, 290, 291, 308, 309, 310, 311, 313, 315, 321, 323, 324, 325, 327, 329, 331, 342, 344, 357, 358, 366, 367, 368, 369, 370, 372, 373, 375, 381, 382, 384, 385, 386, 399, 400, 401, 402, 404, 415, 416, 418, 419, 425, 426, 428, 430, 439, 440, 442, 443, 444, 458, 459, 464, 465, 466, 467, 470, 484, 485, 486, 496, 498, 507, 508, 509, 521, 522, 524, 526, 531, 534, 539, 542, 547, 549, 551, 552, 554, 556, 557, 558], "excluded_lines": [], "executed_branches": [[44, 45], [44, 46], [55, 56], [55, 57], [63, 64], [63, 65], [70, 71], [70, 72]], "missing_branches": [[117, -115], [117, 119], [176, -165], [176, 177], [190, -179], [190, 191], [221, 222], [221, 224], [226, 227], [226, 250], [227, 228], [227, 245], [271, -252], [271, 272], [309, -293], [309, 310], [313, 315], [313, 329], [323, 324], [323, 327], [329, 331], [329, 342], [342, 344], [342, 357], [367, 368], [367, 381], [368, 369], [368, 372], [400, -388], [400, 401], [416, 418], [416, 439], [458, 459], [458, 464], [465, -446], [465, 466], [485, 486], [485, 496], [524, -511], [524, 526]]}, "src/storage/migration_manager.py": {"executed_lines": [2, 9, 10, 11, 12, 13, 14, 15, 16, 18, 21, 22, 23, 24, 25, 26, 27, 28, 29, 30, 33, 34, 35, 36, 37, 38, 39, 40, 41, 44, 45, 52, 72, 93, 119, 142, 162, 182, 238, 278, 342, 403, 477, 497, 503, 508], "summary": {"covered_lines": 43, "num_statements": 202, "percent_covered": 18.217054263565892, "percent_covered_display": "18.22", "missing_lines": 159, "excluded_lines": 0, "num_branches": 56, "num_partial_branches": 0, "covered_branches": 4, "missing_branches": 52}, "missing_lines": [60, 61, 62, 65, 68, 70, 79, 80, 81, 84, 86, 87, 89, 90, 91, 95, 97, 111, 116, 117, 126, 127, 128, 133, 134, 136, 138, 139, 140, 149, 150, 152, 158, 160, 169, 172, 173, 174, 175, 176, 177, 178, 180, 203, 206, 207, 208, 210, 211, 212, 214, 215, 216, 219, 220, 222, 223, 224, 227, 228, 230, 249, 250, 252, 253, 254, 256, 259, 260, 262, 263, 264, 265, 266, 267, 268, 271, 272, 273, 274, 276, 288, 289, 294, 295, 297, 298, 304, 305, 307, 309, 310, 311, 312, 313, 314, 316, 324, 325, 332, 333, 334, 352, 354, 355, 358, 360, 362, 363, 364, 367, 380, 381, 383, 389, 391, 392, 393, 395, 396, 397, 413, 414, 420, 421, 423, 424, 429, 430, 435, 436, 439, 441, 443, 444, 445, 448, 454, 455, 457, 459, 465, 466, 467, 468, 470, 471, 472, 484, 485, 487, 495, 499, 500, 501, 505, 506, 510, 511], "excluded_lines": [], "executed_branches": [[21, 22], [21, 23], [33, 34], [33, 35]], "missing_branches": [[158, -158], [158, 160], [172, 173], [172, 180], [175, 172], [175, 176], [210, 211], [210, 214], [222, 223], [222, 227], [250, 252], [250, 256], [253, 250], [253, 254], [262, 263], [262, 271], [264, 262], [264, 265], [266, 267], [266, 268], [271, 272], [271, 276], [273, 274], [273, 276], [288, 289], [288, 294], [297, 298], [297, 304], [304, 305], [304, 307], [310, 311], [310, 324], [312, 313], [312, 316], [362, 363], [362, 367], [363, 362], [363, 364], [413, 414], [413, 420], [421, -421], [421, 423], [423, 424], [423, 429], [429, 430], [429, 435], [443, 444], [443, 448], [444, 443], [444, 445], [499, -497], [499, 500]]}, "src/storage/notification_database.py": {"executed_lines": [2, 8, 9, 10, 11, 12, 13, 14, 16, 19, 20, 22, 36, 50, 87, 88, 103, 143, 201, 236, 296, 323], "summary": {"covered_lines": 21, "num_statements": 135, "percent_covered": 13.450292397660819, "percent_covered_display": "13.45", "missing_lines": 114, "excluded_lines": 0, "num_branches": 36, "num_partial_branches": 0, "covered_branches": 2, "missing_branches": 34}, "missing_lines": [29, 30, 32, 34, 38, 39, 40, 42, 44, 46, 47, 48, 52, 55, 70, 75, 80, 85, 90, 91, 93, 94, 95, 96, 97, 98, 99, 101, 113, 114, 116, 117, 119, 133, 134, 136, 137, 138, 139, 140, 141, 160, 161, 162, 163, 165, 166, 167, 169, 170, 171, 173, 174, 175, 177, 178, 180, 181, 183, 184, 185, 188, 189, 190, 191, 193, 195, 197, 198, 199, 211, 212, 213, 217, 219, 220, 223, 224, 225, 226, 228, 230, 232, 233, 234, 246, 247, 249, 251, 255, 258, 264, 267, 273, 276, 282, 284, 292, 293, 294, 306, 307, 309, 310, 314, 316, 317, 319, 320, 321, 325, 326, 327, 328], "excluded_lines": [], "executed_branches": [[88, 87], [88, 103]], "missing_branches": [[90, 91], [90, 93], [114, 116], [114, 133], [136, 137], [136, 139], [161, -143], [161, 162], [165, 166], [165, 169], [169, 170], [169, 173], [173, 174], [173, 177], [184, 185], [184, 195], [188, 189], [188, 190], [190, 191], [190, 193], [212, -201], [212, 213], [219, 220], [219, 230], [223, 224], [223, 225], [225, 226], [225, 228], [249, -236], [249, 251], [309, 310], [309, 316], [325, -323], [325, 326]]}, "src/storage/query_builder.py": {"executed_lines": [2, 9, 10, 11, 12, 14, 17, 18, 19, 20, 21, 22, 23, 24, 25, 26, 27, 28, 29, 30, 33, 34, 35, 36, 39, 40, 41, 42, 43, 44, 46, 77, 78, 79, 80, 81, 83, 88, 89, 90, 95, 96, 97, 98, 99, 100, 102, 115, 130, 134, 138, 142, 146, 150, 154, 158, 162, 166, 170, 174, 178, 192, 196, 200, 215, 270, 297, 322, 361, 371, 394], "summary": {"covered_lines": 66, "num_statements": 203, "percent_covered": 27.169811320754718, "percent_covered_display": "27.17", "missing_lines": 137, "excluded_lines": 0, "num_branches": 62, "num_partial_branches": 0, "covered_branches": 6, "missing_branches": 56}, "missing_lines": [53, 54, 56, 57, 58, 59, 60, 62, 63, 64, 65, 66, 68, 69, 70, 71, 74, 85, 112, 113, 127, 128, 132, 136, 140, 144, 148, 152, 156, 160, 164, 168, 172, 176, 189, 190, 194, 198, 211, 212, 213, 223, 224, 226, 229, 232, 233, 235, 236, 237, 238, 239, 240, 242, 245, 246, 247, 248, 251, 252, 253, 254, 255, 258, 259, 260, 261, 262, 263, 264, 266, 268, 278, 279, 281, 282, 283, 284, 285, 286, 288, 291, 292, 293, 295, 304, 305, 308, 309, 311, 312, 313, 314, 316, 318, 320, 332, 333, 335, 336, 339, 340, 342, 343, 344, 346, 349, 350, 351, 352, 353, 355, 357, 359, 363, 364, 365, 366, 367, 368, 382, 383, 385, 386, 387, 389, 391, 405, 406, 409, 410, 412, 415, 416, 417, 418, 420], "excluded_lines": [], "executed_branches": [[39, 40], [39, 41], [77, 78], [77, 79], [88, 89], [88, 90]], "missing_branches": [[53, 54], [53, 56], [56, 57], [56, 62], [57, 58], [57, 59], [62, 63], [62, 68], [63, 64], [63, 65], [68, 69], [68, 74], [69, 70], [69, 71], [223, 224], [223, 226], [235, 236], [235, 245], [237, 238], [237, 242], [246, 247], [246, 251], [252, 253], [252, 258], [254, 255], [254, 258], [259, 260], [259, 261], [261, 262], [261, 263], [263, 264], [263, 266], [281, 282], [281, 291], [283, 284], [283, 288], [292, 293], [292, 295], [304, 305], [304, 308], [311, 312], [311, 316], [332, 333], [332, 335], [335, 336], [335, 339], [342, 343], [342, 346], [350, 351], [350, 355], [382, 383], [382, 385], [405, 406], [405, 409], [416, 417], [416, 420]]}, "src/storage/storage_manager.py": {"executed_lines": [2, 9, 10, 11, 12, 14, 15, 16, 17, 18, 20, 23, 24, 25, 26, 29, 30, 31, 34, 35, 36, 39, 40, 41, 44, 45, 48, 49, 50, 51, 54, 55, 56, 57, 58, 59, 60, 61, 62, 63, 66, 67, 74, 129, 178, 254, 298, 333, 361, 385, 390], "summary": {"covered_lines": 48, "num_statements": 186, "percent_covered": 20.47244094488189, "percent_covered_display": "20.47", "missing_lines": 138, "excluded_lines": 0, "num_branches": 68, "num_partial_branches": 0, "covered_branches": 4, "missing_branches": 64}, "missing_lines": [81, 84, 85, 86, 89, 97, 103, 111, 120, 121, 122, 123, 125, 127, 136, 137, 138, 140, 141, 144, 148, 149, 152, 156, 157, 160, 161, 162, 165, 166, 167, 169, 170, 172, 174, 175, 176, 185, 186, 192, 199, 200, 201, 202, 208, 209, 212, 218, 220, 221, 225, 226, 229, 230, 231, 237, 238, 241, 242, 243, 249, 250, 252, 261, 263, 264, 267, 272, 273, 274, 275, 276, 277, 278, 281, 282, 283, 284, 286, 287, 288, 291, 292, 293, 294, 296, 305, 306, 307, 309, 312, 313, 314, 315, 316, 317, 318, 319, 322, 323, 324, 325, 326, 327, 328, 329, 331, 340, 341, 342, 344, 346, 351, 352, 353, 354, 355, 356, 357, 359, 363, 364, 366, 368, 369, 371, 373, 374, 376, 377, 379, 380, 382, 383, 387, 388, 392, 393], "excluded_lines": [], "executed_branches": [[23, 24], [23, 25], [54, 55], [54, 56]], "missing_branches": [[85, 86], [85, 89], [136, 137], [136, 140], [185, 186], [185, 192], [199, 200], [199, 218], [200, 201], [200, 212], [208, 209], [208, 218], [218, 220], [218, 229], [225, 226], [225, 229], [229, 230], [229, 241], [237, 238], [237, 241], [241, 242], [241, 252], [249, 250], [249, 252], [263, 264], [263, 267], [267, 272], [267, 291], [272, 273], [272, 284], [282, 267], [282, 283], [284, 267], [284, 286], [287, 267], [287, 288], [291, 292], [291, 296], [293, 294], [293, 296], [305, 306], [305, 309], [312, 313], [312, 322], [322, 323], [322, 331], [340, 341], [340, 344], [346, 351], [346, 359], [351, 346], [351, 352], [363, 364], [363, 366], [368, 369], [368, 371], [371, 373], [371, 376], [373, 374], [373, 376], [376, 377], [376, 379], [379, 380], [379, 382]]}, "src/streaming/__init__.py": {"executed_lines": [], "summary": {"covered_lines": 0, "num_statements": 4, "percent_covered": 0.0, "percent_covered_display": "0.00", "missing_lines": 4, "excluded_lines": 0, "num_branches": 0, "num_partial_branches": 0, "covered_branches": 0, "missing_branches": 0}, "missing_lines": [8, 9, 10, 12], "excluded_lines": [], "executed_branches": [], "missing_branches": []}, "src/streaming/sse_handler.py": {"executed_lines": [], "summary": {"covered_lines": 0, "num_statements": 87, "percent_covered": 0.0, "percent_covered_display": "0.00", "missing_lines": 87, "excluded_lines": 0, "num_branches": 22, "num_partial_branches": 0, "covered_branches": 0, "missing_branches": 22}, "missing_lines": [2, 9, 10, 11, 12, 13, 14, 16, 19, 22, 29, 30, 31, 34, 35, 36, 38, 40, 50, 52, 53, 57, 60, 61, 62, 65, 75, 77, 78, 80, 82, 83, 89, 90, 91, 95, 98, 100, 102, 103, 104, 105, 109, 112, 114, 124, 125, 130, 131, 133, 134, 136, 138, 140, 145, 147, 149, 150, 151, 152, 153, 158, 161, 162, 163, 165, 166, 167, 168, 170, 173, 175, 183, 186, 188, 189, 191, 194, 195, 198, 200, 202, 204, 205, 206, 208, 209], "excluded_lines": [], "executed_branches": [], "missing_branches": [[52, 53], [52, 60], [61, 62], [61, 65], [82, 83], [82, 89], [90, 91], [90, 98], [100, 102], [100, 103], [136, 138], [136, 147], [149, 150], [149, 151], [162, 163], [162, 165], [188, 189], [188, 191], [204, 205], [204, 208], [205, 204], [205, 206]]}, "src/streaming/video_streamer.py": {"executed_lines": [], "summary": {"covered_lines": 0, "num_statements": 58, "percent_covered": 0.0, "percent_covered_display": "0.00", "missing_lines": 58, "excluded_lines": 0, "num_branches": 18, "num_partial_branches": 0, "covered_branches": 0, "missing_branches": 18}, "missing_lines": [2, 9, 10, 11, 12, 13, 15, 18, 21, 28, 29, 30, 33, 39, 41, 52, 54, 55, 58, 59, 61, 63, 65, 66, 69, 70, 71, 74, 75, 76, 77, 78, 79, 80, 81, 82, 85, 86, 92, 98, 100, 104, 106, 107, 108, 109, 111, 112, 115, 117, 119, 120, 121, 123, 125, 126, 127, 129], "excluded_lines": [], "executed_branches": [], "missing_branches": [[54, 55], [54, 58], [65, 66], [65, 115], [69, 70], [69, 74], [76, 77], [76, 85], [98, 100], [98, 106], [119, -117], [119, 120], [120, 119], [120, 121], [125, 126], [125, 129], [126, 125], [126, 127]]}, "src/streaming/websocket_handler.py": {"executed_lines": [], "summary": {"covered_lines": 0, "num_statements": 90, "percent_covered": 0.0, "percent_covered_display": "0.00", "missing_lines": 90, "excluded_lines": 0, "num_branches": 32, "num_partial_branches": 0, "covered_branches": 0, "missing_branches": 32}, "missing_lines": [2, 9, 10, 11, 12, 13, 14, 16, 19, 22, 30, 31, 34, 35, 38, 40, 42, 45, 46, 48, 49, 51, 52, 59, 62, 72, 74, 75, 77, 78, 80, 81, 82, 84, 86, 87, 89, 90, 91, 93, 94, 95, 98, 99, 101, 103, 104, 106, 107, 108, 109, 112, 113, 114, 116, 117, 118, 123, 124, 125, 131, 132, 134, 135, 136, 138, 139, 140, 144, 145, 146, 148, 150, 151, 157, 159, 160, 161, 162, 164, 166, 169, 171, 173, 175, 179, 181, 183, 185, 188], "excluded_lines": [], "executed_branches": [], "missing_branches": [[46, 45], [46, 74], [51, 52], [51, 59], [75, 74], [75, 86], [80, 81], [80, 84], [81, 80], [81, 82], [87, 86], [87, 103], [93, 94], [93, 98], [94, 93], [94, 95], [98, 99], [98, 101], [104, 103], [104, 131], [112, 113], [112, 116], [132, -42], [132, 131], [159, -157], [159, 160], [161, 162], [161, 164], [173, 175], [173, 179], [179, 181], [179, 183]]}, "src/telegram_notifier.py": {"executed_lines": [], "summary": {"covered_lines": 0, "num_statements": 153, "percent_covered": 0.0, "percent_covered_display": "0.00", "missing_lines": 153, "excluded_lines": 0, "num_branches": 30, "num_partial_branches": 0, "covered_branches": 0, "missing_branches": 30}, "missing_lines": [5, 6, 7, 8, 9, 10, 11, 13, 16, 19, 20, 21, 22, 23, 25, 27, 28, 30, 32, 34, 36, 47, 48, 49, 51, 52, 53, 56, 57, 58, 61, 62, 63, 64, 66, 69, 71, 72, 73, 74, 76, 78, 79, 80, 81, 82, 83, 84, 85, 87, 89, 90, 91, 93, 95, 98, 101, 102, 103, 105, 107, 108, 109, 111, 113, 119, 120, 122, 123, 124, 125, 127, 129, 131, 132, 133, 135, 138, 140, 141, 142, 144, 145, 147, 148, 150, 151, 153, 155, 156, 161, 162, 163, 164, 166, 168, 170, 171, 172, 175, 176, 183, 185, 186, 188, 189, 190, 191, 193, 195, 196, 198, 199, 201, 203, 204, 206, 208, 209, 210, 212, 214, 215, 217, 219, 220, 221, 223, 225, 226, 228, 230, 231, 232, 234, 236, 237, 238, 241, 244, 246, 247, 248, 250, 252, 254, 261, 262, 264, 266, 268, 270, 272], "excluded_lines": [], "executed_branches": [], "missing_branches": [[27, 28], [27, 30], [47, 48], [47, 51], [51, 52], [51, 56], [71, 72], [71, 73], [89, 90], [89, 93], [101, 102], [101, 105], [102, 103], [102, 105], [131, 132], [131, 150], [133, 135], [133, 138], [140, 131], [140, 141], [147, 131], [147, 148], [170, 171], [170, 175], [175, 176], [175, 183], [185, 186], [185, 189], [198, 199], [198, 201]]}, "src/web_interface.py": {"executed_lines": [], "summary": {"covered_lines": 0, "num_statements": 422, "percent_covered": 0.0, "percent_covered_display": "0.00", "missing_lines": 422, "excluded_lines": 0, "num_branches": 154, "num_partial_branches": 0, "covered_branches": 0, "missing_branches": 154}, "missing_lines": [5, 6, 7, 8, 9, 10, 11, 12, 13, 14, 15, 16, 17, 18, 19, 21, 24, 27, 28, 31, 33, 34, 37, 40, 41, 42, 44, 45, 47, 49, 51, 53, 54, 55, 56, 59, 60, 63, 66, 67, 69, 70, 71, 73, 77, 78, 80, 82, 83, 85, 86, 87, 93, 94, 95, 97, 108, 109, 110, 115, 116, 118, 119, 120, 126, 128, 134, 135, 136, 141, 142, 144, 145, 146, 152, 153, 154, 160, 161, 162, 164, 167, 168, 170, 177, 178, 179, 184, 185, 187, 188, 189, 195, 196, 197, 203, 204, 206, 207, 208, 216, 223, 224, 225, 230, 231, 233, 234, 235, 236, 238, 239, 244, 246, 252, 253, 254, 259, 260, 262, 263, 264, 265, 267, 268, 273, 278, 284, 285, 286, 291, 292, 294, 295, 296, 298, 299, 300, 302, 303, 304, 305, 306, 307, 309, 314, 315, 316, 321, 322, 324, 325, 326, 328, 329, 330, 332, 334, 339, 340, 341, 350, 352, 353, 354, 355, 356, 357, 359, 360, 361, 362, 363, 365, 366, 367, 368, 369, 371, 372, 373, 376, 377, 378, 379, 380, 381, 383, 384, 385, 386, 387, 388, 390, 395, 396, 397, 399, 400, 401, 402, 403, 405, 406, 407, 408, 409, 410, 412, 413, 415, 416, 417, 418, 421, 422, 423, 424, 425, 428, 429, 431, 432, 433, 434, 435, 436, 438, 440, 441, 442, 444, 445, 446, 447, 448, 450, 451, 452, 453, 456, 457, 458, 460, 461, 462, 463, 464, 465, 468, 471, 472, 473, 474, 475, 476, 477, 478, 480, 482, 483, 484, 486, 487, 488, 489, 490, 492, 493, 494, 496, 497, 498, 500, 502, 503, 504, 506, 507, 509, 510, 511, 513, 514, 515, 516, 517, 518, 523, 524, 525, 526, 528, 529, 531, 532, 533, 534, 535, 536, 537, 538, 539, 540, 541, 542, 544, 545, 546, 547, 548, 549, 550, 551, 552, 553, 554, 555, 556, 558, 559, 561, 562, 563, 565, 566, 567, 568, 569, 571, 572, 573, 574, 577, 578, 579, 580, 583, 584, 585, 586, 587, 588, 589, 590, 591, 592, 595, 598, 599, 601, 602, 603, 604, 605, 606, 608, 610, 611, 612, 613, 614, 615, 618, 619, 620, 621, 623, 625, 626, 627, 629, 630, 631, 632, 633, 634, 635, 636, 637, 638, 639, 640, 641, 643, 644, 646, 647, 648, 649, 650, 651, 654, 655, 657, 658, 660, 662, 672, 673, 675, 676, 678, 680, 690, 691, 693, 694, 696, 698, 703, 705, 706, 708, 709, 711, 712, 713, 714, 717, 719, 720], "excluded_lines": [], "executed_branches": [], "missing_branches": [[44, 45], [44, 47], [59, 60], [59, 63], [66, 67], [66, 69], [78, 77], [78, 82], [83, 82], [83, 115], [86, 87], [86, 93], [116, 115], [116, 141], [119, 120], [119, 126], [142, 141], [142, 184], [145, 146], [145, 152], [153, 154], [153, 160], [167, 168], [167, 170], [185, 184], [185, 230], [188, 189], [188, 195], [196, 197], [196, 203], [206, 207], [206, 216], [231, 230], [231, 259], [238, 239], [238, 244], [260, 259], [260, 291], [267, 268], [267, 273], [292, 291], [292, 321], [298, 299], [298, 309], [299, 300], [299, 309], [302, 299], [302, 303], [322, 321], [322, 350], [328, 329], [328, 334], [329, 330], [329, 334], [352, 353], [352, 354], [366, 365], [366, 399], [368, 369], [368, 371], [383, 384], [383, 390], [386, -386], [386, 387], [400, 399], [400, 444], [402, 403], [402, 405], [407, 408], [407, 409], [409, 410], [409, 412], [429, 431], [429, 438], [432, 433], [432, 436], [445, 444], [445, 486], [447, 448], [447, 450], [452, 453], [452, 456], [457, 458], [457, 460], [472, 473], [472, 480], [474, 475], [474, 478], [487, 486], [487, 506], [489, 490], [489, 492], [493, 494], [493, 496], [497, 498], [497, 500], [507, 506], [507, 528], [510, 511], [510, 513], [516, 517], [516, 523], [517, 518], [517, 523], [529, 528], [529, 544], [532, 533], [532, 534], [536, 537], [536, 538], [545, 544], [545, 558], [547, 548], [547, 549], [551, 552], [551, 553], [559, 558], [559, 629], [562, 563], [562, 565], [568, 569], [568, 571], [573, 574], [573, 577], [587, 588], [587, 595], [599, 601], [599, 608], [608, 610], [608, 618], [611, 612], [611, 615], [630, 629], [630, 643], [632, 633], [632, 634], [636, 637], [636, 638], [644, 643], [644, 654], [655, 654], [655, 672], [657, 658], [657, 660], [673, 672], [673, 690], [675, 676], [675, 678], [691, -73], [691, 690], [693, 694], [693, 696], [708, 709], [708, 711]]}}, "totals": {"covered_lines": 3716, "num_statements": 14384, "percent_covered": 23.93899924020406, "percent_covered_display": "23.94", "missing_lines": 10668, "excluded_lines": 141, "num_branches": 4042, "num_partial_branches": 113, "covered_branches": 695, "missing_branches": 3347}}