{"meta": {"format": 3, "version": "7.11.0", "timestamp": "2025-10-31T03:42:42.675557", "branch_coverage": true, "show_contexts": false}, "files": {"config/__init__.py": {"executed_lines": [], "summary": {"covered_lines": 0, "num_statements": 0, "percent_covered": 100.0, "percent_covered_display": "100.00", "missing_lines": 0, "excluded_lines": 0, "num_branches": 0, "num_partial_branches": 0, "covered_branches": 0, "missing_branches": 0}, "missing_lines": [], "excluded_lines": [], "executed_branches": [], "missing_branches": [], "functions": {"": {"executed_lines": [], "summary": {"covered_lines": 0, "num_statements": 0, "percent_covered": 100.0, "percent_covered_display": "100.00", "missing_lines": 0, "excluded_lines": 0, "num_branches": 0, "num_partial_branches": 0, "covered_branches": 0, "missing_branches": 0}, "missing_lines": [], "excluded_lines": [], "executed_branches": [], "missing_branches": []}}, "classes": {"": {"executed_lines": [], "summary": {"covered_lines": 0, "num_statements": 0, "percent_covered": 100.0, "percent_covered_display": "100.00", "missing_lines": 0, "excluded_lines": 0, "num_branches": 0, "num_partial_branches": 0, "covered_branches": 0, "missing_branches": 0}, "missing_lines": [], "excluded_lines": [], "executed_branches": [], "missing_branches": []}}}, "config/credentials_template.py": {"executed_lines": [], "summary": {"covered_lines": 0, "num_statements": 7, "percent_covered": 0.0, "percent_covered_display": "0.00", "missing_lines": 7, "excluded_lines": 0, "num_branches": 0, "num_partial_branches": 0, "covered_branches": 0, "missing_branches": 0}, "missing_lines": [10, 14, 17, 23, 24, 25, 26], "excluded_lines": [], "executed_branches": [], "missing_branches": [], "functions": {"": {"executed_lines": [], "summary": {"covered_lines": 0, "num_statements": 7, "percent_covered": 0.0, "percent_covered_display": "0.00", "missing_lines": 7, "excluded_lines": 0, "num_branches": 0, "num_partial_branches": 0, "covered_branches": 0, "missing_branches": 0}, "missing_lines": [10, 14, 17, 23, 24, 25, 26], "excluded_lines": [], "executed_branches": [], "missing_branches": []}}, "classes": {"": {"executed_lines": [], "summary": {"covered_lines": 0, "num_statements": 7, "percent_covered": 0.0, "percent_covered_display": "0.00", "missing_lines": 7, "excluded_lines": 0, "num_branches": 0, "num_partial_branches": 0, "covered_branches": 0, "missing_branches": 0}, "missing_lines": [10, 14, 17, 23, 24, 25, 26], "excluded_lines": [], "executed_branches": [], "missing_branches": []}}}, "config/environment.py": {"executed_lines": [], "summary": {"covered_lines": 0, "num_statements": 147, "percent_covered": 0.0, "percent_covered_display": "0.00", "missing_lines": 147, "excluded_lines": 0, "num_branches": 56, "num_partial_branches": 0, "covered_branches": 0, "missing_branches": 56}, "missing_lines": [8, 9, 10, 11, 12, 14, 16, 19, 21, 22, 23, 24, 26, 27, 39, 40, 41, 42, 48, 51, 57, 58, 60, 62, 69, 72, 75, 78, 81, 83, 85, 92, 95, 96, 97, 98, 99, 100, 101, 102, 104, 105, 106, 107, 108, 110, 116, 118, 124, 130, 131, 132, 133, 134, 136, 138, 147, 149, 150, 151, 152, 155, 156, 157, 158, 160, 162, 164, 176, 205, 206, 207, 208, 210, 211, 213, 214, 215, 216, 217, 218, 220, 230, 231, 232, 233, 234, 235, 237, 239, 245, 247, 248, 249, 251, 253, 254, 255, 256, 257, 259, 261, 262, 263, 265, 267, 268, 269, 270, 271, 274, 275, 276, 277, 279, 288, 290, 291, 293, 294, 296, 297, 299, 301, 302, 304, 310, 312, 318, 320, 326, 328, 334, 349, 361, 363, 364, 365, 367, 368, 372, 373, 374, 375, 378, 384, 385], "excluded_lines": [], "executed_branches": [], "missing_branches": [[95, 96], [95, 97], [97, 98], [97, 99], [99, 100], [99, 101], [101, 102], [101, 104], [130, 131], [130, 136], [150, 151], [150, 162], [156, 157], [156, 160], [157, 156], [157, 158], [205, -164], [205, 206], [207, 205], [207, 208], [211, 205], [211, 213], [230, 231], [230, 232], [232, 233], [232, 234], [234, 235], [234, 237], [245, 247], [245, 251], [251, 253], [251, 259], [259, 261], [259, 265], [265, -239], [265, 267], [274, 275], [274, 276], [276, -239], [276, 277], [288, 290], [288, 299], [290, 291], [290, 293], [293, 294], [293, 296], [296, -279], [296, 297], [299, -279], [299, 301], [301, -279], [301, 302], [364, 365], [364, 367], [372, 373], [372, 374]], "functions": {"Environment.from_string": {"executed_lines": [], "summary": {"covered_lines": 0, "num_statements": 4, "percent_covered": 0.0, "percent_covered_display": "0.00", "missing_lines": 4, "excluded_lines": 0, "num_branches": 0, "num_partial_branches": 0, "covered_branches": 0, "missing_branches": 0}, "missing_lines": [39, 40, 41, 42], "excluded_lines": [], "executed_branches": [], "missing_branches": []}, "EnvironmentManager.__init__": {"executed_lines": [], "summary": {"covered_lines": 0, "num_statements": 3, "percent_covered": 0.0, "percent_covered_display": "0.00", "missing_lines": 3, "excluded_lines": 0, "num_branches": 0, "num_partial_branches": 0, "covered_branches": 0, "missing_branches": 0}, "missing_lines": [57, 58, 60], "excluded_lines": [], "executed_branches": [], "missing_branches": []}, "EnvironmentManager.load_environment_config": {"executed_lines": [], "summary": {"covered_lines": 0, "num_statements": 6, "percent_covered": 0.0, "percent_covered_display": "0.00", "missing_lines": 6, "excluded_lines": 0, "num_branches": 0, "num_partial_branches": 0, "covered_branches": 0, "missing_branches": 0}, "missing_lines": [69, 72, 75, 78, 81, 83], "excluded_lines": [], "executed_branches": [], "missing_branches": []}, "EnvironmentManager._detect_environment": {"executed_lines": [], "summary": {"covered_lines": 0, "num_statements": 14, "percent_covered": 0.0, "percent_covered_display": "0.00", "missing_lines": 14, "excluded_lines": 0, "num_branches": 8, "num_partial_branches": 0, "covered_branches": 0, "missing_branches": 8}, "missing_lines": [92, 95, 96, 97, 98, 99, 100, 101, 102, 104, 105, 106, 107, 108], "excluded_lines": [], "executed_branches": [], "missing_branches": [[95, 96], [95, 97], [97, 98], [97, 99], [99, 100], [99, 101], [101, 102], [101, 104]]}, "EnvironmentManager._load_base_config": {"executed_lines": [], "summary": {"covered_lines": 0, "num_statements": 1, "percent_covered": 0.0, "percent_covered_display": "0.00", "missing_lines": 1, "excluded_lines": 0, "num_branches": 0, "num_partial_branches": 0, "covered_branches": 0, "missing_branches": 0}, "missing_lines": [116], "excluded_lines": [], "executed_branches": [], "missing_branches": []}, "EnvironmentManager._load_environment_overrides": {"executed_lines": [], "summary": {"covered_lines": 0, "num_statements": 7, "percent_covered": 0.0, "percent_covered_display": "0.00", "missing_lines": 7, "excluded_lines": 0, "num_branches": 2, "num_partial_branches": 0, "covered_branches": 0, "missing_branches": 2}, "missing_lines": [124, 130, 131, 132, 133, 134, 136], "excluded_lines": [], "executed_branches": [], "missing_branches": [[130, 131], [130, 136]]}, "EnvironmentManager._load_config_from_file": {"executed_lines": [], "summary": {"covered_lines": 0, "num_statements": 11, "percent_covered": 0.0, "percent_covered_display": "0.00", "missing_lines": 11, "excluded_lines": 0, "num_branches": 6, "num_partial_branches": 0, "covered_branches": 0, "missing_branches": 6}, "missing_lines": [147, 149, 150, 151, 152, 155, 156, 157, 158, 160, 162], "excluded_lines": [], "executed_branches": [], "missing_branches": [[150, 151], [150, 162], [156, 157], [156, 160], [157, 156], [157, 158]]}, "EnvironmentManager._apply_env_variables": {"executed_lines": [], "summary": {"covered_lines": 0, "num_statements": 13, "percent_covered": 0.0, "percent_covered_display": "0.00", "missing_lines": 13, "excluded_lines": 0, "num_branches": 6, "num_partial_branches": 0, "covered_branches": 0, "missing_branches": 6}, "missing_lines": [176, 205, 206, 207, 208, 210, 211, 213, 214, 215, 216, 217, 218], "excluded_lines": [], "executed_branches": [], "missing_branches": [[205, -164], [205, 206], [207, 205], [207, 208], [211, 205], [211, 213]]}, "EnvironmentManager._convert_env_value": {"executed_lines": [], "summary": {"covered_lines": 0, "num_statements": 7, "percent_covered": 0.0, "percent_covered_display": "0.00", "missing_lines": 7, "excluded_lines": 0, "num_branches": 6, "num_partial_branches": 0, "covered_branches": 0, "missing_branches": 6}, "missing_lines": [230, 231, 232, 233, 234, 235, 237], "excluded_lines": [], "executed_branches": [], "missing_branches": [[230, 231], [230, 232], [232, 233], [232, 234], [234, 235], [234, 237]]}, "EnvironmentManager._apply_environment_defaults": {"executed_lines": [], "summary": {"covered_lines": 0, "num_statements": 24, "percent_covered": 0.0, "percent_covered_display": "0.00", "missing_lines": 24, "excluded_lines": 0, "num_branches": 12, "num_partial_branches": 0, "covered_branches": 0, "missing_branches": 12}, "missing_lines": [245, 247, 248, 249, 251, 253, 254, 255, 256, 257, 259, 261, 262, 263, 265, 267, 268, 269, 270, 271, 274, 275, 276, 277], "excluded_lines": [], "executed_branches": [], "missing_branches": [[245, 247], [245, 251], [251, 253], [251, 259], [259, 261], [259, 265], [265, -239], [265, 267], [274, 275], [274, 276], [276, -239], [276, 277]]}, "EnvironmentManager._validate_environment_config": {"executed_lines": [], "summary": {"covered_lines": 0, "num_statements": 10, "percent_covered": 0.0, "percent_covered_display": "0.00", "missing_lines": 10, "excluded_lines": 0, "num_branches": 12, "num_partial_branches": 0, "covered_branches": 0, "missing_branches": 12}, "missing_lines": [288, 290, 291, 293, 294, 296, 297, 299, 301, 302], "excluded_lines": [], "executed_branches": [], "missing_branches": [[288, 290], [288, 299], [290, 291], [290, 293], [293, 294], [293, 296], [296, -279], [296, 297], [299, -279], [299, 301], [301, -279], [301, 302]]}, "EnvironmentManager.get_environment": {"executed_lines": [], "summary": {"covered_lines": 0, "num_statements": 1, "percent_covered": 0.0, "percent_covered_display": "0.00", "missing_lines": 1, "excluded_lines": 0, "num_branches": 0, "num_partial_branches": 0, "covered_branches": 0, "missing_branches": 0}, "missing_lines": [310], "excluded_lines": [], "executed_branches": [], "missing_branches": []}, "EnvironmentManager.is_production": {"executed_lines": [], "summary": {"covered_lines": 0, "num_statements": 1, "percent_covered": 0.0, "percent_covered_display": "0.00", "missing_lines": 1, "excluded_lines": 0, "num_branches": 0, "num_partial_branches": 0, "covered_branches": 0, "missing_branches": 0}, "missing_lines": [318], "excluded_lines": [], "executed_branches": [], "missing_branches": []}, "EnvironmentManager.is_development": {"executed_lines": [], "summary": {"covered_lines": 0, "num_statements": 1, "percent_covered": 0.0, "percent_covered_display": "0.00", "missing_lines": 1, "excluded_lines": 0, "num_branches": 0, "num_partial_branches": 0, "covered_branches": 0, "missing_branches": 0}, "missing_lines": [326], "excluded_lines": [], "executed_branches": [], "missing_branches": []}, "EnvironmentManager.get_environment_info": {"executed_lines": [], "summary": {"covered_lines": 0, "num_statements": 1, "percent_covered": 0.0, "percent_covered_display": "0.00", "missing_lines": 1, "excluded_lines": 0, "num_branches": 0, "num_partial_branches": 0, "covered_branches": 0, "missing_branches": 0}, "missing_lines": [334], "excluded_lines": [], "executed_branches": [], "missing_branches": []}, "load_config_for_environment": {"executed_lines": [], "summary": {"covered_lines": 0, "num_statements": 10, "percent_covered": 0.0, "percent_covered_display": "0.00", "missing_lines": 10, "excluded_lines": 0, "num_branches": 4, "num_partial_branches": 0, "covered_branches": 0, "missing_branches": 4}, "missing_lines": [361, 363, 364, 365, 367, 368, 372, 373, 374, 375], "excluded_lines": [], "executed_branches": [], "missing_branches": [[364, 365], [364, 367], [372, 373], [372, 374]]}, "get_current_environment": {"executed_lines": [], "summary": {"covered_lines": 0, "num_statements": 2, "percent_covered": 0.0, "percent_covered_display": "0.00", "missing_lines": 2, "excluded_lines": 0, "num_branches": 0, "num_partial_branches": 0, "covered_branches": 0, "missing_branches": 0}, "missing_lines": [384, 385], "excluded_lines": [], "executed_branches": [], "missing_branches": []}, "": {"executed_lines": [], "summary": {"covered_lines": 0, "num_statements": 31, "percent_covered": 0.0, "percent_covered_display": "0.00", "missing_lines": 31, "excluded_lines": 0, "num_branches": 0, "num_partial_branches": 0, "covered_branches": 0, "missing_branches": 0}, "missing_lines": [8, 9, 10, 11, 12, 14, 16, 19, 21, 22, 23, 24, 26, 27, 48, 51, 62, 85, 110, 118, 138, 164, 220, 239, 279, 304, 312, 320, 328, 349, 378], "excluded_lines": [], "executed_branches": [], "missing_branches": []}}, "classes": {"Environment": {"executed_lines": [], "summary": {"covered_lines": 0, "num_statements": 4, "percent_covered": 0.0, "percent_covered_display": "0.00", "missing_lines": 4, "excluded_lines": 0, "num_branches": 0, "num_partial_branches": 0, "covered_branches": 0, "missing_branches": 0}, "missing_lines": [39, 40, 41, 42], "excluded_lines": [], "executed_branches": [], "missing_branches": []}, "EnvironmentManager": {"executed_lines": [], "summary": {"covered_lines": 0, "num_statements": 100, "percent_covered": 0.0, "percent_covered_display": "0.00", "missing_lines": 100, "excluded_lines": 0, "num_branches": 52, "num_partial_branches": 0, "covered_branches": 0, "missing_branches": 52}, "missing_lines": [57, 58, 60, 69, 72, 75, 78, 81, 83, 92, 95, 96, 97, 98, 99, 100, 101, 102, 104, 105, 106, 107, 108, 116, 124, 130, 131, 132, 133, 134, 136, 147, 149, 150, 151, 152, 155, 156, 157, 158, 160, 162, 176, 205, 206, 207, 208, 210, 211, 213, 214, 215, 216, 217, 218, 230, 231, 232, 233, 234, 235, 237, 245, 247, 248, 249, 251, 253, 254, 255, 256, 257, 259, 261, 262, 263, 265, 267, 268, 269, 270, 271, 274, 275, 276, 277, 288, 290, 291, 293, 294, 296, 297, 299, 301, 302, 310, 318, 326, 334], "excluded_lines": [], "executed_branches": [], "missing_branches": [[95, 96], [95, 97], [97, 98], [97, 99], [99, 100], [99, 101], [101, 102], [101, 104], [130, 131], [130, 136], [150, 151], [150, 162], [156, 157], [156, 160], [157, 156], [157, 158], [205, -164], [205, 206], [207, 205], [207, 208], [211, 205], [211, 213], [230, 231], [230, 232], [232, 233], [232, 234], [234, 235], [234, 237], [245, 247], [245, 251], [251, 253], [251, 259], [259, 261], [259, 265], [265, -239], [265, 267], [274, 275], [274, 276], [276, -239], [276, 277], [288, 290], [288, 299], [290, 291], [290, 293], [293, 294], [293, 296], [296, -279], [296, 297], [299, -279], [299, 301], [301, -279], [301, 302]]}, "": {"executed_lines": [], "summary": {"covered_lines": 0, "num_statements": 43, "percent_covered": 0.0, "percent_covered_display": "0.00", "missing_lines": 43, "excluded_lines": 0, "num_branches": 4, "num_partial_branches": 0, "covered_branches": 0, "missing_branches": 4}, "missing_lines": [8, 9, 10, 11, 12, 14, 16, 19, 21, 22, 23, 24, 26, 27, 48, 51, 62, 85, 110, 118, 138, 164, 220, 239, 279, 304, 312, 320, 328, 349, 361, 363, 364, 365, 367, 368, 372, 373, 374, 375, 378, 384, 385], "excluded_lines": [], "executed_branches": [], "missing_branches": [[364, 365], [364, 367], [372, 373], [372, 374]]}}}, "config/event_config.py": {"executed_lines": [], "summary": {"covered_lines": 0, "num_statements": 23, "percent_covered": 0.0, "percent_covered_display": "0.00", "missing_lines": 23, "excluded_lines": 0, "num_branches": 4, "num_partial_branches": 0, "covered_branches": 0, "missing_branches": 4}, "missing_lines": [9, 10, 13, 21, 31, 46, 60, 71, 79, 88, 99, 106, 118, 120, 121, 122, 126, 140, 142, 145, 146, 147, 149], "excluded_lines": [], "executed_branches": [], "missing_branches": [[145, 146], [145, 149], [146, 145], [146, 147]], "functions": {"get_event_config": {"executed_lines": [], "summary": {"covered_lines": 0, "num_statements": 1, "percent_covered": 0.0, "percent_covered_display": "0.00", "missing_lines": 1, "excluded_lines": 0, "num_branches": 0, "num_partial_branches": 0, "covered_branches": 0, "missing_branches": 0}, "missing_lines": [106], "excluded_lines": [], "executed_branches": [], "missing_branches": []}, "get_database_path": {"executed_lines": [], "summary": {"covered_lines": 0, "num_statements": 3, "percent_covered": 0.0, "percent_covered_display": "0.00", "missing_lines": 3, "excluded_lines": 0, "num_branches": 0, "num_partial_branches": 0, "covered_branches": 0, "missing_branches": 0}, "missing_lines": [120, 121, 122], "excluded_lines": [], "executed_branches": [], "missing_branches": []}, "get_dev_config": {"executed_lines": [], "summary": {"covered_lines": 0, "num_statements": 5, "percent_covered": 0.0, "percent_covered_display": "0.00", "missing_lines": 5, "excluded_lines": 0, "num_branches": 4, "num_partial_branches": 0, "covered_branches": 0, "missing_branches": 4}, "missing_lines": [142, 145, 146, 147, 149], "excluded_lines": [], "executed_branches": [], "missing_branches": [[145, 146], [145, 149], [146, 145], [146, 147]]}, "": {"executed_lines": [], "summary": {"covered_lines": 0, "num_statements": 14, "percent_covered": 0.0, "percent_covered_display": "0.00", "missing_lines": 14, "excluded_lines": 0, "num_branches": 0, "num_partial_branches": 0, "covered_branches": 0, "missing_branches": 0}, "missing_lines": [9, 10, 13, 21, 31, 46, 60, 71, 79, 88, 99, 118, 126, 140], "excluded_lines": [], "executed_branches": [], "missing_branches": []}}, "classes": {"": {"executed_lines": [], "summary": {"covered_lines": 0, "num_statements": 23, "percent_covered": 0.0, "percent_covered_display": "0.00", "missing_lines": 23, "excluded_lines": 0, "num_branches": 4, "num_partial_branches": 0, "covered_branches": 0, "missing_branches": 4}, "missing_lines": [9, 10, 13, 21, 31, 46, 60, 71, 79, 88, 99, 106, 118, 120, 121, 122, 126, 140, 142, 145, 146, 147, 149], "excluded_lines": [], "executed_branches": [], "missing_branches": [[145, 146], [145, 149], [146, 145], [146, 147]]}}}, "config/hardware_config.py": {"executed_lines": [], "summary": {"covered_lines": 0, "num_statements": 99, "percent_covered": 0.0, "percent_covered_display": "0.00", "missing_lines": 99, "excluded_lines": 0, "num_branches": 4, "num_partial_branches": 0, "covered_branches": 0, "missing_branches": 4}, "missing_lines": [8, 9, 10, 11, 13, 16, 17, 20, 21, 22, 23, 24, 25, 26, 29, 30, 32, 33, 35, 47, 49, 62, 63, 66, 67, 68, 73, 74, 77, 78, 80, 81, 83, 97, 99, 110, 111, 114, 116, 123, 130, 137, 145, 148, 149, 151, 152, 154, 185, 187, 198, 200, 211, 212, 215, 216, 217, 218, 220, 221, 223, 230, 232, 240, 241, 245, 246, 247, 250, 251, 252, 253, 255, 256, 266, 276, 277, 287, 295, 305, 312, 314, 324, 334, 336, 338, 339, 340, 342, 343, 345, 347, 348, 355, 357, 365, 371, 381, 384], "excluded_lines": [], "executed_branches": [], "missing_branches": [[336, 338], [336, 340], [340, 342], [340, 345]], "functions": {"CameraConfig.from_dict": {"executed_lines": [], "summary": {"covered_lines": 0, "num_statements": 1, "percent_covered": 0.0, "percent_covered_display": "0.00", "missing_lines": 1, "excluded_lines": 0, "num_branches": 0, "num_partial_branches": 0, "covered_branches": 0, "missing_branches": 0}, "missing_lines": [35], "excluded_lines": [], "executed_branches": [], "missing_branches": []}, "CameraConfig.to_dict": {"executed_lines": [], "summary": {"covered_lines": 0, "num_statements": 1, "percent_covered": 0.0, "percent_covered_display": "0.00", "missing_lines": 1, "excluded_lines": 0, "num_branches": 0, "num_partial_branches": 0, "covered_branches": 0, "missing_branches": 0}, "missing_lines": [49], "excluded_lines": [], "executed_branches": [], "missing_branches": []}, "GPIOConfig.from_dict": {"executed_lines": [], "summary": {"covered_lines": 0, "num_statements": 1, "percent_covered": 0.0, "percent_covered_display": "0.00", "missing_lines": 1, "excluded_lines": 0, "num_branches": 0, "num_partial_branches": 0, "covered_branches": 0, "missing_branches": 0}, "missing_lines": [83], "excluded_lines": [], "executed_branches": [], "missing_branches": []}, "GPIOConfig.to_dict": {"executed_lines": [], "summary": {"covered_lines": 0, "num_statements": 1, "percent_covered": 0.0, "percent_covered_display": "0.00", "missing_lines": 1, "excluded_lines": 0, "num_branches": 0, "num_partial_branches": 0, "covered_branches": 0, "missing_branches": 0}, "missing_lines": [99], "excluded_lines": [], "executed_branches": [], "missing_branches": []}, "SensorConfig.from_dict": {"executed_lines": [], "summary": {"covered_lines": 0, "num_statements": 1, "percent_covered": 0.0, "percent_covered_display": "0.00", "missing_lines": 1, "excluded_lines": 0, "num_branches": 0, "num_partial_branches": 0, "covered_branches": 0, "missing_branches": 0}, "missing_lines": [154], "excluded_lines": [], "executed_branches": [], "missing_branches": []}, "SensorConfig.to_dict": {"executed_lines": [], "summary": {"covered_lines": 0, "num_statements": 1, "percent_covered": 0.0, "percent_covered_display": "0.00", "missing_lines": 1, "excluded_lines": 0, "num_branches": 0, "num_partial_branches": 0, "covered_branches": 0, "missing_branches": 0}, "missing_lines": [187], "excluded_lines": [], "executed_branches": [], "missing_branches": []}, "SensorConfig.get_sensor_manager_config": {"executed_lines": [], "summary": {"covered_lines": 0, "num_statements": 1, "percent_covered": 0.0, "percent_covered_display": "0.00", "missing_lines": 1, "excluded_lines": 0, "num_branches": 0, "num_partial_branches": 0, "covered_branches": 0, "missing_branches": 0}, "missing_lines": [200], "excluded_lines": [], "executed_branches": [], "missing_branches": []}, "PerformanceConfig.from_dict": {"executed_lines": [], "summary": {"covered_lines": 0, "num_statements": 1, "percent_covered": 0.0, "percent_covered_display": "0.00", "missing_lines": 1, "excluded_lines": 0, "num_branches": 0, "num_partial_branches": 0, "covered_branches": 0, "missing_branches": 0}, "missing_lines": [223], "excluded_lines": [], "executed_branches": [], "missing_branches": []}, "PerformanceConfig.to_dict": {"executed_lines": [], "summary": {"covered_lines": 0, "num_statements": 1, "percent_covered": 0.0, "percent_covered_display": "0.00", "missing_lines": 1, "excluded_lines": 0, "num_branches": 0, "num_partial_branches": 0, "covered_branches": 0, "missing_branches": 0}, "missing_lines": [232], "excluded_lines": [], "executed_branches": [], "missing_branches": []}, "HardwareConfig.from_dict": {"executed_lines": [], "summary": {"covered_lines": 0, "num_statements": 1, "percent_covered": 0.0, "percent_covered_display": "0.00", "missing_lines": 1, "excluded_lines": 0, "num_branches": 0, "num_partial_branches": 0, "covered_branches": 0, "missing_branches": 0}, "missing_lines": [266], "excluded_lines": [], "executed_branches": [], "missing_branches": []}, "HardwareConfig.from_legacy_config": {"executed_lines": [], "summary": {"covered_lines": 0, "num_statements": 3, "percent_covered": 0.0, "percent_covered_display": "0.00", "missing_lines": 3, "excluded_lines": 0, "num_branches": 0, "num_partial_branches": 0, "covered_branches": 0, "missing_branches": 0}, "missing_lines": [287, 295, 305], "excluded_lines": [], "executed_branches": [], "missing_branches": []}, "HardwareConfig.to_dict": {"executed_lines": [], "summary": {"covered_lines": 0, "num_statements": 1, "percent_covered": 0.0, "percent_covered_display": "0.00", "missing_lines": 1, "excluded_lines": 0, "num_branches": 0, "num_partial_branches": 0, "covered_branches": 0, "missing_branches": 0}, "missing_lines": [314], "excluded_lines": [], "executed_branches": [], "missing_branches": []}, "HardwareConfig.to_platform_specific_config": {"executed_lines": [], "summary": {"covered_lines": 0, "num_statements": 8, "percent_covered": 0.0, "percent_covered_display": "0.00", "missing_lines": 8, "excluded_lines": 0, "num_branches": 4, "num_partial_branches": 0, "covered_branches": 0, "missing_branches": 4}, "missing_lines": [334, 336, 338, 339, 340, 342, 343, 345], "excluded_lines": [], "executed_branches": [], "missing_branches": [[336, 338], [336, 340], [340, 342], [340, 345]]}, "HardwareConfig.from_environment": {"executed_lines": [], "summary": {"covered_lines": 0, "num_statements": 4, "percent_covered": 0.0, "percent_covered_display": "0.00", "missing_lines": 4, "excluded_lines": 0, "num_branches": 0, "num_partial_branches": 0, "covered_branches": 0, "missing_branches": 0}, "missing_lines": [355, 357, 365, 371], "excluded_lines": [], "executed_branches": [], "missing_branches": []}, "": {"executed_lines": [], "summary": {"covered_lines": 0, "num_statements": 73, "percent_covered": 0.0, "percent_covered_display": "0.00", "missing_lines": 73, "excluded_lines": 0, "num_branches": 0, "num_partial_branches": 0, "covered_branches": 0, "missing_branches": 0}, "missing_lines": [8, 9, 10, 11, 13, 16, 17, 20, 21, 22, 23, 24, 25, 26, 29, 30, 32, 33, 47, 62, 63, 66, 67, 68, 73, 74, 77, 78, 80, 81, 97, 110, 111, 114, 116, 123, 130, 137, 145, 148, 149, 151, 152, 185, 198, 211, 212, 215, 216, 217, 218, 220, 221, 230, 240, 241, 245, 246, 247, 250, 251, 252, 253, 255, 256, 276, 277, 312, 324, 347, 348, 381, 384], "excluded_lines": [], "executed_branches": [], "missing_branches": []}}, "classes": {"CameraConfig": {"executed_lines": [], "summary": {"covered_lines": 0, "num_statements": 2, "percent_covered": 0.0, "percent_covered_display": "0.00", "missing_lines": 2, "excluded_lines": 0, "num_branches": 0, "num_partial_branches": 0, "covered_branches": 0, "missing_branches": 0}, "missing_lines": [35, 49], "excluded_lines": [], "executed_branches": [], "missing_branches": []}, "GPIOConfig": {"executed_lines": [], "summary": {"covered_lines": 0, "num_statements": 2, "percent_covered": 0.0, "percent_covered_display": "0.00", "missing_lines": 2, "excluded_lines": 0, "num_branches": 0, "num_partial_branches": 0, "covered_branches": 0, "missing_branches": 0}, "missing_lines": [83, 99], "excluded_lines": [], "executed_branches": [], "missing_branches": []}, "SensorConfig": {"executed_lines": [], "summary": {"covered_lines": 0, "num_statements": 3, "percent_covered": 0.0, "percent_covered_display": "0.00", "missing_lines": 3, "excluded_lines": 0, "num_branches": 0, "num_partial_branches": 0, "covered_branches": 0, "missing_branches": 0}, "missing_lines": [154, 187, 200], "excluded_lines": [], "executed_branches": [], "missing_branches": []}, "PerformanceConfig": {"executed_lines": [], "summary": {"covered_lines": 0, "num_statements": 2, "percent_covered": 0.0, "percent_covered_display": "0.00", "missing_lines": 2, "excluded_lines": 0, "num_branches": 0, "num_partial_branches": 0, "covered_branches": 0, "missing_branches": 0}, "missing_lines": [223, 232], "excluded_lines": [], "executed_branches": [], "missing_branches": []}, "HardwareConfig": {"executed_lines": [], "summary": {"covered_lines": 0, "num_statements": 17, "percent_covered": 0.0, "percent_covered_display": "0.00", "missing_lines": 17, "excluded_lines": 0, "num_branches": 4, "num_partial_branches": 0, "covered_branches": 0, "missing_branches": 4}, "missing_lines": [266, 287, 295, 305, 314, 334, 336, 338, 339, 340, 342, 343, 345, 355, 357, 365, 371], "excluded_lines": [], "executed_branches": [], "missing_branches": [[336, 338], [336, 340], [340, 342], [340, 345]]}, "": {"executed_lines": [], "summary": {"covered_lines": 0, "num_statements": 73, "percent_covered": 0.0, "percent_covered_display": "0.00", "missing_lines": 73, "excluded_lines": 0, "num_branches": 0, "num_partial_branches": 0, "covered_branches": 0, "missing_branches": 0}, "missing_lines": [8, 9, 10, 11, 13, 16, 17, 20, 21, 22, 23, 24, 25, 26, 29, 30, 32, 33, 47, 62, 63, 66, 67, 68, 73, 74, 77, 78, 80, 81, 97, 110, 111, 114, 116, 123, 130, 137, 145, 148, 149, 151, 152, 185, 198, 211, 212, 215, 216, 217, 218, 220, 221, 230, 240, 241, 245, 246, 247, 250, 251, 252, 253, 255, 256, 276, 277, 312, 324, 347, 348, 381, 384], "excluded_lines": [], "executed_branches": [], "missing_branches": []}}}, "config/hot_reload.py": {"executed_lines": [], "summary": {"covered_lines": 0, "num_statements": 197, "percent_covered": 0.0, "percent_covered_display": "0.00", "missing_lines": 197, "excluded_lines": 0, "num_branches": 58, "num_partial_branches": 0, "covered_branches": 0, "missing_branches": 58}, "missing_lines": [8, 9, 10, 11, 12, 13, 15, 16, 17, 18, 19, 20, 21, 22, 24, 25, 27, 30, 33, 34, 35, 36, 38, 40, 41, 44, 45, 50, 51, 53, 55, 56, 58, 62, 65, 68, 81, 82, 83, 86, 87, 90, 91, 92, 95, 96, 99, 100, 101, 104, 106, 108, 109, 110, 111, 112, 113, 114, 115, 117, 123, 124, 125, 127, 128, 129, 131, 132, 133, 136, 137, 138, 139, 140, 141, 146, 147, 149, 150, 151, 152, 154, 155, 156, 158, 160, 161, 163, 164, 165, 166, 167, 168, 169, 170, 172, 181, 182, 183, 186, 189, 192, 193, 194, 195, 196, 199, 200, 201, 204, 205, 206, 207, 208, 211, 217, 219, 221, 222, 223, 224, 227, 230, 231, 233, 238, 240, 242, 243, 244, 245, 247, 248, 249, 250, 252, 263, 264, 266, 272, 273, 274, 276, 282, 284, 290, 304, 310, 311, 312, 313, 314, 315, 317, 323, 325, 327, 334, 335, 336, 337, 339, 353, 355, 365, 366, 368, 369, 370, 371, 373, 374, 375, 376, 378, 380, 394, 402, 403, 404, 405, 406, 411, 414, 415, 416, 418, 420, 422, 423, 425, 427, 430, 443, 444, 446, 448], "excluded_lines": [], "executed_branches": [], "missing_branches": [[40, 41], [40, 44], [45, -38], [45, 50], [55, 56], [55, 58], [123, 124], [123, 127], [127, 128], [127, 131], [137, 138], [137, 149], [138, 137], [138, 139], [140, 137], [140, 141], [160, 161], [160, 163], [164, 165], [164, 167], [193, 194], [193, 199], [199, 200], [199, 204], [200, 201], [200, 204], [204, 205], [204, 211], [206, 207], [206, 211], [230, 231], [230, 233], [272, -266], [272, 273], [310, -304], [310, 311], [365, 366], [365, 368], [368, 369], [368, 373], [369, 370], [369, 371], [373, 374], [373, 378], [374, 375], [374, 376], [402, 403], [402, 414], [403, 404], [403, 405], [405, 406], [405, 411], [414, 415], [414, 418], [415, 414], [415, 416], [443, 444], [443, 446]], "functions": {"ConfigFileHandler.__init__": {"executed_lines": [], "summary": {"covered_lines": 0, "num_statements": 3, "percent_covered": 0.0, "percent_covered_display": "0.00", "missing_lines": 3, "excluded_lines": 0, "num_branches": 0, "num_partial_branches": 0, "covered_branches": 0, "missing_branches": 0}, "missing_lines": [34, 35, 36], "excluded_lines": [], "executed_branches": [], "missing_branches": []}, "ConfigFileHandler.on_modified": {"executed_lines": [], "summary": {"covered_lines": 0, "num_statements": 6, "percent_covered": 0.0, "percent_covered_display": "0.00", "missing_lines": 6, "excluded_lines": 0, "num_branches": 4, "num_partial_branches": 0, "covered_branches": 0, "missing_branches": 4}, "missing_lines": [40, 41, 44, 45, 50, 51], "excluded_lines": [], "executed_branches": [], "missing_branches": [[40, 41], [40, 44], [45, -38], [45, 50]]}, "ConfigFileHandler._debounced_reload": {"executed_lines": [], "summary": {"covered_lines": 0, "num_statements": 4, "percent_covered": 0.0, "percent_covered_display": "0.00", "missing_lines": 4, "excluded_lines": 0, "num_branches": 2, "num_partial_branches": 0, "covered_branches": 0, "missing_branches": 2}, "missing_lines": [55, 56, 58, 62], "excluded_lines": [], "executed_branches": [], "missing_branches": [[55, 56], [55, 58]]}, "ConfigurationReloader.__init__": {"executed_lines": [], "summary": {"covered_lines": 0, "num_statements": 14, "percent_covered": 0.0, "percent_covered_display": "0.00", "missing_lines": 14, "excluded_lines": 0, "num_branches": 0, "num_partial_branches": 0, "covered_branches": 0, "missing_branches": 0}, "missing_lines": [81, 82, 83, 86, 87, 90, 91, 92, 95, 96, 99, 100, 101, 104], "excluded_lines": [], "executed_branches": [], "missing_branches": []}, "ConfigurationReloader._load_initial_config": {"executed_lines": [], "summary": {"covered_lines": 0, "num_statements": 8, "percent_covered": 0.0, "percent_covered_display": "0.00", "missing_lines": 8, "excluded_lines": 0, "num_branches": 0, "num_partial_branches": 0, "covered_branches": 0, "missing_branches": 0}, "missing_lines": [108, 109, 110, 111, 112, 113, 114, 115], "excluded_lines": [], "executed_branches": [], "missing_branches": []}, "ConfigurationReloader.start_watching": {"executed_lines": [], "summary": {"covered_lines": 0, "num_statements": 24, "percent_covered": 0.0, "percent_covered_display": "0.00", "missing_lines": 24, "excluded_lines": 0, "num_branches": 10, "num_partial_branches": 0, "covered_branches": 0, "missing_branches": 10}, "missing_lines": [123, 124, 125, 127, 128, 129, 131, 132, 133, 136, 137, 138, 139, 140, 141, 146, 147, 149, 150, 151, 152, 154, 155, 156], "excluded_lines": [], "executed_branches": [], "missing_branches": [[123, 124], [123, 127], [127, 128], [127, 131], [137, 138], [137, 149], [138, 137], [138, 139], [140, 137], [140, 141]]}, "ConfigurationReloader.stop_watching": {"executed_lines": [], "summary": {"covered_lines": 0, "num_statements": 10, "percent_covered": 0.0, "percent_covered_display": "0.00", "missing_lines": 10, "excluded_lines": 0, "num_branches": 4, "num_partial_branches": 0, "covered_branches": 0, "missing_branches": 4}, "missing_lines": [160, 161, 163, 164, 165, 166, 167, 168, 169, 170], "excluded_lines": [], "executed_branches": [], "missing_branches": [[160, 161], [160, 163], [164, 165], [164, 167]]}, "ConfigurationReloader.reload_configuration": {"executed_lines": [], "summary": {"covered_lines": 0, "num_statements": 39, "percent_covered": 0.0, "percent_covered_display": "0.00", "missing_lines": 39, "excluded_lines": 0, "num_branches": 12, "num_partial_branches": 0, "covered_branches": 0, "missing_branches": 12}, "missing_lines": [181, 182, 183, 186, 189, 192, 193, 194, 195, 196, 199, 200, 201, 204, 205, 206, 207, 208, 211, 217, 219, 221, 222, 223, 224, 227, 230, 231, 233, 238, 240, 242, 243, 244, 245, 247, 248, 249, 250], "excluded_lines": [], "executed_branches": [], "missing_branches": [[193, 194], [193, 199], [199, 200], [199, 204], [200, 201], [200, 204], [204, 205], [204, 211], [206, 207], [206, 211], [230, 231], [230, 233]]}, "ConfigurationReloader.register_reload_callback": {"executed_lines": [], "summary": {"covered_lines": 0, "num_statements": 2, "percent_covered": 0.0, "percent_covered_display": "0.00", "missing_lines": 2, "excluded_lines": 0, "num_branches": 0, "num_partial_branches": 0, "covered_branches": 0, "missing_branches": 0}, "missing_lines": [263, 264], "excluded_lines": [], "executed_branches": [], "missing_branches": []}, "ConfigurationReloader.unregister_reload_callback": {"executed_lines": [], "summary": {"covered_lines": 0, "num_statements": 3, "percent_covered": 0.0, "percent_covered_display": "0.00", "missing_lines": 3, "excluded_lines": 0, "num_branches": 2, "num_partial_branches": 0, "covered_branches": 0, "missing_branches": 2}, "missing_lines": [272, 273, 274], "excluded_lines": [], "executed_branches": [], "missing_branches": [[272, -266], [272, 273]]}, "ConfigurationReloader.get_config": {"executed_lines": [], "summary": {"covered_lines": 0, "num_statements": 1, "percent_covered": 0.0, "percent_covered_display": "0.00", "missing_lines": 1, "excluded_lines": 0, "num_branches": 0, "num_partial_branches": 0, "covered_branches": 0, "missing_branches": 0}, "missing_lines": [282], "excluded_lines": [], "executed_branches": [], "missing_branches": []}, "ConfigurationReloader.get_statistics": {"executed_lines": [], "summary": {"covered_lines": 0, "num_statements": 1, "percent_covered": 0.0, "percent_covered_display": "0.00", "missing_lines": 1, "excluded_lines": 0, "num_branches": 0, "num_partial_branches": 0, "covered_branches": 0, "missing_branches": 0}, "missing_lines": [290], "excluded_lines": [], "executed_branches": [], "missing_branches": []}, "ConfigurationReloader._notify_config_change": {"executed_lines": [], "summary": {"covered_lines": 0, "num_statements": 6, "percent_covered": 0.0, "percent_covered_display": "0.00", "missing_lines": 6, "excluded_lines": 0, "num_branches": 2, "num_partial_branches": 0, "covered_branches": 0, "missing_branches": 2}, "missing_lines": [310, 311, 312, 313, 314, 315], "excluded_lines": [], "executed_branches": [], "missing_branches": [[310, -304], [310, 311]]}, "ConfigurationReloader._broadcast_config_event": {"executed_lines": [], "summary": {"covered_lines": 0, "num_statements": 7, "percent_covered": 0.0, "percent_covered_display": "0.00", "missing_lines": 7, "excluded_lines": 0, "num_branches": 0, "num_partial_branches": 0, "covered_branches": 0, "missing_branches": 0}, "missing_lines": [323, 325, 327, 334, 335, 336, 337], "excluded_lines": [], "executed_branches": [], "missing_branches": []}, "ConfigurationReloader._configs_equal": {"executed_lines": [], "summary": {"covered_lines": 0, "num_statements": 1, "percent_covered": 0.0, "percent_covered_display": "0.00", "missing_lines": 1, "excluded_lines": 0, "num_branches": 0, "num_partial_branches": 0, "covered_branches": 0, "missing_branches": 0}, "missing_lines": [353], "excluded_lines": [], "executed_branches": [], "missing_branches": []}, "ConfigurationReloader._deep_equal": {"executed_lines": [], "summary": {"covered_lines": 0, "num_statements": 11, "percent_covered": 0.0, "percent_covered_display": "0.00", "missing_lines": 11, "excluded_lines": 0, "num_branches": 10, "num_partial_branches": 0, "covered_branches": 0, "missing_branches": 10}, "missing_lines": [365, 366, 368, 369, 370, 371, 373, 374, 375, 376, 378], "excluded_lines": [], "executed_branches": [], "missing_branches": [[365, 366], [365, 368], [368, 369], [368, 373], [369, 370], [369, 371], [373, 374], [373, 378], [374, 375], [374, 376]]}, "ConfigurationReloader._create_config_diff": {"executed_lines": [], "summary": {"covered_lines": 0, "num_statements": 11, "percent_covered": 0.0, "percent_covered_display": "0.00", "missing_lines": 11, "excluded_lines": 0, "num_branches": 10, "num_partial_branches": 0, "covered_branches": 0, "missing_branches": 10}, "missing_lines": [394, 402, 403, 404, 405, 406, 411, 414, 415, 416, 418], "excluded_lines": [], "executed_branches": [], "missing_branches": [[402, 403], [402, 414], [403, 404], [403, 405], [405, 406], [405, 411], [414, 415], [414, 418], [415, 414], [415, 416]]}, "ConfigurationReloader.__enter__": {"executed_lines": [], "summary": {"covered_lines": 0, "num_statements": 2, "percent_covered": 0.0, "percent_covered_display": "0.00", "missing_lines": 2, "excluded_lines": 0, "num_branches": 0, "num_partial_branches": 0, "covered_branches": 0, "missing_branches": 0}, "missing_lines": [422, 423], "excluded_lines": [], "executed_branches": [], "missing_branches": []}, "ConfigurationReloader.__exit__": {"executed_lines": [], "summary": {"covered_lines": 0, "num_statements": 1, "percent_covered": 0.0, "percent_covered_display": "0.00", "missing_lines": 1, "excluded_lines": 0, "num_branches": 0, "num_partial_branches": 0, "covered_branches": 0, "missing_branches": 0}, "missing_lines": [427], "excluded_lines": [], "executed_branches": [], "missing_branches": []}, "create_reloader": {"executed_lines": [], "summary": {"covered_lines": 0, "num_statements": 4, "percent_covered": 0.0, "percent_covered_display": "0.00", "missing_lines": 4, "excluded_lines": 0, "num_branches": 2, "num_partial_branches": 0, "covered_branches": 0, "missing_branches": 2}, "missing_lines": [443, 444, 446, 448], "excluded_lines": [], "executed_branches": [], "missing_branches": [[443, 444], [443, 446]]}, "": {"executed_lines": [], "summary": {"covered_lines": 0, "num_statements": 39, "percent_covered": 0.0, "percent_covered_display": "0.00", "missing_lines": 39, "excluded_lines": 0, "num_branches": 0, "num_partial_branches": 0, "covered_branches": 0, "missing_branches": 0}, "missing_lines": [8, 9, 10, 11, 12, 13, 15, 16, 17, 18, 19, 20, 21, 22, 24, 25, 27, 30, 33, 38, 53, 65, 68, 106, 117, 158, 172, 252, 266, 276, 284, 304, 317, 339, 355, 380, 420, 425, 430], "excluded_lines": [], "executed_branches": [], "missing_branches": []}}, "classes": {"ConfigFileHandler": {"executed_lines": [], "summary": {"covered_lines": 0, "num_statements": 13, "percent_covered": 0.0, "percent_covered_display": "0.00", "missing_lines": 13, "excluded_lines": 0, "num_branches": 6, "num_partial_branches": 0, "covered_branches": 0, "missing_branches": 6}, "missing_lines": [34, 35, 36, 40, 41, 44, 45, 50, 51, 55, 56, 58, 62], "excluded_lines": [], "executed_branches": [], "missing_branches": [[40, 41], [40, 44], [45, -38], [45, 50], [55, 56], [55, 58]]}, "ConfigurationReloader": {"executed_lines": [], "summary": {"covered_lines": 0, "num_statements": 141, "percent_covered": 0.0, "percent_covered_display": "0.00", "missing_lines": 141, "excluded_lines": 0, "num_branches": 50, "num_partial_branches": 0, "covered_branches": 0, "missing_branches": 50}, "missing_lines": [81, 82, 83, 86, 87, 90, 91, 92, 95, 96, 99, 100, 101, 104, 108, 109, 110, 111, 112, 113, 114, 115, 123, 124, 125, 127, 128, 129, 131, 132, 133, 136, 137, 138, 139, 140, 141, 146, 147, 149, 150, 151, 152, 154, 155, 156, 160, 161, 163, 164, 165, 166, 167, 168, 169, 170, 181, 182, 183, 186, 189, 192, 193, 194, 195, 196, 199, 200, 201, 204, 205, 206, 207, 208, 211, 217, 219, 221, 222, 223, 224, 227, 230, 231, 233, 238, 240, 242, 243, 244, 245, 247, 248, 249, 250, 263, 264, 272, 273, 274, 282, 290, 310, 311, 312, 313, 314, 315, 323, 325, 327, 334, 335, 336, 337, 353, 365, 366, 368, 369, 370, 371, 373, 374, 375, 376, 378, 394, 402, 403, 404, 405, 406, 411, 414, 415, 416, 418, 422, 423, 427], "excluded_lines": [], "executed_branches": [], "missing_branches": [[123, 124], [123, 127], [127, 128], [127, 131], [137, 138], [137, 149], [138, 137], [138, 139], [140, 137], [140, 141], [160, 161], [160, 163], [164, 165], [164, 167], [193, 194], [193, 199], [199, 200], [199, 204], [200, 201], [200, 204], [204, 205], [204, 211], [206, 207], [206, 211], [230, 231], [230, 233], [272, -266], [272, 273], [310, -304], [310, 311], [365, 366], [365, 368], [368, 369], [368, 373], [369, 370], [369, 371], [373, 374], [373, 378], [374, 375], [374, 376], [402, 403], [402, 414], [403, 404], [403, 405], [405, 406], [405, 411], [414, 415], [414, 418], [415, 414], [415, 416]]}, "": {"executed_lines": [], "summary": {"covered_lines": 0, "num_statements": 43, "percent_covered": 0.0, "percent_covered_display": "0.00", "missing_lines": 43, "excluded_lines": 0, "num_branches": 2, "num_partial_branches": 0, "covered_branches": 0, "missing_branches": 2}, "missing_lines": [8, 9, 10, 11, 12, 13, 15, 16, 17, 18, 19, 20, 21, 22, 24, 25, 27, 30, 33, 38, 53, 65, 68, 106, 117, 158, 172, 252, 266, 276, 284, 304, 317, 339, 355, 380, 420, 425, 430, 443, 444, 446, 448], "excluded_lines": [], "executed_branches": [], "missing_branches": [[443, 444], [443, 446]]}}}, "config/logging_config.py": {"executed_lines": [], "summary": {"covered_lines": 0, "num_statements": 25, "percent_covered": 0.0, "percent_covered_display": "0.00", "missing_lines": 25, "excluded_lines": 0, "num_branches": 8, "num_partial_branches": 0, "covered_branches": 0, "missing_branches": 8}, "missing_lines": [1, 2, 3, 5, 12, 13, 16, 17, 20, 21, 22, 25, 27, 28, 29, 30, 33, 34, 35, 36, 37, 40, 41, 42, 43], "excluded_lines": [], "executed_branches": [], "missing_branches": [[16, 17], [16, 20], [25, 27], [25, 33], [33, 34], [33, 40], [40, -5], [40, 41]], "functions": {"setup_logging": {"executed_lines": [], "summary": {"covered_lines": 0, "num_statements": 21, "percent_covered": 0.0, "percent_covered_display": "0.00", "missing_lines": 21, "excluded_lines": 0, "num_branches": 8, "num_partial_branches": 0, "covered_branches": 0, "missing_branches": 8}, "missing_lines": [12, 13, 16, 17, 20, 21, 22, 25, 27, 28, 29, 30, 33, 34, 35, 36, 37, 40, 41, 42, 43], "excluded_lines": [], "executed_branches": [], "missing_branches": [[16, 17], [16, 20], [25, 27], [25, 33], [33, 34], [33, 40], [40, -5], [40, 41]]}, "": {"executed_lines": [], "summary": {"covered_lines": 0, "num_statements": 4, "percent_covered": 0.0, "percent_covered_display": "0.00", "missing_lines": 4, "excluded_lines": 0, "num_branches": 0, "num_partial_branches": 0, "covered_branches": 0, "missing_branches": 0}, "missing_lines": [1, 2, 3, 5], "excluded_lines": [], "executed_branches": [], "missing_branches": []}}, "classes": {"": {"executed_lines": [], "summary": {"covered_lines": 0, "num_statements": 25, "percent_covered": 0.0, "percent_covered_display": "0.00", "missing_lines": 25, "excluded_lines": 0, "num_branches": 8, "num_partial_branches": 0, "covered_branches": 0, "missing_branches": 8}, "missing_lines": [1, 2, 3, 5, 12, 13, 16, 17, 20, 21, 22, 25, 27, 28, 29, 30, 33, 34, 35, 36, 37, 40, 41, 42, 43], "excluded_lines": [], "executed_branches": [], "missing_branches": [[16, 17], [16, 20], [25, 27], [25, 33], [33, 34], [33, 40], [40, -5], [40, 41]]}}}, "config/migration/__init__.py": {"executed_lines": [], "summary": {"covered_lines": 0, "num_statements": 3, "percent_covered": 0.0, "percent_covered_display": "0.00", "missing_lines": 3, "excluded_lines": 0, "num_branches": 0, "num_partial_branches": 0, "covered_branches": 0, "missing_branches": 0}, "missing_lines": [6, 7, 9], "excluded_lines": [], "executed_branches": [], "missing_branches": [], "functions": {"": {"executed_lines": [], "summary": {"covered_lines": 0, "num_statements": 3, "percent_covered": 0.0, "percent_covered_display": "0.00", "missing_lines": 3, "excluded_lines": 0, "num_branches": 0, "num_partial_branches": 0, "covered_branches": 0, "missing_branches": 0}, "missing_lines": [6, 7, 9], "excluded_lines": [], "executed_branches": [], "missing_branches": []}}, "classes": {"": {"executed_lines": [], "summary": {"covered_lines": 0, "num_statements": 3, "percent_covered": 0.0, "percent_covered_display": "0.00", "missing_lines": 3, "excluded_lines": 0, "num_branches": 0, "num_partial_branches": 0, "covered_branches": 0, "missing_branches": 0}, "missing_lines": [6, 7, 9], "excluded_lines": [], "executed_branches": [], "missing_branches": []}}}, "config/migration/legacy_mapping.py": {"executed_lines": [], "summary": {"covered_lines": 0, "num_statements": 24, "percent_covered": 0.0, "percent_covered_display": "0.00", "missing_lines": 24, "excluded_lines": 0, "num_branches": 12, "num_partial_branches": 0, "covered_branches": 0, "missing_branches": 12}, "missing_lines": [8, 11, 15, 25, 49, 50, 60, 63, 64, 66, 67, 70, 71, 72, 73, 76, 78, 80, 81, 91, 93, 94, 95, 97], "excluded_lines": [], "executed_branches": [], "missing_branches": [[63, 64], [63, 78], [64, 63], [64, 66], [70, 71], [70, 76], [71, 72], [71, 73], [93, 94], [93, 97], [94, 93], [94, 95]], "functions": {"LegacyMapping.map_legacy_to_pipeline": {"executed_lines": [], "summary": {"covered_lines": 0, "num_statements": 11, "percent_covered": 0.0, "percent_covered_display": "0.00", "missing_lines": 11, "excluded_lines": 0, "num_branches": 8, "num_partial_branches": 0, "covered_branches": 0, "missing_branches": 8}, "missing_lines": [60, 63, 64, 66, 67, 70, 71, 72, 73, 76, 78], "excluded_lines": [], "executed_branches": [], "missing_branches": [[63, 64], [63, 78], [64, 63], [64, 66], [70, 71], [70, 76], [71, 72], [71, 73]]}, "LegacyMapping.validate_pipeline_config": {"executed_lines": [], "summary": {"covered_lines": 0, "num_statements": 5, "percent_covered": 0.0, "percent_covered_display": "0.00", "missing_lines": 5, "excluded_lines": 0, "num_branches": 4, "num_partial_branches": 0, "covered_branches": 0, "missing_branches": 4}, "missing_lines": [91, 93, 94, 95, 97], "excluded_lines": [], "executed_branches": [], "missing_branches": [[93, 94], [93, 97], [94, 93], [94, 95]]}, "": {"executed_lines": [], "summary": {"covered_lines": 0, "num_statements": 8, "percent_covered": 0.0, "percent_covered_display": "0.00", "missing_lines": 8, "excluded_lines": 0, "num_branches": 0, "num_partial_branches": 0, "covered_branches": 0, "missing_branches": 0}, "missing_lines": [8, 11, 15, 25, 49, 50, 80, 81], "excluded_lines": [], "executed_branches": [], "missing_branches": []}}, "classes": {"LegacyMapping": {"executed_lines": [], "summary": {"covered_lines": 0, "num_statements": 16, "percent_covered": 0.0, "percent_covered_display": "0.00", "missing_lines": 16, "excluded_lines": 0, "num_branches": 12, "num_partial_branches": 0, "covered_branches": 0, "missing_branches": 12}, "missing_lines": [60, 63, 64, 66, 67, 70, 71, 72, 73, 76, 78, 91, 93, 94, 95, 97], "excluded_lines": [], "executed_branches": [], "missing_branches": [[63, 64], [63, 78], [64, 63], [64, 66], [70, 71], [70, 76], [71, 72], [71, 73], [93, 94], [93, 97], [94, 93], [94, 95]]}, "": {"executed_lines": [], "summary": {"covered_lines": 0, "num_statements": 8, "percent_covered": 0.0, "percent_covered_display": "0.00", "missing_lines": 8, "excluded_lines": 0, "num_branches": 0, "num_partial_branches": 0, "covered_branches": 0, "missing_branches": 0}, "missing_lines": [8, 11, 15, 25, 49, 50, 80, 81], "excluded_lines": [], "executed_branches": [], "missing_branches": []}}}, "config/migration/migration_config.py": {"executed_lines": [], "summary": {"covered_lines": 0, "num_statements": 18, "percent_covered": 0.0, "percent_covered_display": "0.00", "missing_lines": 18, "excluded_lines": 0, "num_branches": 0, "num_partial_branches": 0, "covered_branches": 0, "missing_branches": 0}, "missing_lines": [8, 9, 12, 13, 17, 18, 19, 22, 23, 26, 27, 30, 31, 33, 35, 47, 48, 50], "excluded_lines": [], "executed_branches": [], "missing_branches": [], "functions": {"MigrationConfig.to_dict": {"executed_lines": [], "summary": {"covered_lines": 0, "num_statements": 1, "percent_covered": 0.0, "percent_covered_display": "0.00", "missing_lines": 1, "excluded_lines": 0, "num_branches": 0, "num_partial_branches": 0, "covered_branches": 0, "missing_branches": 0}, "missing_lines": [35], "excluded_lines": [], "executed_branches": [], "missing_branches": []}, "MigrationConfig.from_dict": {"executed_lines": [], "summary": {"covered_lines": 0, "num_statements": 1, "percent_covered": 0.0, "percent_covered_display": "0.00", "missing_lines": 1, "excluded_lines": 0, "num_branches": 0, "num_partial_branches": 0, "covered_branches": 0, "missing_branches": 0}, "missing_lines": [50], "excluded_lines": [], "executed_branches": [], "missing_branches": []}, "": {"executed_lines": [], "summary": {"covered_lines": 0, "num_statements": 16, "percent_covered": 0.0, "percent_covered_display": "0.00", "missing_lines": 16, "excluded_lines": 0, "num_branches": 0, "num_partial_branches": 0, "covered_branches": 0, "missing_branches": 0}, "missing_lines": [8, 9, 12, 13, 17, 18, 19, 22, 23, 26, 27, 30, 31, 33, 47, 48], "excluded_lines": [], "executed_branches": [], "missing_branches": []}}, "classes": {"MigrationConfig": {"executed_lines": [], "summary": {"covered_lines": 0, "num_statements": 2, "percent_covered": 0.0, "percent_covered_display": "0.00", "missing_lines": 2, "excluded_lines": 0, "num_branches": 0, "num_partial_branches": 0, "covered_branches": 0, "missing_branches": 0}, "missing_lines": [35, 50], "excluded_lines": [], "executed_branches": [], "missing_branches": []}, "": {"executed_lines": [], "summary": {"covered_lines": 0, "num_statements": 16, "percent_covered": 0.0, "percent_covered_display": "0.00", "missing_lines": 16, "excluded_lines": 0, "num_branches": 0, "num_partial_branches": 0, "covered_branches": 0, "missing_branches": 0}, "missing_lines": [8, 9, 12, 13, 17, 18, 19, 22, 23, 26, 27, 30, 31, 33, 47, 48], "excluded_lines": [], "executed_branches": [], "missing_branches": []}}}, "config/motion_config.py": {"executed_lines": [], "summary": {"covered_lines": 0, "num_statements": 105, "percent_covered": 0.0, "percent_covered_display": "0.00", "missing_lines": 105, "excluded_lines": 0, "num_branches": 42, "num_partial_branches": 0, "covered_branches": 0, "missing_branches": 42}, "missing_lines": [9, 10, 11, 12, 13, 16, 17, 19, 22, 23, 27, 30, 31, 32, 35, 36, 37, 38, 41, 42, 43, 44, 47, 48, 51, 52, 55, 56, 57, 59, 60, 71, 74, 75, 77, 78, 79, 80, 81, 82, 84, 87, 89, 91, 94, 95, 98, 99, 102, 103, 106, 107, 110, 111, 114, 115, 116, 117, 118, 120, 122, 144, 147, 149, 152, 155, 158, 161, 164, 166, 167, 170, 172, 173, 176, 178, 180, 181, 182, 183, 184, 186, 188, 189, 190, 191, 192, 195, 202, 203, 204, 207, 214, 217, 218, 220, 221, 223, 224, 226, 227, 229, 230, 232, 236], "excluded_lines": [], "executed_branches": [], "missing_branches": [[74, 75], [74, 87], [75, 74], [75, 77], [77, 78], [77, 79], [79, 80], [79, 81], [81, 82], [81, 84], [94, 95], [94, 98], [98, 99], [98, 102], [102, 103], [102, 106], [106, 107], [106, 110], [110, 111], [110, 114], [114, -91], [114, 115], [115, 116], [115, 117], [117, -91], [117, 118], [147, 149], [147, 164], [164, 166], [164, 170], [170, -144], [170, 172], [217, 218], [217, 220], [220, 221], [220, 223], [223, 224], [223, 226], [226, 227], [226, 229], [229, 230], [229, 232]], "functions": {"MotionConfig.from_dict": {"executed_lines": [], "summary": {"covered_lines": 0, "num_statements": 12, "percent_covered": 0.0, "percent_covered_display": "0.00", "missing_lines": 12, "excluded_lines": 0, "num_branches": 10, "num_partial_branches": 0, "covered_branches": 0, "missing_branches": 10}, "missing_lines": [71, 74, 75, 77, 78, 79, 80, 81, 82, 84, 87, 89], "excluded_lines": [], "executed_branches": [], "missing_branches": [[74, 75], [74, 87], [75, 74], [75, 77], [77, 78], [77, 79], [79, 80], [79, 81], [81, 82], [81, 84]]}, "MotionConfig._validate": {"executed_lines": [], "summary": {"covered_lines": 0, "num_statements": 15, "percent_covered": 0.0, "percent_covered_display": "0.00", "missing_lines": 15, "excluded_lines": 0, "num_branches": 16, "num_partial_branches": 0, "covered_branches": 0, "missing_branches": 16}, "missing_lines": [94, 95, 98, 99, 102, 103, 106, 107, 110, 111, 114, 115, 116, 117, 118], "excluded_lines": [], "executed_branches": [], "missing_branches": [[94, 95], [94, 98], [98, 99], [98, 102], [102, 103], [102, 106], [106, 107], [106, 110], [110, 111], [110, 114], [114, -91], [114, 115], [115, 116], [115, 117], [117, -91], [117, 118]]}, "MotionConfig.to_dict": {"executed_lines": [], "summary": {"covered_lines": 0, "num_statements": 1, "percent_covered": 0.0, "percent_covered_display": "0.00", "missing_lines": 1, "excluded_lines": 0, "num_branches": 0, "num_partial_branches": 0, "covered_branches": 0, "missing_branches": 0}, "missing_lines": [122], "excluded_lines": [], "executed_branches": [], "missing_branches": []}, "MotionConfig.apply_platform_optimizations": {"executed_lines": [], "summary": {"covered_lines": 0, "num_statements": 13, "percent_covered": 0.0, "percent_covered_display": "0.00", "missing_lines": 13, "excluded_lines": 0, "num_branches": 6, "num_partial_branches": 0, "covered_branches": 0, "missing_branches": 6}, "missing_lines": [147, 149, 152, 155, 158, 161, 164, 166, 167, 170, 172, 173, 176], "excluded_lines": [], "executed_branches": [], "missing_branches": [[147, 149], [147, 164], [164, 166], [164, 170], [170, -144], [170, 172]]}, "MotionConfig.optimize_for_low_power": {"executed_lines": [], "summary": {"covered_lines": 0, "num_statements": 5, "percent_covered": 0.0, "percent_covered_display": "0.00", "missing_lines": 5, "excluded_lines": 0, "num_branches": 0, "num_partial_branches": 0, "covered_branches": 0, "missing_branches": 0}, "missing_lines": [180, 181, 182, 183, 184], "excluded_lines": [], "executed_branches": [], "missing_branches": []}, "MotionConfig.optimize_for_performance": {"executed_lines": [], "summary": {"covered_lines": 0, "num_statements": 5, "percent_covered": 0.0, "percent_covered_display": "0.00", "missing_lines": 5, "excluded_lines": 0, "num_branches": 0, "num_partial_branches": 0, "covered_branches": 0, "missing_branches": 0}, "missing_lines": [188, 189, 190, 191, 192], "excluded_lines": [], "executed_branches": [], "missing_branches": []}, "create_default_config": {"executed_lines": [], "summary": {"covered_lines": 0, "num_statements": 3, "percent_covered": 0.0, "percent_covered_display": "0.00", "missing_lines": 3, "excluded_lines": 0, "num_branches": 0, "num_partial_branches": 0, "covered_branches": 0, "missing_branches": 0}, "missing_lines": [202, 203, 204], "excluded_lines": [], "executed_branches": [], "missing_branches": []}, "load_config_from_env": {"executed_lines": [], "summary": {"covered_lines": 0, "num_statements": 12, "percent_covered": 0.0, "percent_covered_display": "0.00", "missing_lines": 12, "excluded_lines": 0, "num_branches": 10, "num_partial_branches": 0, "covered_branches": 0, "missing_branches": 10}, "missing_lines": [214, 217, 218, 220, 221, 223, 224, 226, 227, 229, 230, 232], "excluded_lines": [], "executed_branches": [], "missing_branches": [[217, 218], [217, 220], [220, 221], [220, 223], [223, 224], [223, 226], [226, 227], [226, 229], [229, 230], [229, 232]]}, "": {"executed_lines": [], "summary": {"covered_lines": 0, "num_statements": 39, "percent_covered": 0.0, "percent_covered_display": "0.00", "missing_lines": 39, "excluded_lines": 0, "num_branches": 0, "num_partial_branches": 0, "covered_branches": 0, "missing_branches": 0}, "missing_lines": [9, 10, 11, 12, 13, 16, 17, 19, 22, 23, 27, 30, 31, 32, 35, 36, 37, 38, 41, 42, 43, 44, 47, 48, 51, 52, 55, 56, 57, 59, 60, 91, 120, 144, 178, 186, 195, 207, 236], "excluded_lines": [], "executed_branches": [], "missing_branches": []}}, "classes": {"MotionConfig": {"executed_lines": [], "summary": {"covered_lines": 0, "num_statements": 51, "percent_covered": 0.0, "percent_covered_display": "0.00", "missing_lines": 51, "excluded_lines": 0, "num_branches": 32, "num_partial_branches": 0, "covered_branches": 0, "missing_branches": 32}, "missing_lines": [71, 74, 75, 77, 78, 79, 80, 81, 82, 84, 87, 89, 94, 95, 98, 99, 102, 103, 106, 107, 110, 111, 114, 115, 116, 117, 118, 122, 147, 149, 152, 155, 158, 161, 164, 166, 167, 170, 172, 173, 176, 180, 181, 182, 183, 184, 188, 189, 190, 191, 192], "excluded_lines": [], "executed_branches": [], "missing_branches": [[74, 75], [74, 87], [75, 74], [75, 77], [77, 78], [77, 79], [79, 80], [79, 81], [81, 82], [81, 84], [94, 95], [94, 98], [98, 99], [98, 102], [102, 103], [102, 106], [106, 107], [106, 110], [110, 111], [110, 114], [114, -91], [114, 115], [115, 116], [115, 117], [117, -91], [117, 118], [147, 149], [147, 164], [164, 166], [164, 170], [170, -144], [170, 172]]}, "": {"executed_lines": [], "summary": {"covered_lines": 0, "num_statements": 54, "percent_covered": 0.0, "percent_covered_display": "0.00", "missing_lines": 54, "excluded_lines": 0, "num_branches": 10, "num_partial_branches": 0, "covered_branches": 0, "missing_branches": 10}, "missing_lines": [9, 10, 11, 12, 13, 16, 17, 19, 22, 23, 27, 30, 31, 32, 35, 36, 37, 38, 41, 42, 43, 44, 47, 48, 51, 52, 55, 56, 57, 59, 60, 91, 120, 144, 178, 186, 195, 202, 203, 204, 207, 214, 217, 218, 220, 221, 223, 224, 226, 227, 229, 230, 232, 236], "excluded_lines": [], "executed_branches": [], "missing_branches": [[217, 218], [217, 220], [220, 221], [220, 223], [223, 224], [223, 226], [226, 227], [226, 229], [229, 230], [229, 232]]}}}, "config/orchestrator_config.py": {"executed_lines": [], "summary": {"covered_lines": 0, "num_statements": 55, "percent_covered": 0.0, "percent_covered_display": "0.00", "missing_lines": 55, "excluded_lines": 0, "num_branches": 18, "num_partial_branches": 0, "covered_branches": 0, "missing_branches": 18}, "missing_lines": [9, 10, 11, 12, 14, 17, 18, 22, 23, 26, 27, 28, 31, 32, 33, 36, 37, 38, 39, 42, 44, 47, 48, 49, 50, 51, 52, 53, 54, 55, 56, 57, 58, 61, 62, 64, 65, 66, 69, 70, 73, 76, 78, 81, 82, 85, 86, 88, 89, 92, 93, 95, 96, 98, 100], "excluded_lines": [], "executed_branches": [], "missing_branches": [[62, 64], [62, 73], [64, 65], [64, 69], [65, 64], [65, 66], [69, 70], [69, 73], [81, 82], [81, 85], [85, 86], [85, 88], [88, 89], [88, 92], [92, 93], [92, 95], [95, -78], [95, 96]], "functions": {"OrchestratorConfig.__init__": {"executed_lines": [], "summary": {"covered_lines": 0, "num_statements": 21, "percent_covered": 0.0, "percent_covered_display": "0.00", "missing_lines": 21, "excluded_lines": 0, "num_branches": 8, "num_partial_branches": 0, "covered_branches": 0, "missing_branches": 8}, "missing_lines": [47, 48, 49, 50, 51, 52, 53, 54, 55, 56, 57, 58, 61, 62, 64, 65, 66, 69, 70, 73, 76], "excluded_lines": [], "executed_branches": [], "missing_branches": [[62, 64], [62, 73], [64, 65], [64, 69], [65, 64], [65, 66], [69, 70], [69, 73]]}, "OrchestratorConfig._load_from_environment": {"executed_lines": [], "summary": {"covered_lines": 0, "num_statements": 10, "percent_covered": 0.0, "percent_covered_display": "0.00", "missing_lines": 10, "excluded_lines": 0, "num_branches": 10, "num_partial_branches": 0, "covered_branches": 0, "missing_branches": 10}, "missing_lines": [81, 82, 85, 86, 88, 89, 92, 93, 95, 96], "excluded_lines": [], "executed_branches": [], "missing_branches": [[81, 82], [81, 85], [85, 86], [85, 88], [88, 89], [88, 92], [92, 93], [92, 95], [95, -78], [95, 96]]}, "OrchestratorConfig.to_dict": {"executed_lines": [], "summary": {"covered_lines": 0, "num_statements": 1, "percent_covered": 0.0, "percent_covered_display": "0.00", "missing_lines": 1, "excluded_lines": 0, "num_branches": 0, "num_partial_branches": 0, "covered_branches": 0, "missing_branches": 0}, "missing_lines": [100], "excluded_lines": [], "executed_branches": [], "missing_branches": []}, "": {"executed_lines": [], "summary": {"covered_lines": 0, "num_statements": 23, "percent_covered": 0.0, "percent_covered_display": "0.00", "missing_lines": 23, "excluded_lines": 0, "num_branches": 0, "num_partial_branches": 0, "covered_branches": 0, "missing_branches": 0}, "missing_lines": [9, 10, 11, 12, 14, 17, 18, 22, 23, 26, 27, 28, 31, 32, 33, 36, 37, 38, 39, 42, 44, 78, 98], "excluded_lines": [], "executed_branches": [], "missing_branches": []}}, "classes": {"OrchestratorConfig": {"executed_lines": [], "summary": {"covered_lines": 0, "num_statements": 32, "percent_covered": 0.0, "percent_covered_display": "0.00", "missing_lines": 32, "excluded_lines": 0, "num_branches": 18, "num_partial_branches": 0, "covered_branches": 0, "missing_branches": 18}, "missing_lines": [47, 48, 49, 50, 51, 52, 53, 54, 55, 56, 57, 58, 61, 62, 64, 65, 66, 69, 70, 73, 76, 81, 82, 85, 86, 88, 89, 92, 93, 95, 96, 100], "excluded_lines": [], "executed_branches": [], "missing_branches": [[62, 64], [62, 73], [64, 65], [64, 69], [65, 64], [65, 66], [69, 70], [69, 73], [81, 82], [81, 85], [85, 86], [85, 88], [88, 89], [88, 92], [92, 93], [92, 95], [95, -78], [95, 96]]}, "": {"executed_lines": [], "summary": {"covered_lines": 0, "num_statements": 23, "percent_covered": 0.0, "percent_covered_display": "0.00", "missing_lines": 23, "excluded_lines": 0, "num_branches": 0, "num_partial_branches": 0, "covered_branches": 0, "missing_branches": 0}, "missing_lines": [9, 10, 11, 12, 14, 17, 18, 22, 23, 26, 27, 28, 31, 32, 33, 36, 37, 38, 39, 42, 44, 78, 98], "excluded_lines": [], "executed_branches": [], "missing_branches": []}}}, "config/pipeline_config.py": {"executed_lines": [], "summary": {"covered_lines": 0, "num_statements": 301, "percent_covered": 0.0, "percent_covered_display": "0.00", "missing_lines": 301, "excluded_lines": 0, "num_branches": 56, "num_partial_branches": 0, "covered_branches": 0, "missing_branches": 56}, "missing_lines": [9, 10, 11, 12, 13, 16, 17, 19, 22, 23, 25, 26, 27, 28, 29, 30, 31, 32, 33, 36, 37, 38, 41, 42, 45, 46, 48, 49, 50, 51, 52, 53, 56, 57, 58, 61, 62, 63, 64, 65, 66, 67, 68, 69, 70, 71, 72, 73, 74, 75, 76, 77, 78, 81, 82, 84, 85, 86, 87, 88, 91, 92, 93, 94, 95, 96, 99, 100, 101, 102, 105, 106, 109, 110, 113, 114, 116, 117, 118, 119, 122, 123, 124, 125, 126, 127, 128, 131, 132, 133, 134, 135, 136, 139, 146, 147, 150, 151, 152, 153, 156, 157, 160, 161, 163, 164, 165, 166, 167, 170, 171, 172, 175, 176, 179, 180, 183, 184, 186, 187, 188, 191, 192, 193, 196, 197, 198, 199, 202, 203, 206, 207, 208, 209, 212, 213, 216, 217, 218, 221, 222, 225, 226, 229, 236, 244, 250, 257, 258, 261, 262, 263, 266, 267, 268, 271, 272, 275, 276, 278, 279, 280, 283, 284, 285, 288, 289, 290, 291, 294, 297, 300, 303, 306, 307, 310, 313, 315, 317, 318, 319, 320, 321, 322, 323, 324, 325, 327, 330, 332, 333, 336, 337, 340, 341, 344, 347, 349, 350, 353, 354, 357, 360, 362, 363, 364, 365, 366, 368, 370, 371, 372, 373, 374, 375, 377, 380, 381, 384, 385, 388, 389, 390, 391, 392, 395, 396, 397, 398, 401, 402, 403, 405, 408, 409, 410, 411, 414, 415, 416, 417, 420, 421, 422, 423, 425, 427, 439, 441, 444, 445, 446, 447, 448, 449, 451, 453, 456, 457, 458, 459, 460, 461, 463, 464, 467, 468, 469, 470, 471, 472, 476, 477, 480, 482, 483, 485, 486, 487, 489, 490, 491, 492, 493, 494, 496, 498, 501, 503, 506, 507, 508, 509, 511, 514, 516, 519, 520, 521, 522, 524], "excluded_lines": [], "executed_branches": [], "missing_branches": [[306, 307], [306, 310], [330, 332], [330, 347], [347, 349], [347, 360], [360, -327], [360, 362], [370, -368], [370, 371], [371, 370], [371, 372], [373, 370], [373, 374], [374, 373], [374, 375], [380, 381], [380, 384], [384, 385], [384, 388], [388, 389], [388, 395], [395, 396], [395, 401], [401, -377], [401, 402], [408, 409], [408, 410], [410, 411], [410, 414], [414, 415], [414, 416], [416, 417], [416, 420], [444, 445], [444, 446], [446, 447], [446, 448], [448, 449], [448, 451], [456, 457], [456, 459], [459, 460], [459, 463], [467, 468], [467, 470], [470, 471], [470, 476], [476, -453], [476, 477], [486, 487], [486, 489], [490, 491], [490, 492], [492, 493], [492, 496]], "functions": {"PipelineConfig.__init__": {"executed_lines": [], "summary": {"covered_lines": 0, "num_statements": 6, "percent_covered": 0.0, "percent_covered_display": "0.00", "missing_lines": 6, "excluded_lines": 0, "num_branches": 2, "num_partial_branches": 0, "covered_branches": 0, "missing_branches": 2}, "missing_lines": [300, 303, 306, 307, 310, 313], "excluded_lines": [], "executed_branches": [], "missing_branches": [[306, 307], [306, 310]]}, "PipelineConfig._load_defaults": {"executed_lines": [], "summary": {"covered_lines": 0, "num_statements": 9, "percent_covered": 0.0, "percent_covered_display": "0.00", "missing_lines": 9, "excluded_lines": 0, "num_branches": 0, "num_partial_branches": 0, "covered_branches": 0, "missing_branches": 0}, "missing_lines": [317, 318, 319, 320, 321, 322, 323, 324, 325], "excluded_lines": [], "executed_branches": [], "missing_branches": []}, "PipelineConfig._apply_platform_optimizations": {"executed_lines": [], "summary": {"covered_lines": 0, "num_statements": 20, "percent_covered": 0.0, "percent_covered_display": "0.00", "missing_lines": 20, "excluded_lines": 0, "num_branches": 6, "num_partial_branches": 0, "covered_branches": 0, "missing_branches": 6}, "missing_lines": [330, 332, 333, 336, 337, 340, 341, 344, 347, 349, 350, 353, 354, 357, 360, 362, 363, 364, 365, 366], "excluded_lines": [], "executed_branches": [], "missing_branches": [[330, 332], [330, 347], [347, 349], [347, 360], [360, -327], [360, 362]]}, "PipelineConfig._apply_config_dict": {"executed_lines": [], "summary": {"covered_lines": 0, "num_statements": 6, "percent_covered": 0.0, "percent_covered_display": "0.00", "missing_lines": 6, "excluded_lines": 0, "num_branches": 8, "num_partial_branches": 0, "covered_branches": 0, "missing_branches": 8}, "missing_lines": [370, 371, 372, 373, 374, 375], "excluded_lines": [], "executed_branches": [], "missing_branches": [[370, -368], [370, 371], [371, 370], [371, 372], [373, 370], [373, 374], [374, 373], [374, 375]]}, "PipelineConfig._load_from_environment": {"executed_lines": [], "summary": {"covered_lines": 0, "num_statements": 16, "percent_covered": 0.0, "percent_covered_display": "0.00", "missing_lines": 16, "excluded_lines": 0, "num_branches": 10, "num_partial_branches": 0, "covered_branches": 0, "missing_branches": 10}, "missing_lines": [380, 381, 384, 385, 388, 389, 390, 391, 392, 395, 396, 397, 398, 401, 402, 403], "excluded_lines": [], "executed_branches": [], "missing_branches": [[380, 381], [380, 384], [384, 385], [384, 388], [388, 389], [388, 395], [395, 396], [395, 401], [401, -377], [401, 402]]}, "PipelineConfig._validate_config": {"executed_lines": [], "summary": {"covered_lines": 0, "num_statements": 12, "percent_covered": 0.0, "percent_covered_display": "0.00", "missing_lines": 12, "excluded_lines": 0, "num_branches": 8, "num_partial_branches": 0, "covered_branches": 0, "missing_branches": 8}, "missing_lines": [408, 409, 410, 411, 414, 415, 416, 417, 420, 421, 422, 423], "excluded_lines": [], "executed_branches": [], "missing_branches": [[408, 409], [408, 410], [410, 411], [410, 414], [414, 415], [414, 416], [416, 417], [416, 420]]}, "PipelineConfig.to_dict": {"executed_lines": [], "summary": {"covered_lines": 0, "num_statements": 1, "percent_covered": 0.0, "percent_covered_display": "0.00", "missing_lines": 1, "excluded_lines": 0, "num_branches": 0, "num_partial_branches": 0, "covered_branches": 0, "missing_branches": 0}, "missing_lines": [427], "excluded_lines": [], "executed_branches": [], "missing_branches": []}, "PipelineConfig.get_performance_profile": {"executed_lines": [], "summary": {"covered_lines": 0, "num_statements": 8, "percent_covered": 0.0, "percent_covered_display": "0.00", "missing_lines": 8, "excluded_lines": 0, "num_branches": 6, "num_partial_branches": 0, "covered_branches": 0, "missing_branches": 6}, "missing_lines": [441, 444, 445, 446, 447, 448, 449, 451], "excluded_lines": [], "executed_branches": [], "missing_branches": [[444, 445], [444, 446], [446, 447], [446, 448], [448, 449], [448, 451]]}, "PipelineConfig.optimize_for_hardware": {"executed_lines": [], "summary": {"covered_lines": 0, "num_statements": 16, "percent_covered": 0.0, "percent_covered_display": "0.00", "missing_lines": 16, "excluded_lines": 0, "num_branches": 10, "num_partial_branches": 0, "covered_branches": 0, "missing_branches": 10}, "missing_lines": [456, 457, 458, 459, 460, 461, 463, 464, 467, 468, 469, 470, 471, 472, 476, 477], "excluded_lines": [], "executed_branches": [], "missing_branches": [[456, 457], [456, 459], [459, 460], [459, 463], [467, 468], [467, 470], [470, 471], [470, 476], [476, -453], [476, 477]]}, "load_config_from_file": {"executed_lines": [], "summary": {"covered_lines": 0, "num_statements": 13, "percent_covered": 0.0, "percent_covered_display": "0.00", "missing_lines": 13, "excluded_lines": 0, "num_branches": 6, "num_partial_branches": 0, "covered_branches": 0, "missing_branches": 6}, "missing_lines": [482, 483, 485, 486, 487, 489, 490, 491, 492, 493, 494, 496, 498], "excluded_lines": [], "executed_branches": [], "missing_branches": [[486, 487], [486, 489], [490, 491], [490, 492], [492, 493], [492, 496]]}, "create_minimal_config": {"executed_lines": [], "summary": {"covered_lines": 0, "num_statements": 6, "percent_covered": 0.0, "percent_covered_display": "0.00", "missing_lines": 6, "excluded_lines": 0, "num_branches": 0, "num_partial_branches": 0, "covered_branches": 0, "missing_branches": 0}, "missing_lines": [503, 506, 507, 508, 509, 511], "excluded_lines": [], "executed_branches": [], "missing_branches": []}, "create_production_config": {"executed_lines": [], "summary": {"covered_lines": 0, "num_statements": 6, "percent_covered": 0.0, "percent_covered_display": "0.00", "missing_lines": 6, "excluded_lines": 0, "num_branches": 0, "num_partial_branches": 0, "covered_branches": 0, "missing_branches": 0}, "missing_lines": [516, 519, 520, 521, 522, 524], "excluded_lines": [], "executed_branches": [], "missing_branches": []}, "": {"executed_lines": [], "summary": {"covered_lines": 0, "num_statements": 182, "percent_covered": 0.0, "percent_covered_display": "0.00", "missing_lines": 182, "excluded_lines": 0, "num_branches": 0, "num_partial_branches": 0, "covered_branches": 0, "missing_branches": 0}, "missing_lines": [9, 10, 11, 12, 13, 16, 17, 19, 22, 23, 25, 26, 27, 28, 29, 30, 31, 32, 33, 36, 37, 38, 41, 42, 45, 46, 48, 49, 50, 51, 52, 53, 56, 57, 58, 61, 62, 63, 64, 65, 66, 67, 68, 69, 70, 71, 72, 73, 74, 75, 76, 77, 78, 81, 82, 84, 85, 86, 87, 88, 91, 92, 93, 94, 95, 96, 99, 100, 101, 102, 105, 106, 109, 110, 113, 114, 116, 117, 118, 119, 122, 123, 124, 125, 126, 127, 128, 131, 132, 133, 134, 135, 136, 139, 146, 147, 150, 151, 152, 153, 156, 157, 160, 161, 163, 164, 165, 166, 167, 170, 171, 172, 175, 176, 179, 180, 183, 184, 186, 187, 188, 191, 192, 193, 196, 197, 198, 199, 202, 203, 206, 207, 208, 209, 212, 213, 216, 217, 218, 221, 222, 225, 226, 229, 236, 244, 250, 257, 258, 261, 262, 263, 266, 267, 268, 271, 272, 275, 276, 278, 279, 280, 283, 284, 285, 288, 289, 290, 291, 294, 297, 315, 327, 368, 377, 405, 425, 439, 453, 480, 501, 514], "excluded_lines": [], "executed_branches": [], "missing_branches": []}}, "classes": {"FrameCaptureConfig": {"executed_lines": [], "summary": {"covered_lines": 0, "num_statements": 0, "percent_covered": 100.0, "percent_covered_display": "100.00", "missing_lines": 0, "excluded_lines": 0, "num_branches": 0, "num_partial_branches": 0, "covered_branches": 0, "missing_branches": 0}, "missing_lines": [], "excluded_lines": [], "executed_branches": [], "missing_branches": []}, "MotionDetectionConfig": {"executed_lines": [], "summary": {"covered_lines": 0, "num_statements": 0, "percent_covered": 100.0, "percent_covered_display": "100.00", "missing_lines": 0, "excluded_lines": 0, "num_branches": 0, "num_partial_branches": 0, "covered_branches": 0, "missing_branches": 0}, "missing_lines": [], "excluded_lines": [], "executed_branches": [], "missing_branches": []}, "FaceDetectionConfig": {"executed_lines": [], "summary": {"covered_lines": 0, "num_statements": 0, "percent_covered": 100.0, "percent_covered_display": "100.00", "missing_lines": 0, "excluded_lines": 0, "num_branches": 0, "num_partial_branches": 0, "covered_branches": 0, "missing_branches": 0}, "missing_lines": [], "excluded_lines": [], "executed_branches": [], "missing_branches": []}, "FaceRecognitionConfig": {"executed_lines": [], "summary": {"covered_lines": 0, "num_statements": 0, "percent_covered": 100.0, "percent_covered_display": "100.00", "missing_lines": 0, "excluded_lines": 0, "num_branches": 0, "num_partial_branches": 0, "covered_branches": 0, "missing_branches": 0}, "missing_lines": [], "excluded_lines": [], "executed_branches": [], "missing_branches": []}, "EventProcessingConfig": {"executed_lines": [], "summary": {"covered_lines": 0, "num_statements": 0, "percent_covered": 100.0, "percent_covered_display": "100.00", "missing_lines": 0, "excluded_lines": 0, "num_branches": 0, "num_partial_branches": 0, "covered_branches": 0, "missing_branches": 0}, "missing_lines": [], "excluded_lines": [], "executed_branches": [], "missing_branches": []}, "StorageConfig": {"executed_lines": [], "summary": {"covered_lines": 0, "num_statements": 0, "percent_covered": 100.0, "percent_covered_display": "100.00", "missing_lines": 0, "excluded_lines": 0, "num_branches": 0, "num_partial_branches": 0, "covered_branches": 0, "missing_branches": 0}, "missing_lines": [], "excluded_lines": [], "executed_branches": [], "missing_branches": []}, "NotificationConfig": {"executed_lines": [], "summary": {"covered_lines": 0, "num_statements": 0, "percent_covered": 100.0, "percent_covered_display": "100.00", "missing_lines": 0, "excluded_lines": 0, "num_branches": 0, "num_partial_branches": 0, "covered_branches": 0, "missing_branches": 0}, "missing_lines": [], "excluded_lines": [], "executed_branches": [], "missing_branches": []}, "HardwareConfig": {"executed_lines": [], "summary": {"covered_lines": 0, "num_statements": 0, "percent_covered": 100.0, "percent_covered_display": "100.00", "missing_lines": 0, "excluded_lines": 0, "num_branches": 0, "num_partial_branches": 0, "covered_branches": 0, "missing_branches": 0}, "missing_lines": [], "excluded_lines": [], "executed_branches": [], "missing_branches": []}, "MonitoringConfig": {"executed_lines": [], "summary": {"covered_lines": 0, "num_statements": 0, "percent_covered": 100.0, "percent_covered_display": "100.00", "missing_lines": 0, "excluded_lines": 0, "num_branches": 0, "num_partial_branches": 0, "covered_branches": 0, "missing_branches": 0}, "missing_lines": [], "excluded_lines": [], "executed_branches": [], "missing_branches": []}, "PipelineConfig": {"executed_lines": [], "summary": {"covered_lines": 0, "num_statements": 94, "percent_covered": 0.0, "percent_covered_display": "0.00", "missing_lines": 94, "excluded_lines": 0, "num_branches": 50, "num_partial_branches": 0, "covered_branches": 0, "missing_branches": 50}, "missing_lines": [300, 303, 306, 307, 310, 313, 317, 318, 319, 320, 321, 322, 323, 324, 325, 330, 332, 333, 336, 337, 340, 341, 344, 347, 349, 350, 353, 354, 357, 360, 362, 363, 364, 365, 366, 370, 371, 372, 373, 374, 375, 380, 381, 384, 385, 388, 389, 390, 391, 392, 395, 396, 397, 398, 401, 402, 403, 408, 409, 410, 411, 414, 415, 416, 417, 420, 421, 422, 423, 427, 441, 444, 445, 446, 447, 448, 449, 451, 456, 457, 458, 459, 460, 461, 463, 464, 467, 468, 469, 470, 471, 472, 476, 477], "excluded_lines": [], "executed_branches": [], "missing_branches": [[306, 307], [306, 310], [330, 332], [330, 347], [347, 349], [347, 360], [360, -327], [360, 362], [370, -368], [370, 371], [371, 370], [371, 372], [373, 370], [373, 374], [374, 373], [374, 375], [380, 381], [380, 384], [384, 385], [384, 388], [388, 389], [388, 395], [395, 396], [395, 401], [401, -377], [401, 402], [408, 409], [408, 410], [410, 411], [410, 414], [414, 415], [414, 416], [416, 417], [416, 420], [444, 445], [444, 446], [446, 447], [446, 448], [448, 449], [448, 451], [456, 457], [456, 459], [459, 460], [459, 463], [467, 468], [467, 470], [470, 471], [470, 476], [476, -453], [476, 477]]}, "": {"executed_lines": [], "summary": {"covered_lines": 0, "num_statements": 207, "percent_covered": 0.0, "percent_covered_display": "0.00", "missing_lines": 207, "excluded_lines": 0, "num_branches": 6, "num_partial_branches": 0, "covered_branches": 0, "missing_branches": 6}, "missing_lines": [9, 10, 11, 12, 13, 16, 17, 19, 22, 23, 25, 26, 27, 28, 29, 30, 31, 32, 33, 36, 37, 38, 41, 42, 45, 46, 48, 49, 50, 51, 52, 53, 56, 57, 58, 61, 62, 63, 64, 65, 66, 67, 68, 69, 70, 71, 72, 73, 74, 75, 76, 77, 78, 81, 82, 84, 85, 86, 87, 88, 91, 92, 93, 94, 95, 96, 99, 100, 101, 102, 105, 106, 109, 110, 113, 114, 116, 117, 118, 119, 122, 123, 124, 125, 126, 127, 128, 131, 132, 133, 134, 135, 136, 139, 146, 147, 150, 151, 152, 153, 156, 157, 160, 161, 163, 164, 165, 166, 167, 170, 171, 172, 175, 176, 179, 180, 183, 184, 186, 187, 188, 191, 192, 193, 196, 197, 198, 199, 202, 203, 206, 207, 208, 209, 212, 213, 216, 217, 218, 221, 222, 225, 226, 229, 236, 244, 250, 257, 258, 261, 262, 263, 266, 267, 268, 271, 272, 275, 276, 278, 279, 280, 283, 284, 285, 288, 289, 290, 291, 294, 297, 315, 327, 368, 377, 405, 425, 439, 453, 480, 482, 483, 485, 486, 487, 489, 490, 491, 492, 493, 494, 496, 498, 501, 503, 506, 507, 508, 509, 511, 514, 516, 519, 520, 521, 522, 524], "excluded_lines": [], "executed_branches": [], "missing_branches": [[486, 487], [486, 489], [490, 491], [490, 492], [492, 493], [492, 496]]}}}, "config/platform_configs.py": {"executed_lines": [2, 9, 10, 12, 15, 16, 19, 110, 111, 121, 122, 123, 125, 126, 136, 141, 142, 143, 144, 145, 147, 148, 149, 150, 154, 157, 158, 159, 162, 163, 164, 166, 168, 169, 179, 181, 183, 184, 185, 186, 187, 188, 189, 191, 192, 193, 194, 195, 196, 197, 199, 200, 201, 202, 203, 204, 207, 208, 209, 210, 211, 212, 214, 216, 217, 227, 228, 229, 232, 235, 238, 239, 240, 241, 244, 245, 246, 249, 250, 251, 252, 253, 258, 260, 261, 271, 280, 281, 282, 283, 286, 290, 291, 292, 294, 296, 297, 307, 370, 374, 377, 389, 390, 393, 394, 395, 397, 400, 411, 412], "summary": {"covered_lines": 108, "num_statements": 116, "percent_covered": 90.0, "percent_covered_display": "90.00", "missing_lines": 8, "excluded_lines": 0, "num_branches": 44, "num_partial_branches": 6, "covered_branches": 36, "missing_branches": 8}, "missing_lines": [137
[...]
2, 534], [536, 537], [536, 538], [547, 548], [547, 549], [551, 552], [551, 553], [562, 563], [562, 565], [568, 569], [568, 571], [573, 574], [573, 577], [587, 588], [587, 595], [599, 601], [599, 608], [608, 610], [608, 618], [611, 612], [611, 615], [632, 633], [632, 634], [636, 637], [636, 638], [657, 658], [657, 660], [675, 676], [675, 678], [693, 694], [693, 696], [708, 709], [708, 711]], "functions": {"WebInterface.__init__": {"executed_lines": [], "summary": {"covered_lines": 0, "num_statements": 12, "percent_covered": 0.0, "percent_covered_display": "0.00", "missing_lines": 12, "excluded_lines": 0, "num_branches": 2, "num_partial_branches": 0, "covered_branches": 0, "missing_branches": 2}, "missing_lines": [28, 31, 33, 34, 37, 40, 41, 42, 44, 45, 47, 49], "excluded_lines": [], "executed_branches": [], "missing_branches": [[44, 45], [44, 47]]}, "WebInterface._init_streaming_components": {"executed_lines": [], "summary": {"covered_lines": 0, "num_statements": 12, "percent_covered": 0.0, "percent_covered_display": "0.00", "missing_lines": 12, "excluded_lines": 0, "num_branches": 4, "num_partial_branches": 0, "covered_branches": 0, "missing_branches": 4}, "missing_lines": [53, 54, 55, 56, 59, 60, 63, 66, 67, 69, 70, 71], "excluded_lines": [], "executed_branches": [], "missing_branches": [[59, 60], [59, 63], [66, 67], [66, 69]]}, "WebInterface._init_routes": {"executed_lines": [], "summary": {"covered_lines": 0, "num_statements": 46, "percent_covered": 0.0, "percent_covered_display": "0.00", "missing_lines": 46, "excluded_lines": 0, "num_branches": 0, "num_partial_branches": 0, "covered_branches": 0, "missing_branches": 0}, "missing_lines": [77, 78, 82, 83, 115, 116, 141, 142, 184, 185, 230, 231, 259, 260, 291, 292, 321, 322, 350, 359, 365, 366, 399, 400, 444, 445, 486, 487, 506, 507, 528, 529, 544, 545, 558, 559, 629, 630, 643, 644, 654, 655, 672, 673, 690, 691], "excluded_lines": [], "executed_branches": [], "missing_branches": []}, "WebInterface._init_routes.index": {"executed_lines": [], "summary": {"covered_lines": 0, "num_statements": 1, "percent_covered": 0.0, "percent_covered_display": "0.00", "missing_lines": 1, "excluded_lines": 0, "num_branches": 0, "num_partial_branches": 0, "covered_branches": 0, "missing_branches": 0}, "missing_lines": [80], "excluded_lines": [], "executed_branches": [], "missing_branches": []}, "WebInterface._init_routes.get_status": {"executed_lines": [], "summary": {"covered_lines": 0, "num_statements": 10, "percent_covered": 0.0, "percent_covered_display": "0.00", "missing_lines": 10, "excluded_lines": 0, "num_branches": 2, "num_partial_branches": 0, "covered_branches": 0, "missing_branches": 2}, "missing_lines": [85, 86, 87, 93, 94, 95, 97, 108, 109, 110], "excluded_lines": [], "executed_branches": [], "missing_branches": [[86, 87], [86, 93]]}, "WebInterface._init_routes.trigger_doorbell": {"executed_lines": [], "summary": {"covered_lines": 0, "num_statements": 8, "percent_covered": 0.0, "percent_covered_display": "0.00", "missing_lines": 8, "excluded_lines": 0, "num_branches": 2, "num_partial_branches": 0, "covered_branches": 0, "missing_branches": 2}, "missing_lines": [118, 119, 120, 126, 128, 134, 135, 136], "excluded_lines": [], "executed_branches": [], "missing_branches": [[119, 120], [119, 126]]}, "WebInterface._init_routes.capture_photo": {"executed_lines": [], "summary": {"covered_lines": 0, "num_statements": 16, "percent_covered": 0.0, "percent_covered_display": "0.00", "missing_lines": 16, "excluded_lines": 0, "num_branches": 4, "num_partial_branches": 0, "covered_branches": 0, "missing_branches": 4}, "missing_lines": [144, 145, 146, 152, 153, 154, 160, 161, 162, 164, 167, 168, 170, 177, 178, 179], "excluded_lines": [], "executed_branches": [], "missing_branches": [[145, 146], [145, 152], [153, 154], [153, 160]]}, "WebInterface._init_routes.test_face_recognition": {"executed_lines": [], "summary": {"covered_lines": 0, "num_statements": 15, "percent_covered": 0.0, "percent_covered_display": "0.00", "missing_lines": 15, "excluded_lines": 0, "num_branches": 6, "num_partial_branches": 0, "covered_branches": 0, "missing_branches": 6}, "missing_lines": [187, 188, 189, 195, 196, 197, 203, 204, 206, 207, 208, 216, 223, 224, 225], "excluded_lines": [], "executed_branches": [], "missing_branches": [[188, 189], [188, 195], [196, 197], [196, 203], [206, 207], [206, 216]]}, "WebInterface._init_routes.set_led": {"executed_lines": [], "summary": {"covered_lines": 0, "num_statements": 11, "percent_covered": 0.0, "percent_covered_display": "0.00", "missing_lines": 11, "excluded_lines": 0, "num_branches": 2, "num_partial_branches": 0, "covered_branches": 0, "missing_branches": 2}, "missing_lines": [233, 234, 235, 236, 238, 239, 244, 246, 252, 253, 254], "excluded_lines": [], "executed_branches": [], "missing_branches": [[238, 239], [238, 244]]}, "WebInterface._init_routes.test_notification": {"executed_lines": [], "summary": {"covered_lines": 0, "num_statements": 11, "percent_covered": 0.0, "percent_covered_display": "0.00", "missing_lines": 11, "excluded_lines": 0, "num_branches": 2, "num_partial_branches": 0, "covered_branches": 0, "missing_branches": 2}, "missing_lines": [262, 263, 264, 265, 267, 268, 273, 278, 284, 285, 286], "excluded_lines": [], "executed_branches": [], "missing_branches": [[267, 268], [267, 273]]}, "WebInterface._init_routes.get_recent_events": {"executed_lines": [], "summary": {"covered_lines": 0, "num_statements": 16, "percent_covered": 0.0, "percent_covered_display": "0.00", "missing_lines": 16, "excluded_lines": 0, "num_branches": 4, "num_partial_branches": 0, "covered_branches": 0, "missing_branches": 4}, "missing_lines": [294, 295, 296, 298, 299, 300, 302, 303, 304, 305, 306, 307, 309, 314, 315, 316], "excluded_lines": [], "executed_branches": [], "missing_branches": [[298, 299], [298, 309], [302, 303], [302, 309]]}, "WebInterface._init_routes.get_logs": {"executed_lines": [], "summary": {"covered_lines": 0, "num_statements": 11, "percent_covered": 0.0, "percent_covered_display": "0.00", "missing_lines": 11, "excluded_lines": 0, "num_branches": 2, "num_partial_branches": 0, "covered_branches": 0, "missing_branches": 2}, "missing_lines": [324, 325, 326, 328, 329, 330, 332, 334, 339, 340, 341], "excluded_lines": [], "executed_branches": [], "missing_branches": [[328, 329], [328, 334]]}, "WebInterface._init_routes._sanitize_person_name": {"executed_lines": [], "summary": {"covered_lines": 0, "num_statements": 6, "percent_covered": 0.0, "percent_covered_display": "0.00", "missing_lines": 6, "excluded_lines": 0, "num_branches": 2, "num_partial_branches": 0, "covered_branches": 0, "missing_branches": 2}, "missing_lines": [352, 353, 354, 355, 356, 357], "excluded_lines": [], "executed_branches": [], "missing_branches": [[352, 353], [352, 354]]}, "WebInterface._init_routes._slugify_name": {"executed_lines": [], "summary": {"covered_lines": 0, "num_statements": 4, "percent_covered": 0.0, "percent_covered_display": "0.00", "missing_lines": 4, "excluded_lines": 0, "num_branches": 0, "num_partial_branches": 0, "covered_branches": 0, "missing_branches": 0}, "missing_lines": [360, 361, 362, 363], "excluded_lines": [], "executed_branches": [], "missing_branches": []}, "WebInterface._init_routes.list_known_faces": {"executed_lines": [], "summary": {"covered_lines": 0, "num_statements": 22, "percent_covered": 0.0, "percent_covered_display": "0.00", "missing_lines": 22, "excluded_lines": 0, "num_branches": 4, "num_partial_branches": 0, "covered_branches": 0, "missing_branches": 4}, "missing_lines": [367, 368, 369, 371, 372, 373, 376, 377, 378, 379, 380, 381, 383, 384, 385, 386, 387, 388, 390, 395, 396, 397], "excluded_lines": [], "executed_branches": [], "missing_branches": [[368, 369], [368, 371], [383, 384], [383, 390]]}, "WebInterface._init_routes.upload_known_face": {"executed_lines": [], "summary": {"covered_lines": 0, "num_statements": 32, "percent_covered": 0.0, "percent_covered_display": "0.00", "missing_lines": 32, "excluded_lines": 0, "num_branches": 10, "num_partial_branches": 0, "covered_branches": 0, "missing_branches": 10}, "missing_lines": [401, 402, 403, 405, 406, 407, 408, 409, 410, 412, 413, 415, 416, 417, 418, 421, 422, 423, 424, 425, 428, 429, 431, 432, 433, 434, 435, 436, 438, 440, 441, 442], "excluded_lines": [], "executed_branches": [], "missing_branches": [[402, 403], [402, 405], [407, 408], [407, 409], [409, 410], [409, 412], [429, 431], [429, 438], [432, 433], [432, 436]]}, "WebInterface._init_routes.add_known_from_camera": {"executed_lines": [], "summary": {"covered_lines": 0, "num_statements": 29, "percent_covered": 0.0, "percent_covered_display": "0.00", "missing_lines": 29, "excluded_lines": 0, "num_branches": 10, "num_partial_branches": 0, "covered_branches": 0, "missing_branches": 10}, "missing_lines": [446, 447, 448, 450, 451, 452, 453, 456, 457, 458, 460, 461, 462, 463, 464, 465, 468, 471, 472, 473, 474, 475, 476, 477, 478, 480, 482, 483, 484], "excluded_lines": [], "executed_branches": [], "missing_branches": [[447, 448], [447, 450], [452, 453], [452, 456], [457, 458], [457, 460], [472, 473], [472, 480], [474, 475], [474, 478]]}, "WebInterface._init_routes.delete_known_face": {"executed_lines": [], "summary": {"covered_lines": 0, "num_statements": 13, "percent_covered": 0.0, "percent_covered_display": "0.00", "missing_lines": 13, "excluded_lines": 0, "num_branches": 6, "num_partial_branches": 0, "covered_branches": 0, "missing_branches": 6}, "missing_lines": [488, 489, 490, 492, 493, 494, 496, 497, 498, 500, 502, 503, 504], "excluded_lines": [], "executed_branches": [], "missing_branches": [[489, 490], [489, 492], [493, 494], [493, 496], [497, 498], [497, 500]]}, "WebInterface._init_routes.list_face_candidates": {"executed_lines": [], "summary": {"covered_lines": 0, "num_statements": 13, "percent_covered": 0.0, "percent_covered_display": "0.00", "missing_lines": 13, "excluded_lines": 0, "num_branches": 6, "num_partial_branches": 0, "covered_branches": 0, "missing_branches": 6}, "missing_lines": [509, 510, 511, 513, 514, 515, 516, 517, 518, 523, 524, 525, 526], "excluded_lines": [], "executed_branches": [], "missing_branches": [[510, 511], [510, 513], [516, 517], [516, 523], [517, 518], [517, 523]]}, "WebInterface._init_routes.delete_face_candidate": {"executed_lines": [], "summary": {"covered_lines": 0, "num_statements": 12, "percent_covered": 0.0, "percent_covered_display": "0.00", "missing_lines": 12, "excluded_lines": 0, "num_branches": 4, "num_partial_branches": 0, "covered_branches": 0, "missing_branches": 4}, "missing_lines": [531, 532, 533, 534, 535, 536, 537, 538, 539, 540, 541, 542], "excluded_lines": [], "executed_branches": [], "missing_branches": [[532, 533], [532, 534], [536, 537], [536, 538]]}, "WebInterface._init_routes.get_cropped_face": {"executed_lines": [], "summary": {"covered_lines": 0, "num_statements": 11, "percent_covered": 0.0, "percent_covered_display": "0.00", "missing_lines": 11, "excluded_lines": 0, "num_branches": 4, "num_partial_branches": 0, "covered_branches": 0, "missing_branches": 4}, "missing_lines": [546, 547, 548, 549, 550, 551, 552, 553, 554, 555, 556], "excluded_lines": [], "executed_branches": [], "missing_branches": [[547, 548], [547, 549], [551, 552], [551, 553]]}, "WebInterface._init_routes.label_face_candidate": {"executed_lines": [], "summary": {"covered_lines": 0, "num_statements": 50, "percent_covered": 0.0, "percent_covered_display": "0.00", "missing_lines": 50, "excluded_lines": 0, "num_branches": 14, "num_partial_branches": 0, "covered_branches": 0, "missing_branches": 14}, "missing_lines": [561, 562, 563, 565, 566, 567, 568, 569, 571, 572, 573, 574, 577, 578, 579, 580, 583, 584, 585, 586, 587, 588, 589, 590, 591, 592, 595, 598, 599, 601, 602, 603, 604, 605, 606, 608, 610, 611, 612, 613, 614, 615, 618, 619, 620, 621, 623, 625, 626, 627], "excluded_lines": [], "executed_branches": [], "missing_branches": [[562, 563], [562, 565], [568, 569], [568, 571], [573, 574], [573, 577], [587, 588], [587, 595], [599, 601], [599, 608], [608, 610], [608, 618], [611, 612], [611, 615]]}, "WebInterface._init_routes.get_cropped_image": {"executed_lines": [], "summary": {"covered_lines": 0, "num_statements": 11, "percent_covered": 0.0, "percent_covered_display": "0.00", "missing_lines": 11, "excluded_lines": 0, "num_branches": 4, "num_partial_branches": 0, "covered_branches": 0, "missing_branches": 4}, "missing_lines": [631, 632, 633, 634, 635, 636, 637, 638, 639, 640, 641], "excluded_lines": [], "executed_branches": [], "missing_branches": [[632, 633], [632, 634], [636, 637], [636, 638]]}, "WebInterface._init_routes.get_known_face_image": {"executed_lines": [], "summary": {"covered_lines": 0, "num_statements": 6, "percent_covered": 0.0, "percent_covered_display": "0.00", "missing_lines": 6, "excluded_lines": 0, "num_branches": 0, "num_partial_branches": 0, "covered_branches": 0, "missing_branches": 0}, "missing_lines": [646, 647, 648, 649, 650, 651], "excluded_lines": [], "executed_branches": [], "missing_branches": []}, "WebInterface._init_routes.stream_events": {"executed_lines": [], "summary": {"covered_lines": 0, "num_statements": 4, "percent_covered": 0.0, "percent_covered_display": "0.00", "missing_lines": 4, "excluded_lines": 0, "num_branches": 2, "num_partial_branches": 0, "covered_branches": 0, "missing_branches": 2}, "missing_lines": [657, 658, 660, 662], "excluded_lines": [], "executed_branches": [], "missing_branches": [[657, 658], [657, 660]]}, "WebInterface._init_routes.stream_system_status": {"executed_lines": [], "summary": {"covered_lines": 0, "num_statements": 4, "percent_covered": 0.0, "percent_covered_display": "0.00", "missing_lines": 4, "excluded_lines": 0, "num_branches": 2, "num_partial_branches": 0, "covered_branches": 0, "missing_branches": 2}, "missing_lines": [675, 676, 678, 680], "excluded_lines": [], "executed_branches": [], "missing_branches": [[675, 676], [675, 678]]}, "WebInterface._init_routes.stream_video": {"executed_lines": [], "summary": {"covered_lines": 0, "num_statements": 4, "percent_covered": 0.0, "percent_covered_display": "0.00", "missing_lines": 4, "excluded_lines": 0, "num_branches": 2, "num_partial_branches": 0, "covered_branches": 0, "missing_branches": 2}, "missing_lines": [693, 694, 696, 698], "excluded_lines": [], "executed_branches": [], "missing_branches": [[693, 694], [693, 696]]}, "WebInterface.run": {"executed_lines": [], "summary": {"covered_lines": 0, "num_statements": 8, "percent_covered": 0.0, "percent_covered_display": "0.00", "missing_lines": 8, "excluded_lines": 0, "num_branches": 2, "num_partial_branches": 0, "covered_branches": 0, "missing_branches": 2}, "missing_lines": [705, 706, 708, 709, 711, 712, 713, 714], "excluded_lines": [], "executed_branches": [], "missing_branches": [[708, 709], [708, 711]]}, "create_web_app": {"executed_lines": [], "summary": {"covered_lines": 0, "num_statements": 2, "percent_covered": 0.0, "percent_covered_display": "0.00", "missing_lines": 2, "excluded_lines": 0, "num_branches": 0, "num_partial_branches": 0, "covered_branches": 0, "missing_branches": 0}, "missing_lines": [719, 720], "excluded_lines": [], "executed_branches": [], "missing_branches": []}, "": {"executed_lines": [], "summary": {"covered_lines": 0, "num_statements": 22, "percent_covered": 0.0, "percent_covered_display": "0.00", "missing_lines": 22, "excluded_lines": 0, "num_branches": 0, "num_partial_branches": 0, "covered_branches": 0, "missing_branches": 0}, "missing_lines": [5, 6, 7, 8, 9, 10, 11, 12, 13, 14, 15, 16, 17, 18, 19, 21, 24, 27, 51, 73, 703, 717], "excluded_lines": [], "executed_branches": [], "missing_branches": []}}, "classes": {"WebInterface": {"executed_lines": [], "summary": {"covered_lines": 0, "num_statements": 398, "percent_covered": 0.0, "percent_covered_display": "0.00", "missing_lines": 398, "excluded_lines": 0, "num_branches": 102, "num_partial_branches": 0, "covered_branches": 0, "missing_branches": 102}, "missing_lines": [28, 31, 33, 34, 37, 40, 41, 42, 44, 45, 47, 49, 53, 54, 55, 56, 59, 60, 63, 66, 67, 69, 70, 71, 77, 78, 80, 82, 83, 85, 86, 87, 93, 94, 95, 97, 108, 109, 110, 115, 116, 118, 119, 120, 126, 128, 134, 135, 136, 141, 142, 144, 145, 146, 152, 153, 154, 160, 161, 162, 164, 167, 168, 170, 177, 178, 179, 184, 185, 187, 188, 189, 195, 196, 197, 203, 204, 206, 207, 208, 216, 223, 224, 225, 230, 231, 233, 234, 235, 236, 238, 239, 244, 246, 252, 253, 254, 259, 260, 262, 263, 264, 265, 267, 268, 273, 278, 284, 285, 286, 291, 292, 294, 295, 296, 298, 299, 300, 302, 303, 304, 305, 306, 307, 309, 314, 315, 316, 321, 322, 324, 325, 326, 328, 329, 330, 332, 334, 339, 340, 341, 350, 352, 353, 354, 355, 356, 357, 359, 360, 361, 362, 363, 365, 366, 367, 368, 369, 371, 372, 373, 376, 377, 378, 379, 380, 381, 383, 384, 385, 386, 387, 388, 390, 395, 396, 397, 399, 400, 401, 402, 403, 405, 406, 407, 408, 409, 410, 412, 413, 415, 416, 417, 418, 421, 422, 423, 424, 425, 428, 429, 431, 432, 433, 434, 435, 436, 438, 440, 441, 442, 444, 445, 446, 447, 448, 450, 451, 452, 453, 456, 457, 458, 460, 461, 462, 463, 464, 465, 468, 471, 472, 473, 474, 475, 476, 477, 478, 480, 482, 483, 484, 486, 487, 488, 489, 490, 492, 493, 494, 496, 497, 498, 500, 502, 503, 504, 506, 507, 509, 510, 511, 513, 514, 515, 516, 517, 518, 523, 524, 525, 526, 528, 529, 531, 532, 533, 534, 535, 536, 537, 538, 539, 540, 541, 542, 544, 545, 546, 547, 548, 549, 550, 551, 552, 553, 554, 555, 556, 558, 559, 561, 562, 563, 565, 566, 567, 568, 569, 571, 572, 573, 574, 577, 578, 579, 580, 583, 584, 585, 586, 587, 588, 589, 590, 591, 592, 595, 598, 599, 601, 602, 603, 604, 605, 606, 608, 610, 611, 612, 613, 614, 615, 618, 619, 620, 621, 623, 625, 626, 627, 629, 630, 631, 632, 633, 634, 635, 636, 637, 638, 639, 640, 641, 643, 644, 646, 647, 648, 649, 650, 651, 654, 655, 657, 658, 660, 662, 672, 673, 675, 676, 678, 680, 690, 691, 693, 694, 696, 698, 705, 706, 708, 709, 711, 712, 713, 714], "excluded_lines": [], "executed_branches": [], "missing_branches": [[44, 45], [44, 47], [59, 60], [59, 63], [66, 67], [66, 69], [86, 87], [86, 93], [119, 120], [119, 126], [145, 146], [145, 152], [153, 154], [153, 160], [188, 189], [188, 195], [196, 197], [196, 203], [206, 207], [206, 216], [238, 239], [238, 244], [267, 268], [267, 273], [298, 299], [298, 309], [302, 303], [302, 309], [328, 329], [328, 334], [352, 353], [352, 354], [368, 369], [368, 371], [383, 384], [383, 390], [402, 403], [402, 405], [407, 408], [407, 409], [409, 410], [409, 412], [429, 431], [429, 438], [432, 433], [432, 436], [447, 448], [447, 450], [452, 453], [452, 456], [457, 458], [457, 460], [472, 473], [472, 480], [474, 475], [474, 478], [489, 490], [489, 492], [493, 494], [493, 496], [497, 498], [497, 500], [510, 511], [510, 513], [516, 517], [516, 523], [517, 518], [517, 523], [532, 533], [532, 534], [536, 537], [536, 538], [547, 548], [547, 549], [551, 552], [551, 553], [562, 563], [562, 565], [568, 569], [568, 571], [573, 574], [573, 577], [587, 588], [587, 595], [599, 601], [599, 608], [608, 610], [608, 618], [611, 612], [611, 615], [632, 633], [632, 634], [636, 637], [636, 638], [657, 658], [657, 660], [675, 676], [675, 678], [693, 694], [693, 696], [708, 709], [708, 711]]}, "": {"executed_lines": [], "summary": {"covered_lines": 0, "num_statements": 24, "percent_covered": 0.0, "percent_covered_display": "0.00", "missing_lines": 24, "excluded_lines": 0, "num_branches": 0, "num_partial_branches": 0, "covered_branches": 0, "missing_branches": 0}, "missing_lines": [5, 6, 7, 8, 9, 10, 11, 12, 13, 14, 15, 16, 17, 18, 19, 21, 24, 27, 51, 73, 703, 717, 719, 720], "excluded_lines": [], "executed_branches": [], "missing_branches": []}}}}, "totals": {"covered_lines": 206, "num_statements": 13506, "percent_covered": 1.7029726802262606, "percent_covered_display": "1.70", "missing_lines": 13300, "excluded_lines": 273, "num_branches": 3112, "num_partial_branches": 15, "covered_branches": 77, "missing_branches": 3035}}